<?xml version="1.0" encoding="UTF-8"?>
<testsuites name="Mutliple_PlansExecution" time="132" tests="4" failures="1" errors="0">
   <testsuite name="Mutliple_PlansExecution" tests="4" failures="1" errors="0" time="132" timestamp="2018-12-04 11:11:36" hostname="rkulkarn - 41XHMV1-E6330.callidussoftware.com" id="Test Suites/Mutliple_PlansExecution">
      <properties>
         <property name="deviceName" value=""/>
         <property name="devicePlatform" value=""/>
         <property name="logFolder" value="C:\\Users\\rkulkarn\\git\\Dashboard\\Reports\\Mutliple_PlansExecution\\20181204_111133"/>
         <property name="logFiles" value="C:\\Users\\rkulkarn\\git\\Dashboard\\Reports\\Mutliple_PlansExecution\\20181204_111133\\execution0.log"/>
         <property name="attachments" value="C:\\Users\\rkulkarn\\git\\Dashboard\\Reports\\Mutliple_PlansExecution\\20181204_111133\\1543902228207.png"/>
         <property name="hostName" value="rkulkarn - 41XHMV1-E6330.callidussoftware.com"/>
         <property name="os" value="Windows 10 64bit"/>
         <property name="katalonVersion" value="5.7.0.1"/>
         <property name="browser" value="Chrome 70.0.3538.110"/>
         <property name="hostAddress" value="192.168.237.143"/>
         <property name="sessionId" value="c73639ef2bc1ea54a1627da2d6e2e8b8"/>
         <property name="seleniumVersion" value="3.7.1"/>
         <property name="proxyInformation" value="ProxyInformation{proxyOption=NO_PROXY, proxyServerType=HTTP, password=, proxyServerAddress=, proxyServerPort=0}"/>
         <property name="platform" value="Windows 10"/>
      </properties>
      <testcase name="Test Cases/Dashboard_Lenovo/Dashboard_login" classname="Test Cases/Dashboard_Lenovo/Dashboard_login" status="PASSED">
         <system-out><![CDATA[2018-12-04 11:11:37 - [TEST_CASE][PASSED] - Test Cases/Dashboard_Lenovo/Dashboard_login: Test Cases/Dashboard_Lenovo/Dashboard_login

2018-12-04 11:11:38 - [TEST_STEP][PASSED] - openBrowser: Browser is opened with url: ''

2018-12-04 11:11:42 - [MESSAGE][PASSED] - Browser is opened with url: ''

2018-12-04 11:11:42 - [TEST_STEP][PASSED] - navigateToUrl: Navigate to 'https://lnvo-muat.callidusondemand.com/SalesPortal/#!/' successfully

2018-12-04 11:11:48 - [MESSAGE][PASSED] - Navigate to 'https://lnvo-muat.callidusondemand.com/SalesPortal/#!/' successfully

2018-12-04 11:11:48 - [TEST_STEP][PASSED] - maximizeWindow: Current window maximized

2018-12-04 11:11:49 - [MESSAGE][PASSED] - Current window maximized

2018-12-04 11:11:49 - [TEST_STEP][PASSED] - delay: Delayed 3 second(s)

2018-12-04 11:11:52 - [MESSAGE][PASSED] - Delayed 3 second(s)

2018-12-04 11:11:52 - [TEST_STEP][PASSED] - setText: Text 'sapattna' is set on object 'Object Repository/Dashboard_login/input_username'

2018-12-04 11:11:52 - [MESSAGE][PASSED] - Text 'sapattna' is set on object 'Object Repository/Dashboard_login/input_username'

2018-12-04 11:11:52 - [TEST_STEP][PASSED] - delay: Delayed 3 second(s)

2018-12-04 11:11:55 - [MESSAGE][PASSED] - Delayed 3 second(s)

2018-12-04 11:11:55 - [TEST_STEP][PASSED] - setText: Text 'Callidus123' is set on object 'Object Repository/Dashboard_login/input_password'

2018-12-04 11:11:56 - [MESSAGE][PASSED] - Text 'Callidus123' is set on object 'Object Repository/Dashboard_login/input_password'

2018-12-04 11:11:56 - [TEST_STEP][PASSED] - click: Object: 'Object Repository/Dashboard_login/button_Login' is clicked on

2018-12-04 11:11:56 - [MESSAGE][PASSED] - Object: 'Object Repository/Dashboard_login/button_Login' is clicked on]]></system-out>
         <system-err><![CDATA[]]></system-err>
      </testcase>
      <testcase name="Test Cases/Dashboard_Lenovo/Dashboard_Planfloder/Dashboard_Plans" classname="Test Cases/Dashboard_Lenovo/Dashboard_Planfloder/Dashboard_Plans" status="PASSED">
         <system-out><![CDATA[2018-12-04 11:11:56 - [TEST_CASE][PASSED] - Test Cases/Dashboard_Lenovo/Dashboard_Planfloder/Dashboard_Plans: Test Cases/Dashboard_Lenovo/Dashboard_Planfloder/Dashboard_Plans

2018-12-04 11:11:57 - [TEST_STEP][PASSED] - Statement - java.lang.Thread.sleep(3000): null

2018-12-04 11:12:00 - [TEST_STEP][PASSED] - click: Object: 'Object Repository/Dashboard_Plan/a_Dashboards' is clicked on

2018-12-04 11:12:01 - [MESSAGE][PASSED] - Object: 'Object Repository/Dashboard_Plan/a_Dashboards' is clicked on

2018-12-04 11:12:01 - [TEST_STEP][PASSED] - delay: Delayed 1 second(s)

2018-12-04 11:12:02 - [MESSAGE][PASSED] - Delayed 1 second(s)

2018-12-04 11:12:02 - [TEST_STEP][PASSED] - click: Object: 'Object Repository/Dashboard_Plan/input_Search_form-control ng-p' is clicked on

2018-12-04 11:12:02 - [MESSAGE][PASSED] - Object: 'Object Repository/Dashboard_Plan/input_Search_form-control ng-p' is clicked on

2018-12-04 11:12:02 - [TEST_STEP][PASSED] - setText: Text 'AP Guarantee plan-1 Element' is set on object 'Object Repository/Dashboard_Plan/input_Search_form-control ng-p'

2018-12-04 11:12:03 - [MESSAGE][PASSED] - Text 'AP Guarantee plan-1 Element' is set on object 'Object Repository/Dashboard_Plan/input_Search_form-control ng-p'

2018-12-04 11:12:03 - [TEST_STEP][PASSED] - globalkeywords.record.RecordNotFound: globalkeywords.record.RecordNotFound is PASSED

2018-12-04 11:12:14 - [MESSAGE][WARNING] - Object 'Object Repository/No_Results_Found/span_No results found.' is not present after 10 second(s)

2018-12-04 11:12:14 - [MESSAGE][PASSED] - globalkeywords.record.RecordNotFound is PASSED

2018-12-04 11:12:14 - [TEST_STEP][PASSED] - Statement - myobj = new com.kms.katalon.core.testobject.TestObject(Dynamic Boject): null

2018-12-04 11:12:14 - [TEST_STEP][PASSED] - Statement - plansearch = Plans: null

2018-12-04 11:12:14 - [TEST_STEP][PASSED] - Statement - xpath = "//span[normalize-space(text())="" + plansearch + ""]": null

2018-12-04 11:12:14 - [TEST_STEP][PASSED] - Statement - myobj.addProperty("xpath", EQUALS, xpath): null

2018-12-04 11:12:14 - [TEST_STEP][PASSED] - Statement - java.lang.Thread.sleep(2000): null

2018-12-04 11:12:16 - [TEST_STEP][PASSED] - click: Object: 'Dynamic Boject' is clicked on

2018-12-04 11:12:16 - [MESSAGE][PASSED] - Object: 'Dynamic Boject' is clicked on]]></system-out>
         <system-err><![CDATA[]]></system-err>
      </testcase>
      <testcase name="Test Cases/Dashboard_Lenovo/Dashboard_Planfloder/Dashboard_Plans" classname="Test Cases/Dashboard_Lenovo/Dashboard_Planfloder/Dashboard_Plans" status="PASSED">
         <system-out><![CDATA[2018-12-04 11:12:16 - [TEST_CASE][PASSED] - Test Cases/Dashboard_Lenovo/Dashboard_Planfloder/Dashboard_Plans: Test Cases/Dashboard_Lenovo/Dashboard_Planfloder/Dashboard_Plans

2018-12-04 11:12:16 - [TEST_STEP][PASSED] - Statement - java.lang.Thread.sleep(3000): null

2018-12-04 11:12:19 - [TEST_STEP][PASSED] - click: Object: 'Object Repository/Dashboard_Plan/a_Dashboards' is clicked on

2018-12-04 11:12:20 - [MESSAGE][PASSED] - Object: 'Object Repository/Dashboard_Plan/a_Dashboards' is clicked on

2018-12-04 11:12:20 - [TEST_STEP][PASSED] - delay: Delayed 1 second(s)

2018-12-04 11:12:21 - [MESSAGE][PASSED] - Delayed 1 second(s)

2018-12-04 11:12:21 - [TEST_STEP][PASSED] - click: Object: 'Object Repository/Dashboard_Plan/input_Search_form-control ng-p' is clicked on

2018-12-04 11:12:21 - [MESSAGE][PASSED] - Object: 'Object Repository/Dashboard_Plan/input_Search_form-control ng-p' is clicked on

2018-12-04 11:12:21 - [TEST_STEP][PASSED] - setText: Text 'Quarterly Leverage Plan-3 Elements-CPS' is set on object 'Object Repository/Dashboard_Plan/input_Search_form-control ng-p'

2018-12-04 11:12:21 - [MESSAGE][PASSED] - Text 'Quarterly Leverage Plan-3 Elements-CPS' is set on object 'Object Repository/Dashboard_Plan/input_Search_form-control ng-p'

2018-12-04 11:12:21 - [TEST_STEP][PASSED] - globalkeywords.record.RecordNotFound: globalkeywords.record.RecordNotFound is PASSED

2018-12-04 11:12:34 - [MESSAGE][WARNING] - Object 'Object Repository/No_Results_Found/span_No results found.' is not present after 10 second(s)

2018-12-04 11:12:34 - [MESSAGE][PASSED] - globalkeywords.record.RecordNotFound is PASSED

2018-12-04 11:12:34 - [TEST_STEP][PASSED] - Statement - myobj = new com.kms.katalon.core.testobject.TestObject(Dynamic Boject): null

2018-12-04 11:12:34 - [TEST_STEP][PASSED] - Statement - plansearch = Plans: null

2018-12-04 11:12:34 - [TEST_STEP][PASSED] - Statement - xpath = "//span[normalize-space(text())="" + plansearch + ""]": null

2018-12-04 11:12:34 - [TEST_STEP][PASSED] - Statement - myobj.addProperty("xpath", EQUALS, xpath): null

2018-12-04 11:12:34 - [TEST_STEP][PASSED] - Statement - java.lang.Thread.sleep(2000): null

2018-12-04 11:12:36 - [TEST_STEP][PASSED] - click: Object: 'Dynamic Boject' is clicked on

2018-12-04 11:12:36 - [MESSAGE][PASSED] - Object: 'Dynamic Boject' is clicked on]]></system-out>
         <system-err><![CDATA[]]></system-err>
      </testcase>
      <testcase name="Test Cases/Dashboard_Lenovo/Dashboard_Planfloder/Dashboard_Plans" classname="Test Cases/Dashboard_Lenovo/Dashboard_Planfloder/Dashboard_Plans" status="PASSED">
         <system-out><![CDATA[2018-12-04 11:12:36 - [TEST_CASE][PASSED] - Test Cases/Dashboard_Lenovo/Dashboard_Planfloder/Dashboard_Plans: Test Cases/Dashboard_Lenovo/Dashboard_Planfloder/Dashboard_Plans

2018-12-04 11:12:36 - [TEST_STEP][PASSED] - Statement - java.lang.Thread.sleep(3000): null

2018-12-04 11:12:39 - [TEST_STEP][PASSED] - click: Object: 'Object Repository/Dashboard_Plan/a_Dashboards' is clicked on

2018-12-04 11:12:40 - [MESSAGE][PASSED] - Object: 'Object Repository/Dashboard_Plan/a_Dashboards' is clicked on

2018-12-04 11:12:40 - [TEST_STEP][PASSED] - delay: Delayed 1 second(s)

2018-12-04 11:12:41 - [MESSAGE][PASSED] - Delayed 1 second(s)

2018-12-04 11:12:41 - [TEST_STEP][PASSED] - click: Object: 'Object Repository/Dashboard_Plan/input_Search_form-control ng-p' is clicked on

2018-12-04 11:12:41 - [MESSAGE][PASSED] - Object: 'Object Repository/Dashboard_Plan/input_Search_form-control ng-p' is clicked on

2018-12-04 11:12:41 - [TEST_STEP][PASSED] - setText: Text 'Quarterly EMEA Leverage Plan - 2 Elements+2 Gate plus new gate logic' is set on object 'Object Repository/Dashboard_Plan/input_Search_form-control ng-p'

2018-12-04 11:12:41 - [MESSAGE][PASSED] - Text 'Quarterly EMEA Leverage Plan - 2 Elements+2 Gate plus new gate logic' is set on object 'Object Repository/Dashboard_Plan/input_Search_form-control ng-p'

2018-12-04 11:12:41 - [TEST_STEP][PASSED] - globalkeywords.record.RecordNotFound: globalkeywords.record.RecordNotFound is PASSED

2018-12-04 11:12:54 - [MESSAGE][WARNING] - Object 'Object Repository/No_Results_Found/span_No results found.' is not present after 10 second(s)

2018-12-04 11:12:54 - [MESSAGE][PASSED] - globalkeywords.record.RecordNotFound is PASSED

2018-12-04 11:12:54 - [TEST_STEP][PASSED] - Statement - myobj = new com.kms.katalon.core.testobject.TestObject(Dynamic Boject): null

2018-12-04 11:12:54 - [TEST_STEP][PASSED] - Statement - plansearch = Plans: null

2018-12-04 11:12:54 - [TEST_STEP][PASSED] - Statement - xpath = "//span[normalize-space(text())="" + plansearch + ""]": null

2018-12-04 11:12:54 - [TEST_STEP][PASSED] - Statement - myobj.addProperty("xpath", EQUALS, xpath): null

2018-12-04 11:12:54 - [TEST_STEP][PASSED] - Statement - java.lang.Thread.sleep(2000): null

2018-12-04 11:12:56 - [TEST_STEP][PASSED] - click: Object: 'Dynamic Boject' is clicked on

2018-12-04 11:12:56 - [MESSAGE][PASSED] - Object: 'Dynamic Boject' is clicked on]]></system-out>
         <system-err><![CDATA[]]></system-err>
      </testcase>
      <testcase name="Test Cases/Dashboard_Lenovo/Dashboard_Planfloder/Dashboard_Plans" classname="Test Cases/Dashboard_Lenovo/Dashboard_Planfloder/Dashboard_Plans" status="FAILED">
         <failure type="FAILED" message="(Stack trace: com.kms.katalon.core.exception.StepFailedException: Unable to click on object 'Dynamic Boject' (Root cause: com.kms.katalon.core.webui.exception.WebElementNotFoundException: Web element with id: 'Dynamic Boject' located by 'By.xpath: //span[normalize-space(text())=&quot;Quarterly Leverage Plan-2 Elements-CPS 
&quot;]' not found)
	at com.kms.katalon.core.keyword.internal.KeywordMain.stepFailed(KeywordMain.groovy:36)
	at com.kms.katalon.core.webui.keyword.internal.WebUIKeywordMain.stepFailed(WebUIKeywordMain.groovy:65)
	at com.kms.katalon.core.webui.keyword.internal.WebUIKeywordMain.runKeyword(WebUIKeywordMain.groovy:27)
	at com.kms.katalon.core.webui.keyword.builtin.ClickKeyword.click(ClickKeyword.groovy:86)
	at com.kms.katalon.core.webui.keyword.builtin.ClickKeyword.execute(ClickKeyword.groovy:67)
	at com.kms.katalon.core.keyword.internal.KeywordExecutor.executeKeywordForPlatform(KeywordExecutor.groovy:53)
	at com.kms.katalon.core.webui.keyword.WebUiBuiltInKeywords.click(WebUiBuiltInKeywords.groovy:616)
	at com.kms.katalon.core.webui.keyword.WebUiBuiltInKeywords$click$3.call(Unknown Source)
	at Script1542351227584.run(Script1542351227584.groovy:54)
	at com.kms.katalon.core.main.ScriptEngine.run(ScriptEngine.java:183)
	at com.kms.katalon.core.main.ScriptEngine.runScriptAsRawText(ScriptEngine.java:108)
	at com.kms.katalon.core.main.TestCaseExecutor.runScript(TestCaseExecutor.java:294)
	at com.kms.katalon.core.main.TestCaseExecutor.doExecute(TestCaseExecutor.java:285)
	at com.kms.katalon.core.main.TestCaseExecutor.processExecutionPhase(TestCaseExecutor.java:264)
	at com.kms.katalon.core.main.TestCaseExecutor.accessMainPhase(TestCaseExecutor.java:256)
	at com.kms.katalon.core.main.TestCaseExecutor.execute(TestCaseExecutor.java:200)
	at com.kms.katalon.core.main.TestSuiteExecutor.accessTestCaseMainPhase(TestSuiteExecutor.java:129)
	at com.kms.katalon.core.main.TestSuiteExecutor.accessTestSuiteMainPhase(TestSuiteExecutor.java:112)
	at com.kms.katalon.core.main.TestSuiteExecutor.execute(TestSuiteExecutor.java:81)
	at com.kms.katalon.core.main.TestCaseMain.startTestSuite(TestCaseMain.java:142)
	at com.kms.katalon.core.main.TestCaseMain$startTestSuite$0.call(Unknown Source)
	at org.codehaus.groovy.runtime.callsite.CallSiteArray.defaultCall(CallSiteArray.java:48)
	at org.codehaus.groovy.runtime.callsite.AbstractCallSite.call(AbstractCallSite.java:113)
	at org.codehaus.groovy.runtime.callsite.AbstractCallSite.call(AbstractCallSite.java:141)
	at TempTestSuite1543902093345.run(TempTestSuite1543902093345.groovy:36)
	at groovy.lang.GroovyShell.runScriptOrMainOrTestOrRunnable(GroovyShell.java:263)
	at groovy.lang.GroovyShell.run(GroovyShell.java:518)
	at groovy.lang.GroovyShell.run(GroovyShell.java:507)
	at groovy.ui.GroovyMain.processOnce(GroovyMain.java:653)
	at groovy.ui.GroovyMain.run(GroovyMain.java:384)
	at groovy.ui.GroovyMain.process(GroovyMain.java:370)
	at groovy.ui.GroovyMain.processArgs(GroovyMain.java:129)
	at groovy.ui.GroovyMain.main(GroovyMain.java:109)
	at sun.reflect.NativeMethodAccessorImpl.invoke0(Native Method)
	at sun.reflect.NativeMethodAccessorImpl.invoke(NativeMethodAccessorImpl.java:62)
	at sun.reflect.DelegatingMethodAccessorImpl.invoke(DelegatingMethodAccessorImpl.java:43)
	at java.lang.reflect.Method.invoke(Method.java:498)
	at org.codehaus.groovy.tools.GroovyStarter.rootLoader(GroovyStarter.java:109)
	at org.codehaus.groovy.tools.GroovyStarter.main(GroovyStarter.java:131)
)"/>
         <system-out><![CDATA[2018-12-04 11:12:56 - [TEST_CASE][FAILED] - Test Cases/Dashboard_Lenovo/Dashboard_Planfloder/Dashboard_Plans: Test Cases/Dashboard_Lenovo/Dashboard_Planfloder/Dashboard_Plans FAILED because (of) (Stack trace: com.kms.katalon.core.exception.StepFailedException: Unable to click on object 'Dynamic Boject' (Root cause: com.kms.katalon.core.webui.exception.WebElementNotFoundException: Web element with id: 'Dynamic Boject' located by 'By.xpath: //span[normalize-space(text())="Quarterly Leverage Plan-2 Elements-CPS 
"]' not found)
	at com.kms.katalon.core.keyword.internal.KeywordMain.stepFailed(KeywordMain.groovy:36)
	at com.kms.katalon.core.webui.keyword.internal.WebUIKeywordMain.stepFailed(WebUIKeywordMain.groovy:65)
	at com.kms.katalon.core.webui.keyword.internal.WebUIKeywordMain.runKeyword(WebUIKeywordMain.groovy:27)
	at com.kms.katalon.core.webui.keyword.builtin.ClickKeyword.click(ClickKeyword.groovy:86)
	at com.kms.katalon.core.webui.keyword.builtin.ClickKeyword.execute(ClickKeyword.groovy:67)
	at com.kms.katalon.core.keyword.internal.KeywordExecutor.executeKeywordForPlatform(KeywordExecutor.groovy:53)
	at com.kms.katalon.core.webui.keyword.WebUiBuiltInKeywords.click(WebUiBuiltInKeywords.groovy:616)
	at com.kms.katalon.core.webui.keyword.WebUiBuiltInKeywords$click$3.call(Unknown Source)
	at Script1542351227584.run(Script1542351227584.groovy:54)
	at com.kms.katalon.core.main.ScriptEngine.run(ScriptEngine.java:183)
	at com.kms.katalon.core.main.ScriptEngine.runScriptAsRawText(ScriptEngine.java:108)
	at com.kms.katalon.core.main.TestCaseExecutor.runScript(TestCaseExecutor.java:294)
	at com.kms.katalon.core.main.TestCaseExecutor.doExecute(TestCaseExecutor.java:285)
	at com.kms.katalon.core.main.TestCaseExecutor.processExecutionPhase(TestCaseExecutor.java:264)
	at com.kms.katalon.core.main.TestCaseExecutor.accessMainPhase(TestCaseExecutor.java:256)
	at com.kms.katalon.core.main.TestCaseExecutor.execute(TestCaseExecutor.java:200)
	at com.kms.katalon.core.main.TestSuiteExecutor.accessTestCaseMainPhase(TestSuiteExecutor.java:129)
	at com.kms.katalon.core.main.TestSuiteExecutor.accessTestSuiteMainPhase(TestSuiteExecutor.java:112)
	at com.kms.katalon.core.main.TestSuiteExecutor.execute(TestSuiteExecutor.java:81)
	at com.kms.katalon.core.main.TestCaseMain.startTestSuite(TestCaseMain.java:142)
	at com.kms.katalon.core.main.TestCaseMain$startTestSuite$0.call(Unknown Source)
	at org.codehaus.groovy.runtime.callsite.CallSiteArray.defaultCall(CallSiteArray.java:48)
	at org.codehaus.groovy.runtime.callsite.AbstractCallSite.call(AbstractCallSite.java:113)
	at org.codehaus.groovy.runtime.callsite.AbstractCallSite.call(AbstractCallSite.java:141)
	at TempTestSuite1543902093345.run(TempTestSuite1543902093345.groovy:36)
	at groovy.lang.GroovyShell.runScriptOrMainOrTestOrRunnable(GroovyShell.java:263)
	at groovy.lang.GroovyShell.run(GroovyShell.java:518)
	at groovy.lang.GroovyShell.run(GroovyShell.java:507)
	at groovy.ui.GroovyMain.processOnce(GroovyMain.java:653)
	at groovy.ui.GroovyMain.run(GroovyMain.java:384)
	at groovy.ui.GroovyMain.process(GroovyMain.java:370)
	at groovy.ui.GroovyMain.processArgs(GroovyMain.java:129)
	at groovy.ui.GroovyMain.main(GroovyMain.java:109)
	at sun.reflect.NativeMethodAccessorImpl.invoke0(Native Method)
	at sun.reflect.NativeMethodAccessorImpl.invoke(NativeMethodAccessorImpl.java:62)
	at sun.reflect.DelegatingMethodAccessorImpl.invoke(DelegatingMethodAccessorImpl.java:43)
	at java.lang.reflect.Method.invoke(Method.java:498)
	at org.codehaus.groovy.tools.GroovyStarter.rootLoader(GroovyStarter.java:109)
	at org.codehaus.groovy.tools.GroovyStarter.main(GroovyStarter.java:131)
)

2018-12-04 11:12:56 - [TEST_STEP][PASSED] - Statement - java.lang.Thread.sleep(3000): null

2018-12-04 11:12:59 - [TEST_STEP][PASSED] - click: Object: 'Object Repository/Dashboard_Plan/a_Dashboards' is clicked on

2018-12-04 11:12:59 - [MESSAGE][PASSED] - Object: 'Object Repository/Dashboard_Plan/a_Dashboards' is clicked on

2018-12-04 11:12:59 - [TEST_STEP][PASSED] - delay: Delayed 1 second(s)

2018-12-04 11:13:00 - [MESSAGE][PASSED] - Delayed 1 second(s)

2018-12-04 11:13:00 - [TEST_STEP][PASSED] - click: Object: 'Object Repository/Dashboard_Plan/input_Search_form-control ng-p' is clicked on

2018-12-04 11:13:00 - [MESSAGE][PASSED] - Object: 'Object Repository/Dashboard_Plan/input_Search_form-control ng-p' is clicked on

2018-12-04 11:13:00 - [TEST_STEP][PASSED] - setText: Text 'Quarterly Leverage Plan-2 Elements-CPS 
' is set on object 'Object Repository/Dashboard_Plan/input_Search_form-control ng-p'

2018-12-04 11:13:00 - [MESSAGE][PASSED] - Text 'Quarterly Leverage Plan-2 Elements-CPS 
' is set on object 'Object Repository/Dashboard_Plan/input_Search_form-control ng-p'

2018-12-04 11:13:01 - [TEST_STEP][PASSED] - globalkeywords.record.RecordNotFound: globalkeywords.record.RecordNotFound is PASSED

2018-12-04 11:13:14 - [MESSAGE][WARNING] - Object 'Object Repository/No_Results_Found/span_No results found.' is not present after 10 second(s)

2018-12-04 11:13:14 - [MESSAGE][PASSED] - globalkeywords.record.RecordNotFound is PASSED

2018-12-04 11:13:14 - [TEST_STEP][PASSED] - Statement - myobj = new com.kms.katalon.core.testobject.TestObject(Dynamic Boject): null

2018-12-04 11:13:14 - [TEST_STEP][PASSED] - Statement - plansearch = Plans: null

2018-12-04 11:13:14 - [TEST_STEP][PASSED] - Statement - xpath = "//span[normalize-space(text())="" + plansearch + ""]": null

2018-12-04 11:13:14 - [TEST_STEP][PASSED] - Statement - myobj.addProperty("xpath", EQUALS, xpath): null

2018-12-04 11:13:14 - [TEST_STEP][PASSED] - Statement - java.lang.Thread.sleep(2000): null

2018-12-04 11:13:16 - [TEST_STEP][FAILED] - click: Unable to click on object 'Dynamic Boject' (Root cause: com.kms.katalon.core.webui.exception.WebElementNotFoundException: Web element with id: 'Dynamic Boject' located by 'By.xpath: //span[normalize-space(text())="Quarterly Leverage Plan-2 Elements-CPS 
"]' not found)

2018-12-04 11:13:48 - [MESSAGE][FAILED] - Unable to click on object 'Dynamic Boject' (Root cause: com.kms.katalon.core.webui.exception.WebElementNotFoundException: Web element with id: 'Dynamic Boject' located by 'By.xpath: //span[normalize-space(text())="Quarterly Leverage Plan-2 Elements-CPS 
"]' not found)
[[ATTACHMENT|C:\\Users\\rkulkarn\\git\\Dashboard\\Reports\\Mutliple_PlansExecution\\20181204_111133\\1543902228207.png]]]]></system-out>
         <system-err><![CDATA[2018-12-04 11:12:56 - [TEST_CASE][FAILED] - Test Cases/Dashboard_Lenovo/Dashboard_Planfloder/Dashboard_Plans: Test Cases/Dashboard_Lenovo/Dashboard_Planfloder/Dashboard_Plans FAILED because (of) (Stack trace: com.kms.katalon.core.exception.StepFailedException: Unable to click on object 'Dynamic Boject' (Root cause: com.kms.katalon.core.webui.exception.WebElementNotFoundException: Web element with id: 'Dynamic Boject' located by 'By.xpath: //span[normalize-space(text())="Quarterly Leverage Plan-2 Elements-CPS 
"]' not found)
	at com.kms.katalon.core.keyword.internal.KeywordMain.stepFailed(KeywordMain.groovy:36)
	at com.kms.katalon.core.webui.keyword.internal.WebUIKeywordMain.stepFailed(WebUIKeywordMain.groovy:65)
	at com.kms.katalon.core.webui.keyword.internal.WebUIKeywordMain.runKeyword(WebUIKeywordMain.groovy:27)
	at com.kms.katalon.core.webui.keyword.builtin.ClickKeyword.click(ClickKeyword.groovy:86)
	at com.kms.katalon.core.webui.keyword.builtin.ClickKeyword.execute(ClickKeyword.groovy:67)
	at com.kms.katalon.core.keyword.internal.KeywordExecutor.executeKeywordForPlatform(KeywordExecutor.groovy:53)
	at com.kms.katalon.core.webui.keyword.WebUiBuiltInKeywords.click(WebUiBuiltInKeywords.groovy:616)
	at com.kms.katalon.core.webui.keyword.WebUiBuiltInKeywords$click$3.call(Unknown Source)
	at Script1542351227584.run(Script1542351227584.groovy:54)
	at com.kms.katalon.core.main.ScriptEngine.run(ScriptEngine.java:183)
	at com.kms.katalon.core.main.ScriptEngine.runScriptAsRawText(ScriptEngine.java:108)
	at com.kms.katalon.core.main.TestCaseExecutor.runScript(TestCaseExecutor.java:294)
	at com.kms.katalon.core.main.TestCaseExecutor.doExecute(TestCaseExecutor.java:285)
	at com.kms.katalon.core.main.TestCaseExecutor.processExecutionPhase(TestCaseExecutor.java:264)
	at com.kms.katalon.core.main.TestCaseExecutor.accessMainPhase(TestCaseExecutor.java:256)
	at com.kms.katalon.core.main.TestCaseExecutor.execute(TestCaseExecutor.java:200)
	at com.kms.katalon.core.main.TestSuiteExecutor.accessTestCaseMainPhase(TestSuiteExecutor.java:129)
	at com.kms.katalon.core.main.TestSuiteExecutor.accessTestSuiteMainPhase(TestSuiteExecutor.java:112)
	at com.kms.katalon.core.main.TestSuiteExecutor.execute(TestSuiteExecutor.java:81)
	at com.kms.katalon.core.main.TestCaseMain.startTestSuite(TestCaseMain.java:142)
	at com.kms.katalon.core.main.TestCaseMain$startTestSuite$0.call(Unknown Source)
	at org.codehaus.groovy.runtime.callsite.CallSiteArray.defaultCall(CallSiteArray.java:48)
	at org.codehaus.groovy.runtime.callsite.AbstractCallSite.call(AbstractCallSite.java:113)
	at org.codehaus.groovy.runtime.callsite.AbstractCallSite.call(AbstractCallSite.java:141)
	at TempTestSuite1543902093345.run(TempTestSuite1543902093345.groovy:36)
	at groovy.lang.GroovyShell.runScriptOrMainOrTestOrRunnable(GroovyShell.java:263)
	at groovy.lang.GroovyShell.run(GroovyShell.java:518)
	at groovy.lang.GroovyShell.run(GroovyShell.java:507)
	at groovy.ui.GroovyMain.processOnce(GroovyMain.java:653)
	at groovy.ui.GroovyMain.run(GroovyMain.java:384)
	at groovy.ui.GroovyMain.process(GroovyMain.java:370)
	at groovy.ui.GroovyMain.processArgs(GroovyMain.java:129)
	at groovy.ui.GroovyMain.main(GroovyMain.java:109)
	at sun.reflect.NativeMethodAccessorImpl.invoke0(Native Method)
	at sun.reflect.NativeMethodAccessorImpl.invoke(NativeMethodAccessorImpl.java:62)
	at sun.reflect.DelegatingMethodAccessorImpl.invoke(DelegatingMethodAccessorImpl.java:43)
	at java.lang.reflect.Method.invoke(Method.java:498)
	at org.codehaus.groovy.tools.GroovyStarter.rootLoader(GroovyStarter.java:109)
	at org.codehaus.groovy.tools.GroovyStarter.main(GroovyStarter.java:131)
)]]></system-err>
      </testcase>
      <system-out><![CDATA[2018-12-04 11:11:36 - [TEST_SUITE][FAILED] - Mutliple_PlansExecution: Test Cases/Dashboard_Lenovo/Dashboard_Planfloder/Dashboard_Plans FAILED because (of) (Stack trace: com.kms.katalon.core.exception.StepFailedException: Unable to click on object 'Dynamic Boject' (Root cause: com.kms.katalon.core.webui.exception.WebElementNotFoundException: Web element with id: 'Dynamic Boject' located by 'By.xpath: //span[normalize-space(text())="Quarterly Leverage Plan-2 Elements-CPS 
"]' not found)
	at com.kms.katalon.core.keyword.internal.KeywordMain.stepFailed(KeywordMain.groovy:36)
	at com.kms.katalon.core.webui.keyword.internal.WebUIKeywordMain.stepFailed(WebUIKeywordMain.groovy:65)
	at com.kms.katalon.core.webui.keyword.internal.WebUIKeywordMain.runKeyword(WebUIKeywordMain.groovy:27)
	at com.kms.katalon.core.webui.keyword.builtin.ClickKeyword.click(ClickKeyword.groovy:86)
	at com.kms.katalon.core.webui.keyword.builtin.ClickKeyword.execute(ClickKeyword.groovy:67)
	at com.kms.katalon.core.keyword.internal.KeywordExecutor.executeKeywordForPlatform(KeywordExecutor.groovy:53)
	at com.kms.katalon.core.webui.keyword.WebUiBuiltInKeywords.click(WebUiBuiltInKeywords.groovy:616)
	at com.kms.katalon.core.webui.keyword.WebUiBuiltInKeywords$click$3.call(Unknown Source)
	at Script1542351227584.run(Script1542351227584.groovy:54)
	at com.kms.katalon.core.main.ScriptEngine.run(ScriptEngine.java:183)
	at com.kms.katalon.core.main.ScriptEngine.runScriptAsRawText(ScriptEngine.java:108)
	at com.kms.katalon.core.main.TestCaseExecutor.runScript(TestCaseExecutor.java:294)
	at com.kms.katalon.core.main.TestCaseExecutor.doExecute(TestCaseExecutor.java:285)
	at com.kms.katalon.core.main.TestCaseExecutor.processExecutionPhase(TestCaseExecutor.java:264)
	at com.kms.katalon.core.main.TestCaseExecutor.accessMainPhase(TestCaseExecutor.java:256)
	at com.kms.katalon.core.main.TestCaseExecutor.execute(TestCaseExecutor.java:200)
	at com.kms.katalon.core.main.TestSuiteExecutor.accessTestCaseMainPhase(TestSuiteExecutor.java:129)
	at com.kms.katalon.core.main.TestSuiteExecutor.accessTestSuiteMainPhase(TestSuiteExecutor.java:112)
	at com.kms.katalon.core.main.TestSuiteExecutor.execute(TestSuiteExecutor.java:81)
	at com.kms.katalon.core.main.TestCaseMain.startTestSuite(TestCaseMain.java:142)
	at com.kms.katalon.core.main.TestCaseMain$startTestSuite$0.call(Unknown Source)
	at org.codehaus.groovy.runtime.callsite.CallSiteArray.defaultCall(CallSiteArray.java:48)
	at org.codehaus.groovy.runtime.callsite.AbstractCallSite.call(AbstractCallSite.java:113)
	at org.codehaus.groovy.runtime.callsite.AbstractCallSite.call(AbstractCallSite.java:141)
	at TempTestSuite1543902093345.run(TempTestSuite1543902093345.groovy:36)
	at groovy.lang.GroovyShell.runScriptOrMainOrTestOrRunnable(GroovyShell.java:263)
	at groovy.lang.GroovyShell.run(GroovyShell.java:518)
	at groovy.lang.GroovyShell.run(GroovyShell.java:507)
	at groovy.ui.GroovyMain.processOnce(GroovyMain.java:653)
	at groovy.ui.GroovyMain.run(GroovyMain.java:384)
	at groovy.ui.GroovyMain.process(GroovyMain.java:370)
	at groovy.ui.GroovyMain.processArgs(GroovyMain.java:129)
	at groovy.ui.GroovyMain.main(GroovyMain.java:109)
	at sun.reflect.NativeMethodAccessorImpl.invoke0(Native Method)
	at sun.reflect.NativeMethodAccessorImpl.invoke(NativeMethodAccessorImpl.java:62)
	at sun.reflect.DelegatingMethodAccessorImpl.invoke(DelegatingMethodAccessorImpl.java:43)
	at java.lang.reflect.Method.invoke(Method.java:498)
	at org.codehaus.groovy.tools.GroovyStarter.rootLoader(GroovyStarter.java:109)
	at org.codehaus.groovy.tools.GroovyStarter.main(GroovyStarter.java:131)
)]]></system-out>
      <system-err><![CDATA[2018-12-04 11:11:36 - [TEST_SUITE][FAILED] - Mutliple_PlansExecution: Test Cases/Dashboard_Lenovo/Dashboard_Planfloder/Dashboard_Plans FAILED because (of) (Stack trace: com.kms.katalon.core.exception.StepFailedException: Unable to click on object 'Dynamic Boject' (Root cause: com.kms.katalon.core.webui.exception.WebElementNotFoundException: Web element with id: 'Dynamic Boject' located by 'By.xpath: //span[normalize-space(text())="Quarterly Leverage Plan-2 Elements-CPS 
"]' not found)
	at com.kms.katalon.core.keyword.internal.KeywordMain.stepFailed(KeywordMain.groovy:36)
	at com.kms.katalon.core.webui.keyword.internal.WebUIKeywordMain.stepFailed(WebUIKeywordMain.groovy:65)
	at com.kms.katalon.core.webui.keyword.internal.WebUIKeywordMain.runKeyword(WebUIKeywordMain.groovy:27)
	at com.kms.katalon.core.webui.keyword.builtin.ClickKeyword.click(ClickKeyword.groovy:86)
	at com.kms.katalon.core.webui.keyword.builtin.ClickKeyword.execute(ClickKeyword.groovy:67)
	at com.kms.katalon.core.keyword.internal.KeywordExecutor.executeKeywordForPlatform(KeywordExecutor.groovy:53)
	at com.kms.katalon.core.webui.keyword.WebUiBuiltInKeywords.click(WebUiBuiltInKeywords.groovy:616)
	at com.kms.katalon.core.webui.keyword.WebUiBuiltInKeywords$click$3.call(Unknown Source)
	at Script1542351227584.run(Script1542351227584.groovy:54)
	at com.kms.katalon.core.main.ScriptEngine.run(ScriptEngine.java:183)
	at com.kms.katalon.core.main.ScriptEngine.runScriptAsRawText(ScriptEngine.java:108)
	at com.kms.katalon.core.main.TestCaseExecutor.runScript(TestCaseExecutor.java:294)
	at com.kms.katalon.core.main.TestCaseExecutor.doExecute(TestCaseExecutor.java:285)
	at com.kms.katalon.core.main.TestCaseExecutor.processExecutionPhase(TestCaseExecutor.java:264)
	at com.kms.katalon.core.main.TestCaseExecutor.accessMainPhase(TestCaseExecutor.java:256)
	at com.kms.katalon.core.main.TestCaseExecutor.execute(TestCaseExecutor.java:200)
	at com.kms.katalon.core.main.TestSuiteExecutor.accessTestCaseMainPhase(TestSuiteExecutor.java:129)
	at com.kms.katalon.core.main.TestSuiteExecutor.accessTestSuiteMainPhase(TestSuiteExecutor.java:112)
	at com.kms.katalon.core.main.TestSuiteExecutor.execute(TestSuiteExecutor.java:81)
	at com.kms.katalon.core.main.TestCaseMain.startTestSuite(TestCaseMain.java:142)
	at com.kms.katalon.core.main.TestCaseMain$startTestSuite$0.call(Unknown Source)
	at org.codehaus.groovy.runtime.callsite.CallSiteArray.defaultCall(CallSiteArray.java:48)
	at org.codehaus.groovy.runtime.callsite.AbstractCallSite.call(AbstractCallSite.java:113)
	at org.codehaus.groovy.runtime.callsite.AbstractCallSite.call(AbstractCallSite.java:141)
	at TempTestSuite1543902093345.run(TempTestSuite1543902093345.groovy:36)
	at groovy.lang.GroovyShell.runScriptOrMainOrTestOrRunnable(GroovyShell.java:263)
	at groovy.lang.GroovyShell.run(GroovyShell.java:518)
	at groovy.lang.GroovyShell.run(GroovyShell.java:507)
	at groovy.ui.GroovyMain.processOnce(GroovyMain.java:653)
	at groovy.ui.GroovyMain.run(GroovyMain.java:384)
	at groovy.ui.GroovyMain.process(GroovyMain.java:370)
	at groovy.ui.GroovyMain.processArgs(GroovyMain.java:129)
	at groovy.ui.GroovyMain.main(GroovyMain.java:109)
	at sun.reflect.NativeMethodAccessorImpl.invoke0(Native Method)
	at sun.reflect.NativeMethodAccessorImpl.invoke(NativeMethodAccessorImpl.java:62)
	at sun.reflect.DelegatingMethodAccessorImpl.invoke(DelegatingMethodAccessorImpl.java:43)
	at java.lang.reflect.Method.invoke(Method.java:498)
	at org.codehaus.groovy.tools.GroovyStarter.rootLoader(GroovyStarter.java:109)
	at org.codehaus.groovy.tools.GroovyStarter.main(GroovyStarter.java:131)
)]]></system-err>
   </testsuite>
</testsuites>
