<?xml version="1.0" encoding="UTF-8"?>
<testsuites name="Leverageplan-3" time="166" tests="14" failures="1" errors="0">
   <testsuite name="Leverageplan-3" tests="14" failures="1" errors="0" time="166" timestamp="2019-02-08 11:11:40" hostname="rkulkarn - 41XHMV1-E6330.callidussoftware.com" id="Test Suites/Leverageplan-3">
      <properties>
         <property name="deviceName" value=""/>
         <property name="devicePlatform" value=""/>
         <property name="logFolder" value="C:\\Users\\rkulkarn\\git\\Dashboard\\Reports\\Leverageplan-3\\20190208_111134"/>
         <property name="logFiles" value="C:\\Users\\rkulkarn\\git\\Dashboard\\Reports\\Leverageplan-3\\20190208_111134\\execution0.log"/>
         <property name="attachments" value="C:\\Users\\rkulkarn\\git\\Dashboard\\Reports\\Leverageplan-3\\20190208_111134\\1549604596430.png, C:\\Users\\rkulkarn\\git\\Dashboard\\Reports\\Leverageplan-3\\20190208_111134\\1549604596740.png"/>
         <property name="hostName" value="rkulkarn - 41XHMV1-E6330.callidussoftware.com"/>
         <property name="os" value="Windows 10 64bit"/>
         <property name="katalonVersion" value="5.10.1.1"/>
         <property name="browser" value="Chrome 71.0.3578.98"/>
         <property name="hostAddress" value="192.168.237.143"/>
         <property name="sessionId" value="8b0cb1f62447bc19506e6b092ca6fe92"/>
         <property name="seleniumVersion" value="3.7.1"/>
         <property name="proxyInformation" value="ProxyInformation{proxyOption=NO_PROXY, proxyServerType=HTTP, password=, proxyServerAddress=, proxyServerPort=0}"/>
         <property name="platform" value="Windows 10"/>
      </properties>
      <testcase name="Test Cases/Dashboard_Lenovo/Dashboard_Login" classname="Test Cases/Dashboard_Lenovo/Dashboard_Login" status="PASSED">
         <system-out><![CDATA[2019-02-08 11:11:41 - [TEST_CASE][PASSED] - Test Cases/Dashboard_Lenovo/Dashboard_Login: Test Cases/Dashboard_Lenovo/Dashboard_Login

2019-02-08 11:11:41 - [TEST_STEP][PASSED] - openBrowser(""): Browser is opened with url: ''

2019-02-08 11:11:42 - [MESSAGE][INFO] - Starting 'Chrome' driver

2019-02-08 11:11:42 - [MESSAGE][INFO] - Action delay is set to 0 seconds

2019-02-08 11:11:47 - [MESSAGE][PASSED] - Browser is opened with url: ''

2019-02-08 11:11:47 - [TEST_STEP][PASSED] - navigateToUrl("https://lnvo-muat.callidusondemand.com/SalesPortal/#!/"): Navigate to 'https://lnvo-muat.callidusondemand.com/SalesPortal/#!/' successfully

2019-02-08 11:11:57 - [MESSAGE][PASSED] - Navigate to 'https://lnvo-muat.callidusondemand.com/SalesPortal/#!/' successfully

2019-02-08 11:11:57 - [TEST_STEP][PASSED] - maximizeWindow(): Current window maximized

2019-02-08 11:11:59 - [MESSAGE][PASSED] - Current window maximized

2019-02-08 11:11:59 - [TEST_STEP][PASSED] - delay(5): Delayed 5 second(s)

2019-02-08 11:12:04 - [MESSAGE][PASSED] - Delayed 5 second(s)

2019-02-08 11:12:04 - [TEST_STEP][PASSED] - setText(findTestObject("Dashboard_login/input_username"), "sapattna"): Text 'sapattna' is set on object 'Object Repository/Dashboard_login/input_username'

2019-02-08 11:12:04 - [MESSAGE][PASSED] - Text 'sapattna' is set on object 'Object Repository/Dashboard_login/input_username'

2019-02-08 11:12:04 - [TEST_STEP][PASSED] - delay(5): Delayed 5 second(s)

2019-02-08 11:12:09 - [MESSAGE][PASSED] - Delayed 5 second(s)

2019-02-08 11:12:09 - [TEST_STEP][PASSED] - setText(findTestObject("Dashboard_login/input_password"), "Callidus123"): Text 'Callidus123' is set on object 'Object Repository/Dashboard_login/input_password'

2019-02-08 11:12:09 - [MESSAGE][PASSED] - Text 'Callidus123' is set on object 'Object Repository/Dashboard_login/input_password'

2019-02-08 11:12:09 - [TEST_STEP][PASSED] - click(findTestObject("Dashboard_login/button_Login")): Object: 'Object Repository/Dashboard_login/button_Login' is clicked on

2019-02-08 11:12:09 - [MESSAGE][PASSED] - Object: 'Object Repository/Dashboard_login/button_Login' is clicked on

2019-02-08 11:12:09 - [TEST_STEP][PASSED] - waitForElementVisible(findTestObject("Dashboard_Plan/a_Dashboards"), 10): Object 'Object Repository/Dashboard_Plan/a_Dashboards' is visible

2019-02-08 11:12:14 - [MESSAGE][PASSED] - Object 'Object Repository/Dashboard_Plan/a_Dashboards' is visible]]></system-out>
         <system-err><![CDATA[]]></system-err>
      </testcase>
      <testcase name="Test Cases/Dashboard_Lenovo/Dashboard_Planfloder/Dashboard_1Plans" classname="Test Cases/Dashboard_Lenovo/Dashboard_Planfloder/Dashboard_1Plans" status="PASSED">
         <system-out><![CDATA[2019-02-08 11:12:14 - [TEST_CASE][PASSED] - Test Cases/Dashboard_Lenovo/Dashboard_Planfloder/Dashboard_1Plans: Test Cases/Dashboard_Lenovo/Dashboard_Planfloder/Dashboard_1Plans

2019-02-08 11:12:14 - [TEST_STEP][PASSED] - waitForElementClickable(findTestObject("Dashboard_Plan/a_Dashboards"), 5): Object 'Object Repository/Dashboard_Plan/a_Dashboards' is clickable

2019-02-08 11:12:14 - [MESSAGE][PASSED] - Object 'Object Repository/Dashboard_Plan/a_Dashboards' is clickable

2019-02-08 11:12:14 - [TEST_STEP][PASSED] - click(findTestObject("Dashboard_Plan/a_Dashboards")): Object: 'Object Repository/Dashboard_Plan/a_Dashboards' is clicked on

2019-02-08 11:12:15 - [MESSAGE][PASSED] - Object: 'Object Repository/Dashboard_Plan/a_Dashboards' is clicked on

2019-02-08 11:12:15 - [TEST_STEP][PASSED] - waitForElementPresent(findTestObject("Dashboard_Plan/add_dashboard"), 5): Object 'Object Repository/Dashboard_Plan/add_dashboard' is present

2019-02-08 11:12:17 - [MESSAGE][PASSED] - Object 'Object Repository/Dashboard_Plan/add_dashboard' is present

2019-02-08 11:12:17 - [TEST_STEP][PASSED] - waitForElementPresent(findTestObject("Dashboard_Plan/Showmore_button"), 5): Object 'Object Repository/Dashboard_Plan/Showmore_button' is present

2019-02-08 11:12:17 - [MESSAGE][PASSED] - Object 'Object Repository/Dashboard_Plan/Showmore_button' is present

2019-02-08 11:12:17 - [TEST_STEP][PASSED] - click(findTestObject("Dashboard_Plan/input_Search_form-control ng-p")): Object: 'Object Repository/Dashboard_Plan/input_Search_form-control ng-p' is clicked on

2019-02-08 11:12:18 - [MESSAGE][PASSED] - Object: 'Object Repository/Dashboard_Plan/input_Search_form-control ng-p' is clicked on

2019-02-08 11:12:18 - [TEST_STEP][PASSED] - waitForPageLoad(5): Wait for page load successfully

2019-02-08 11:12:18 - [MESSAGE][PASSED] - Wait for page load successfully

2019-02-08 11:12:18 - [TEST_STEP][PASSED] - delay(3): Delayed 3 second(s)

2019-02-08 11:12:21 - [MESSAGE][PASSED] - Delayed 3 second(s)

2019-02-08 11:12:21 - [TEST_STEP][PASSED] - setText(findTestObject("Dashboard_Plan/input_Search_form-control ng-p"), Plans): Text 'Quarterly Leverage Plan-3 Elements-CPS-NA' is set on object 'Object Repository/Dashboard_Plan/input_Search_form-control ng-p'

2019-02-08 11:12:22 - [MESSAGE][PASSED] - Text 'Quarterly Leverage Plan-3 Elements-CPS-NA' is set on object 'Object Repository/Dashboard_Plan/input_Search_form-control ng-p'

2019-02-08 11:12:22 - [TEST_STEP][PASSED] - globalkeywords.record.RecordNotFound(): globalkeywords.record.RecordNotFound is PASSED

2019-02-08 11:12:32 - [MESSAGE][INFO] - Unable to find the element located by 'By.xpath: //span[(text() = '
  
  No results found.
' or . = '
  
  No results found.
')]'. Please recheck the objects properties to make sure the desired element is located. 

2019-02-08 11:12:32 - [MESSAGE][WARNING] - Object 'Object Repository/No_Results_Found/span_No results found.' is not present after 10 second(s)

2019-02-08 11:12:32 - [MESSAGE][PASSED] - globalkeywords.record.RecordNotFound is PASSED

2019-02-08 11:12:32 - [TEST_STEP][PASSED] - myobj = new com.kms.katalon.core.testobject.TestObject(Dynamic Boject): null

2019-02-08 11:12:32 - [TEST_STEP][PASSED] - plansearch = Plans: null

2019-02-08 11:12:32 - [TEST_STEP][PASSED] - xpath = "//span[normalize-space(text())="" + plansearch + ""]": null

2019-02-08 11:12:32 - [TEST_STEP][PASSED] - myobj.addProperty("xpath", EQUALS, xpath): null

2019-02-08 11:12:33 - [TEST_STEP][PASSED] - waitForPageLoad(10): Wait for page load successfully

2019-02-08 11:12:33 - [MESSAGE][PASSED] - Wait for page load successfully

2019-02-08 11:12:33 - [TEST_STEP][PASSED] - click(myobj): Object: 'Dynamic Boject' is clicked on

2019-02-08 11:12:33 - [MESSAGE][PASSED] - Object: 'Dynamic Boject' is clicked on]]></system-out>
         <system-err><![CDATA[]]></system-err>
      </testcase>
      <testcase name="Test Cases/Dashboard_Lenovo/Dashboard_Planfloder/Dashboard_PlanActions" classname="Test Cases/Dashboard_Lenovo/Dashboard_Planfloder/Dashboard_PlanActions" status="PASSED">
         <system-out><![CDATA[2019-02-08 11:12:33 - [TEST_CASE][PASSED] - Test Cases/Dashboard_Lenovo/Dashboard_Planfloder/Dashboard_PlanActions: Test Cases/Dashboard_Lenovo/Dashboard_Planfloder/Dashboard_PlanActions

2019-02-08 11:12:33 - [TEST_STEP][PASSED] - delay(3): Delayed 3 second(s)

2019-02-08 11:12:36 - [MESSAGE][PASSED] - Delayed 3 second(s)

2019-02-08 11:12:36 - [TEST_STEP][NOT_RUN] - myobj1 = new com.kms.katalon.core.testobject.TestObject(Dynamic object): NOT_RUN: myobj1 = new com.kms.katalon.core.testobject.TestObject(Dynamic object)

2019-02-08 11:12:36 - [MESSAGE][NOT_RUN] - NOT_RUN: myobj1 = new com.kms.katalon.core.testobject.TestObject(Dynamic object)

2019-02-08 11:12:36 - [TEST_STEP][NOT_RUN] - plansearch1 = Plans: NOT_RUN: plansearch1 = Plans

2019-02-08 11:12:36 - [MESSAGE][NOT_RUN] - NOT_RUN: plansearch1 = Plans

2019-02-08 11:12:36 - [TEST_STEP][NOT_RUN] - xpath = "(//a[@target="_blank"]/i[@class=padding-left icon-play4])[1])": NOT_RUN: xpath = "(//a[@target="_blank"]/i[@class=padding-left icon-play4])[1])"

2019-02-08 11:12:36 - [MESSAGE][NOT_RUN] - NOT_RUN: xpath = "(//a[@target="_blank"]/i[@class=padding-left icon-play4])[1])"

2019-02-08 11:12:36 - [TEST_STEP][NOT_RUN] - myobj1.addProperty("xpath", EQUALS, xpath): NOT_RUN: myobj1.addProperty("xpath", EQUALS, xpath)

2019-02-08 11:12:36 - [MESSAGE][NOT_RUN] - NOT_RUN: myobj1.addProperty("xpath", EQUALS, xpath)

2019-02-08 11:12:36 - [TEST_STEP][NOT_RUN] - Thread.sleep(2000): NOT_RUN: Thread.sleep(2000)

2019-02-08 11:12:36 - [MESSAGE][NOT_RUN] - NOT_RUN: Thread.sleep(2000)

2019-02-08 11:12:36 - [TEST_STEP][NOT_RUN] - click(myobj1): NOT_RUN: click(myobj1)

2019-02-08 11:12:36 - [MESSAGE][NOT_RUN] - NOT_RUN: click(myobj1)

2019-02-08 11:12:36 - [TEST_STEP][PASSED] - click(findTestObject("Dashboard_Plan/i_plansPreviewbutton")): Object: 'Object Repository/Dashboard_Plan/i_plansPreviewbutton' is clicked on

2019-02-08 11:12:36 - [MESSAGE][PASSED] - Object: 'Object Repository/Dashboard_Plan/i_plansPreviewbutton' is clicked on

2019-02-08 11:12:36 - [TEST_STEP][PASSED] - switchToWindowIndex(1): Switched to window with index: '1'

2019-02-08 11:12:36 - [MESSAGE][PASSED] - Switched to window with index: '1'

2019-02-08 11:12:36 - [TEST_STEP][PASSED] - waitForElementVisible(findTestObject("Dashboard_Date/span_Please enter at least 3 c"), 10): Object 'Object Repository/Dashboard_Date/span_Please enter at least 3 c' is visible

2019-02-08 11:12:40 - [MESSAGE][PASSED] - Object 'Object Repository/Dashboard_Date/span_Please enter at least 3 c' is visible

2019-02-08 11:12:40 - [TEST_STEP][PASSED] - click(findTestObject("Dashboard_Date/span_Please enter at least 3 c")): Object: 'Object Repository/Dashboard_Date/span_Please enter at least 3 c' is clicked on

2019-02-08 11:12:40 - [MESSAGE][PASSED] - Object: 'Object Repository/Dashboard_Date/span_Please enter at least 3 c' is clicked on]]></system-out>
         <system-err><![CDATA[]]></system-err>
      </testcase>
      <testcase name="Test Cases/Dashboard_Lenovo/Dashboard_date" classname="Test Cases/Dashboard_Lenovo/Dashboard_date" status="PASSED">
         <system-out><![CDATA[2019-02-08 11:12:40 - [TEST_CASE][PASSED] - Test Cases/Dashboard_Lenovo/Dashboard_date: Test Cases/Dashboard_Lenovo/Dashboard_date

2019-02-08 11:12:41 - [TEST_STEP][PASSED] - waitForElementVisible(findTestObject("Dashboard_Date/span_Select period"), 5): Object 'Object Repository/Dashboard_Date/span_Select period' is visible

2019-02-08 11:12:41 - [MESSAGE][PASSED] - Object 'Object Repository/Dashboard_Date/span_Select period' is visible

2019-02-08 11:12:41 - [TEST_STEP][PASSED] - click(findTestObject("Dashboard_Date/span_Select period")): Object: 'Object Repository/Dashboard_Date/span_Select period' is clicked on

2019-02-08 11:12:42 - [MESSAGE][PASSED] - Object: 'Object Repository/Dashboard_Date/span_Select period' is clicked on

2019-02-08 11:12:42 - [TEST_STEP][PASSED] - waitForElementClickable(findTestObject("Dashboard_Date/Input_of_date"), 5): Object 'Object Repository/Dashboard_Date/Input_of_date' is clickable

2019-02-08 11:12:42 - [MESSAGE][PASSED] - Object 'Object Repository/Dashboard_Date/Input_of_date' is clickable

2019-02-08 11:12:42 - [TEST_STEP][PASSED] - click(findTestObject("Dashboard_Date/Input_of_date")): Object: 'Object Repository/Dashboard_Date/Input_of_date' is clicked on

2019-02-08 11:12:42 - [MESSAGE][PASSED] - Object: 'Object Repository/Dashboard_Date/Input_of_date' is clicked on

2019-02-08 11:12:42 - [TEST_STEP][PASSED] - delay(2): Delayed 2 second(s)

2019-02-08 11:12:44 - [MESSAGE][PASSED] - Delayed 2 second(s)

2019-02-08 11:12:44 - [TEST_STEP][PASSED] - setText(findTestObject("Dashboard_Date/Input_of_date"), parDate): Text 'June 2018' is set on object 'Object Repository/Dashboard_Date/Input_of_date'

2019-02-08 11:12:45 - [MESSAGE][PASSED] - Text 'June 2018' is set on object 'Object Repository/Dashboard_Date/Input_of_date'

2019-02-08 11:12:45 - [TEST_STEP][PASSED] - globalkeywords.record.RecordNotFound(): globalkeywords.record.RecordNotFound is PASSED

2019-02-08 11:12:55 - [MESSAGE][INFO] - Unable to find the element located by 'By.xpath: //span[(text() = '
  
  No results found.
' or . = '
  
  No results found.
')]'. Please recheck the objects properties to make sure the desired element is located. 

2019-02-08 11:12:55 - [MESSAGE][WARNING] - Object 'Object Repository/No_Results_Found/span_No results found.' is not present after 10 second(s)

2019-02-08 11:12:55 - [MESSAGE][PASSED] - globalkeywords.record.RecordNotFound is PASSED

2019-02-08 11:12:55 - [TEST_STEP][PASSED] - robot = new java.awt.Robot(): null

2019-02-08 11:12:55 - [TEST_STEP][PASSED] - robot.keyPress(VK_ENTER): null

2019-02-08 11:12:55 - [TEST_STEP][PASSED] - Thread.sleep(2000): null

2019-02-08 11:12:57 - [TEST_STEP][PASSED] - robot.keyRelease(VK_ENTER): null

2019-02-08 11:12:57 - [TEST_STEP][NOT_RUN] - click(findTestObject("demo/a_June 2018")): NOT_RUN: click(findTestObject("demo/a_June 2018"))

2019-02-08 11:12:57 - [MESSAGE][NOT_RUN] - NOT_RUN: click(findTestObject("demo/a_June 2018"))]]></system-out>
         <system-err><![CDATA[]]></system-err>
      </testcase>
      <testcase name="Test Cases/Dashboard_Lenovo/Dashboard_Participant" classname="Test Cases/Dashboard_Lenovo/Dashboard_Participant" status="PASSED">
         <system-out><![CDATA[2019-02-08 11:12:57 - [TEST_CASE][PASSED] - Test Cases/Dashboard_Lenovo/Dashboard_Participant: Test Cases/Dashboard_Lenovo/Dashboard_Participant

2019-02-08 11:12:58 - [TEST_STEP][PASSED] - waitForElementNotClickable(findTestObject("Dashboard_Date/span_Please enter at least 3 c"), 10): Object 'Object Repository/Dashboard_Date/span_Please enter at least 3 c' is not clickable after 10 second(s)

2019-02-08 11:13:08 - [MESSAGE][WARNING] - Object 'Object Repository/Dashboard_Date/span_Please enter at least 3 c' is not clickable after 10 second(s)

2019-02-08 11:13:08 - [TEST_STEP][PASSED] - click(findTestObject("Dashboard_Date/span_Please enter at least 3 c")): Object: 'Object Repository/Dashboard_Date/span_Please enter at least 3 c' is clicked on

2019-02-08 11:13:08 - [MESSAGE][PASSED] - Object: 'Object Repository/Dashboard_Date/span_Please enter at least 3 c' is clicked on

2019-02-08 11:13:08 - [TEST_STEP][PASSED] - setText(findTestObject("Dashboard_Date/input_Please enter at least 3"), ParticipantName): Text 'Bailey' is set on object 'Object Repository/Dashboard_Date/input_Please enter at least 3'

2019-02-08 11:13:08 - [MESSAGE][PASSED] - Text 'Bailey' is set on object 'Object Repository/Dashboard_Date/input_Please enter at least 3'

2019-02-08 11:13:08 - [TEST_STEP][PASSED] - delay(5): Delayed 5 second(s)

2019-02-08 11:13:13 - [MESSAGE][PASSED] - Delayed 5 second(s)

2019-02-08 11:13:13 - [TEST_STEP][PASSED] - robot = new java.awt.Robot(): null

2019-02-08 11:13:13 - [TEST_STEP][PASSED] - robot.keyPress(VK_ENTER): null

2019-02-08 11:13:13 - [TEST_STEP][PASSED] - Thread.sleep(2000): null

2019-02-08 11:13:15 - [TEST_STEP][PASSED] - robot.keyRelease(VK_ENTER): null

2019-02-08 11:13:15 - [TEST_STEP][PASSED] - ParticipantName = <not implemented yet for class: org.codehaus.groovy.ast.expr.EmptyExpression>: null

2019-02-08 11:13:15 - [TEST_STEP][PASSED] - try: null

2019-02-08 11:13:15 - [TEST_STEP][PASSED] - part = waitForElementPresent(findTestObject("Dashboard_Widgets/Dashboard_QTD_CPS_Attainment/span_QTD CPS Attainment"), 5): Object 'Object Repository/Dashboard_Widgets/Dashboard_QTD_CPS_Attainment/span_QTD CPS Attainment' is present

2019-02-08 11:13:15 - [MESSAGE][PASSED] - Object 'Object Repository/Dashboard_Widgets/Dashboard_QTD_CPS_Attainment/span_QTD CPS Attainment' is present

2019-02-08 11:13:15 - [TEST_STEP][PASSED] - if (part == false): null]]></system-out>
         <system-err><![CDATA[]]></system-err>
      </testcase>
      <testcase name="Test Cases/Dashboard_Lenovo/Dashboard_widgets/Widget1_QTD_CPS_Attainment" classname="Test Cases/Dashboard_Lenovo/Dashboard_widgets/Widget1_QTD_CPS_Attainment" status="FAILED">
         <failure type="FAILED" message="Test Cases/Dashboard_Lenovo/Dashboard_widgets/Widget1_QTD_CPS_Attainment FAILED.
Reason:
com.kms.katalon.core.exception.StepFailedException: Verify element text of test object 'Object Repository/Dashboard_Widgets/Dashboard_QTD_CPS_Attainment/span_QTD CPS Attainment' FAILED. (Root cause: com.kms.katalon.core.exception.StepFailedException: Actual text 'SAP Commissions (Version 1902, Build 24250)
© 2019 CallidusCloud. All rights reserved.' and expected text 'QTD CPS Attainment' of test object 'Object Repository/Dashboard_Widgets/Dashboard_QTD_CPS_Attainment/span_QTD CPS Attainment' are NOT matched.)
	at com.kms.katalon.core.keyword.internal.KeywordMain.stepFailed(KeywordMain.groovy:36)
	at com.kms.katalon.core.webui.keyword.internal.WebUIKeywordMain.stepFailed(WebUIKeywordMain.groovy:65)
	at com.kms.katalon.core.webui.keyword.internal.WebUIKeywordMain.runKeyword(WebUIKeywordMain.groovy:27)
	at com.kms.katalon.core.webui.keyword.builtin.VerifyElementTextKeyword.verifyElementText(VerifyElementTextKeyword.groovy:72)
	at com.kms.katalon.core.webui.keyword.builtin.VerifyElementTextKeyword.execute(VerifyElementTextKeyword.groovy:40)
	at com.kms.katalon.core.keyword.internal.KeywordExecutor.executeKeywordForPlatform(KeywordExecutor.groovy:53)
	at com.kms.katalon.core.webui.keyword.WebUiBuiltInKeywords.verifyElementText(WebUiBuiltInKeywords.groovy:3663)
	at com.kms.katalon.core.webui.keyword.WebUiBuiltInKeywords$verifyElementText$11.call(Unknown Source)
	at Widget1_QTD_CPS_Attainment.run(Widget1_QTD_CPS_Attainment:23)
	at com.kms.katalon.core.main.ScriptEngine.run(ScriptEngine.java:194)
	at com.kms.katalon.core.main.ScriptEngine.runScriptAsRawText(ScriptEngine.java:119)
	at com.kms.katalon.core.main.TestCaseExecutor.runScript(TestCaseExecutor.java:328)
	at com.kms.katalon.core.main.TestCaseExecutor.doExecute(TestCaseExecutor.java:319)
	at com.kms.katalon.core.main.TestCaseExecutor.processExecutionPhase(TestCaseExecutor.java:298)
	at com.kms.katalon.core.main.TestCaseExecutor.accessMainPhase(TestCaseExecutor.java:290)
	at com.kms.katalon.core.main.TestCaseExecutor.execute(TestCaseExecutor.java:224)
	at com.kms.katalon.core.main.TestSuiteExecutor.accessTestCaseMainPhase(TestSuiteExecutor.java:129)
	at com.kms.katalon.core.main.TestSuiteExecutor.accessTestSuiteMainPhase(TestSuiteExecutor.java:112)
	at com.kms.katalon.core.main.TestSuiteExecutor.execute(TestSuiteExecutor.java:81)
	at com.kms.katalon.core.main.TestCaseMain.startTestSuite(TestCaseMain.java:149)
	at com.kms.katalon.core.main.TestCaseMain$startTestSuite$0.call(Unknown Source)
	at TempTestSuite1549604494885.run(TempTestSuite1549604494885.groovy:36)
"/>
         <system-out><![CDATA[2019-02-08 11:13:15 - [TEST_CASE][FAILED] - Test Cases/Dashboard_Lenovo/Dashboard_widgets/Widget1_QTD_CPS_Attainment: Test Cases/Dashboard_Lenovo/Dashboard_widgets/Widget1_QTD_CPS_Attainment FAILED.
Reason:
com.kms.katalon.core.exception.StepFailedException: Verify element text of test object 'Object Repository/Dashboard_Widgets/Dashboard_QTD_CPS_Attainment/span_QTD CPS Attainment' FAILED. (Root cause: com.kms.katalon.core.exception.StepFailedException: Actual text 'SAP Commissions (Version 1902, Build 24250)
© 2019 CallidusCloud. All rights reserved.' and expected text 'QTD CPS Attainment' of test object 'Object Repository/Dashboard_Widgets/Dashboard_QTD_CPS_Attainment/span_QTD CPS Attainment' are NOT matched.)
	at com.kms.katalon.core.keyword.internal.KeywordMain.stepFailed(KeywordMain.groovy:36)
	at com.kms.katalon.core.webui.keyword.internal.WebUIKeywordMain.stepFailed(WebUIKeywordMain.groovy:65)
	at com.kms.katalon.core.webui.keyword.internal.WebUIKeywordMain.runKeyword(WebUIKeywordMain.groovy:27)
	at com.kms.katalon.core.webui.keyword.builtin.VerifyElementTextKeyword.verifyElementText(VerifyElementTextKeyword.groovy:72)
	at com.kms.katalon.core.webui.keyword.builtin.VerifyElementTextKeyword.execute(VerifyElementTextKeyword.groovy:40)
	at com.kms.katalon.core.keyword.internal.KeywordExecutor.executeKeywordForPlatform(KeywordExecutor.groovy:53)
	at com.kms.katalon.core.webui.keyword.WebUiBuiltInKeywords.verifyElementText(WebUiBuiltInKeywords.groovy:3663)
	at com.kms.katalon.core.webui.keyword.WebUiBuiltInKeywords$verifyElementText$11.call(Unknown Source)
	at Widget1_QTD_CPS_Attainment.run(Widget1_QTD_CPS_Attainment:23)
	at com.kms.katalon.core.main.ScriptEngine.run(ScriptEngine.java:194)
	at com.kms.katalon.core.main.ScriptEngine.runScriptAsRawText(ScriptEngine.java:119)
	at com.kms.katalon.core.main.TestCaseExecutor.runScript(TestCaseExecutor.java:328)
	at com.kms.katalon.core.main.TestCaseExecutor.doExecute(TestCaseExecutor.java:319)
	at com.kms.katalon.core.main.TestCaseExecutor.processExecutionPhase(TestCaseExecutor.java:298)
	at com.kms.katalon.core.main.TestCaseExecutor.accessMainPhase(TestCaseExecutor.java:290)
	at com.kms.katalon.core.main.TestCaseExecutor.execute(TestCaseExecutor.java:224)
	at com.kms.katalon.core.main.TestSuiteExecutor.accessTestCaseMainPhase(TestSuiteExecutor.java:129)
	at com.kms.katalon.core.main.TestSuiteExecutor.accessTestSuiteMainPhase(TestSuiteExecutor.java:112)
	at com.kms.katalon.core.main.TestSuiteExecutor.execute(TestSuiteExecutor.java:81)
	at com.kms.katalon.core.main.TestCaseMain.startTestSuite(TestCaseMain.java:149)
	at com.kms.katalon.core.main.TestCaseMain$startTestSuite$0.call(Unknown Source)
	at TempTestSuite1549604494885.run(TempTestSuite1549604494885.groovy:36)


2019-02-08 11:13:16 - [TEST_STEP][PASSED] - mouseOver(findTestObject("Dashboard_Widgets/Dashboard_QTD_CPS_Attainment/span_QTD CPS Attainment")): Object: 'Object Repository/Dashboard_Widgets/Dashboard_QTD_CPS_Attainment/span_QTD CPS Attainment' is hovered

2019-02-08 11:13:16 - [MESSAGE][PASSED] - Object: 'Object Repository/Dashboard_Widgets/Dashboard_QTD_CPS_Attainment/span_QTD CPS Attainment' is hovered

2019-02-08 11:13:16 - [TEST_STEP][FAILED] - verifyElementText(findTestObject("Dashboard_Widgets/Dashboard_QTD_CPS_Attainment/span_QTD CPS Attainment"), Widget1): verifyElementText(findTestObject("Dashboard_Widgets/Dashboard_QTD_CPS_Attainment/span_QTD CPS Attainment"), Widget1) FAILED.
Reason:
com.kms.katalon.core.exception.StepFailedException: Verify element text of test object 'Object Repository/Dashboard_Widgets/Dashboard_QTD_CPS_Attainment/span_QTD CPS Attainment' FAILED. (Root cause: com.kms.katalon.core.exception.StepFailedException: Actual text 'SAP Commissions (Version 1902, Build 24250)
© 2019 CallidusCloud. All rights reserved.' and expected text 'QTD CPS Attainment' of test object 'Object Repository/Dashboard_Widgets/Dashboard_QTD_CPS_Attainment/span_QTD CPS Attainment' are NOT matched.)
	at com.kms.katalon.core.keyword.internal.KeywordMain.stepFailed(KeywordMain.groovy:36)
	at com.kms.katalon.core.webui.keyword.internal.WebUIKeywordMain.stepFailed(WebUIKeywordMain.groovy:65)
	at com.kms.katalon.core.webui.keyword.internal.WebUIKeywordMain.runKeyword(WebUIKeywordMain.groovy:27)
	at com.kms.katalon.core.webui.keyword.builtin.VerifyElementTextKeyword.verifyElementText(VerifyElementTextKeyword.groovy:72)
	at com.kms.katalon.core.webui.keyword.builtin.VerifyElementTextKeyword.execute(VerifyElementTextKeyword.groovy:40)
	at com.kms.katalon.core.keyword.internal.KeywordExecutor.executeKeywordForPlatform(KeywordExecutor.groovy:53)
	at com.kms.katalon.core.webui.keyword.WebUiBuiltInKeywords.verifyElementText(WebUiBuiltInKeywords.groovy:3663)
	at com.kms.katalon.core.webui.keyword.WebUiBuiltInKeywords$verifyElementText$11.call(Unknown Source)
	at Widget1_QTD_CPS_Attainment.run(Widget1_QTD_CPS_Attainment:23)
	at com.kms.katalon.core.main.ScriptEngine.run(ScriptEngine.java:194)
	at com.kms.katalon.core.main.ScriptEngine.runScriptAsRawText(ScriptEngine.java:119)
	at com.kms.katalon.core.main.TestCaseExecutor.runScript(TestCaseExecutor.java:328)
	at com.kms.katalon.core.main.TestCaseExecutor.doExecute(TestCaseExecutor.java:319)
	at com.kms.katalon.core.main.TestCaseExecutor.processExecutionPhase(TestCaseExecutor.java:298)
	at com.kms.katalon.core.main.TestCaseExecutor.accessMainPhase(TestCaseExecutor.java:290)
	at com.kms.katalon.core.main.TestCaseExecutor.execute(TestCaseExecutor.java:224)
	at com.kms.katalon.core.main.TestSuiteExecutor.accessTestCaseMainPhase(TestSuiteExecutor.java:129)
	at com.kms.katalon.core.main.TestSuiteExecutor.accessTestSuiteMainPhase(TestSuiteExecutor.java:112)
	at com.kms.katalon.core.main.TestSuiteExecutor.execute(TestSuiteExecutor.java:81)
	at com.kms.katalon.core.main.TestCaseMain.startTestSuite(TestCaseMain.java:149)
	at com.kms.katalon.core.main.TestCaseMain$startTestSuite$0.call(Unknown Source)
	at TempTestSuite1549604494885.run(TempTestSuite1549604494885.groovy:36)


2019-02-08 11:13:16 - [MESSAGE][FAILED] - Actual text 'SAP Commissions (Version 1902, Build 24250)
© 2019 CallidusCloud. All rights reserved.' and expected text 'QTD CPS Attainment' of test object 'Object Repository/Dashboard_Widgets/Dashboard_QTD_CPS_Attainment/span_QTD CPS Attainment' are NOT matched.
[[ATTACHMENT|C:\\Users\\rkulkarn\\git\\Dashboard\\Reports\\Leverageplan-3\\20190208_111134\\1549604596430.png]]

2019-02-08 11:13:17 - [MESSAGE][FAILED] - Verify element text of test object 'Object Repository/Dashboard_Widgets/Dashboard_QTD_CPS_Attainment/span_QTD CPS Attainment' FAILED. (Root cause: com.kms.katalon.core.exception.StepFailedException: Actual text 'SAP Commissions (Version 1902, Build 24250)
© 2019 CallidusCloud. All rights reserved.' and expected text 'QTD CPS Attainment' of test object 'Object Repository/Dashboard_Widgets/Dashboard_QTD_CPS_Attainment/span_QTD CPS Attainment' are NOT matched.)
[[ATTACHMENT|C:\\Users\\rkulkarn\\git\\Dashboard\\Reports\\Leverageplan-3\\20190208_111134\\1549604596740.png]]

2019-02-08 11:13:17 - [MESSAGE][FAILED] - verifyElementText(findTestObject("Dashboard_Widgets/Dashboard_QTD_CPS_Attainment/span_QTD CPS Attainment"), Widget1) FAILED.
Reason:
com.kms.katalon.core.exception.StepFailedException: Verify element text of test object 'Object Repository/Dashboard_Widgets/Dashboard_QTD_CPS_Attainment/span_QTD CPS Attainment' FAILED. (Root cause: com.kms.katalon.core.exception.StepFailedException: Actual text 'SAP Commissions (Version 1902, Build 24250)
© 2019 CallidusCloud. All rights reserved.' and expected text 'QTD CPS Attainment' of test object 'Object Repository/Dashboard_Widgets/Dashboard_QTD_CPS_Attainment/span_QTD CPS Attainment' are NOT matched.)
	at com.kms.katalon.core.keyword.internal.KeywordMain.stepFailed(KeywordMain.groovy:36)
	at com.kms.katalon.core.webui.keyword.internal.WebUIKeywordMain.stepFailed(WebUIKeywordMain.groovy:65)
	at com.kms.katalon.core.webui.keyword.internal.WebUIKeywordMain.runKeyword(WebUIKeywordMain.groovy:27)
	at com.kms.katalon.core.webui.keyword.builtin.VerifyElementTextKeyword.verifyElementText(VerifyElementTextKeyword.groovy:72)
	at com.kms.katalon.core.webui.keyword.builtin.VerifyElementTextKeyword.execute(VerifyElementTextKeyword.groovy:40)
	at com.kms.katalon.core.keyword.internal.KeywordExecutor.executeKeywordForPlatform(KeywordExecutor.groovy:53)
	at com.kms.katalon.core.webui.keyword.WebUiBuiltInKeywords.verifyElementText(WebUiBuiltInKeywords.groovy:3663)
	at com.kms.katalon.core.webui.keyword.WebUiBuiltInKeywords$verifyElementText$11.call(Unknown Source)
	at Widget1_QTD_CPS_Attainment.run(Widget1_QTD_CPS_Attainment:23)
	at com.kms.katalon.core.main.ScriptEngine.run(ScriptEngine.java:194)
	at com.kms.katalon.core.main.ScriptEngine.runScriptAsRawText(ScriptEngine.java:119)
	at com.kms.katalon.core.main.TestCaseExecutor.runScript(TestCaseExecutor.java:328)
	at com.kms.katalon.core.main.TestCaseExecutor.doExecute(TestCaseExecutor.java:319)
	at com.kms.katalon.core.main.TestCaseExecutor.processExecutionPhase(TestCaseExecutor.java:298)
	at com.kms.katalon.core.main.TestCaseExecutor.accessMainPhase(TestCaseExecutor.java:290)
	at com.kms.katalon.core.main.TestCaseExecutor.execute(TestCaseExecutor.java:224)
	at com.kms.katalon.core.main.TestSuiteExecutor.accessTestCaseMainPhase(TestSuiteExecutor.java:129)
	at com.kms.katalon.core.main.TestSuiteExecutor.accessTestSuiteMainPhase(TestSuiteExecutor.java:112)
	at com.kms.katalon.core.main.TestSuiteExecutor.execute(TestSuiteExecutor.java:81)
	at com.kms.katalon.core.main.TestCaseMain.startTestSuite(TestCaseMain.java:149)
	at com.kms.katalon.core.main.TestCaseMain$startTestSuite$0.call(Unknown Source)
	at TempTestSuite1549604494885.run(TempTestSuite1549604494885.groovy:36)]]></system-out>
         <system-err><![CDATA[2019-02-08 11:13:15 - [TEST_CASE][FAILED] - Test Cases/Dashboard_Lenovo/Dashboard_widgets/Widget1_QTD_CPS_Attainment: Test Cases/Dashboard_Lenovo/Dashboard_widgets/Widget1_QTD_CPS_Attainment FAILED.
Reason:
com.kms.katalon.core.exception.StepFailedException: Verify element text of test object 'Object Repository/Dashboard_Widgets/Dashboard_QTD_CPS_Attainment/span_QTD CPS Attainment' FAILED. (Root cause: com.kms.katalon.core.exception.StepFailedException: Actual text 'SAP Commissions (Version 1902, Build 24250)
© 2019 CallidusCloud. All rights reserved.' and expected text 'QTD CPS Attainment' of test object 'Object Repository/Dashboard_Widgets/Dashboard_QTD_CPS_Attainment/span_QTD CPS Attainment' are NOT matched.)
	at com.kms.katalon.core.keyword.internal.KeywordMain.stepFailed(KeywordMain.groovy:36)
	at com.kms.katalon.core.webui.keyword.internal.WebUIKeywordMain.stepFailed(WebUIKeywordMain.groovy:65)
	at com.kms.katalon.core.webui.keyword.internal.WebUIKeywordMain.runKeyword(WebUIKeywordMain.groovy:27)
	at com.kms.katalon.core.webui.keyword.builtin.VerifyElementTextKeyword.verifyElementText(VerifyElementTextKeyword.groovy:72)
	at com.kms.katalon.core.webui.keyword.builtin.VerifyElementTextKeyword.execute(VerifyElementTextKeyword.groovy:40)
	at com.kms.katalon.core.keyword.internal.KeywordExecutor.executeKeywordForPlatform(KeywordExecutor.groovy:53)
	at com.kms.katalon.core.webui.keyword.WebUiBuiltInKeywords.verifyElementText(WebUiBuiltInKeywords.groovy:3663)
	at com.kms.katalon.core.webui.keyword.WebUiBuiltInKeywords$verifyElementText$11.call(Unknown Source)
	at Widget1_QTD_CPS_Attainment.run(Widget1_QTD_CPS_Attainment:23)
	at com.kms.katalon.core.main.ScriptEngine.run(ScriptEngine.java:194)
	at com.kms.katalon.core.main.ScriptEngine.runScriptAsRawText(ScriptEngine.java:119)
	at com.kms.katalon.core.main.TestCaseExecutor.runScript(TestCaseExecutor.java:328)
	at com.kms.katalon.core.main.TestCaseExecutor.doExecute(TestCaseExecutor.java:319)
	at com.kms.katalon.core.main.TestCaseExecutor.processExecutionPhase(TestCaseExecutor.java:298)
	at com.kms.katalon.core.main.TestCaseExecutor.accessMainPhase(TestCaseExecutor.java:290)
	at com.kms.katalon.core.main.TestCaseExecutor.execute(TestCaseExecutor.java:224)
	at com.kms.katalon.core.main.TestSuiteExecutor.accessTestCaseMainPhase(TestSuiteExecutor.java:129)
	at com.kms.katalon.core.main.TestSuiteExecutor.accessTestSuiteMainPhase(TestSuiteExecutor.java:112)
	at com.kms.katalon.core.main.TestSuiteExecutor.execute(TestSuiteExecutor.java:81)
	at com.kms.katalon.core.main.TestCaseMain.startTestSuite(TestCaseMain.java:149)
	at com.kms.katalon.core.main.TestCaseMain$startTestSuite$0.call(Unknown Source)
	at TempTestSuite1549604494885.run(TempTestSuite1549604494885.groovy:36)]]></system-err>
      </testcase>
      <testcase name="Test Cases/Dashboard_Lenovo/Dashboard_widgets/Widget2_Myprofile" classname="Test Cases/Dashboard_Lenovo/Dashboard_widgets/Widget2_Myprofile" status="PASSED">
         <system-out><![CDATA[2019-02-08 11:13:17 - [TEST_CASE][PASSED] - Test Cases/Dashboard_Lenovo/Dashboard_widgets/Widget2_Myprofile: Test Cases/Dashboard_Lenovo/Dashboard_widgets/Widget2_Myprofile

2019-02-08 11:13:17 - [TEST_STEP][PASSED] - mouseOver(findTestObject("Dashboard_Widgets/Dashboard_MyProfile/span_My Profile")): Object: 'Object Repository/Dashboard_Widgets/Dashboard_MyProfile/span_My Profile' is hovered

2019-02-08 11:13:41 - [MESSAGE][PASSED] - Object: 'Object Repository/Dashboard_Widgets/Dashboard_MyProfile/span_My Profile' is hovered

2019-02-08 11:13:41 - [TEST_STEP][PASSED] - verifyElementText(findTestObject("Dashboard_Widgets/Dashboard_MyProfile/span_My Profile"), Widget2): Actual text and expected text of test object 'Object Repository/Dashboard_Widgets/Dashboard_MyProfile/span_My Profile' are matched.

2019-02-08 11:13:41 - [MESSAGE][PASSED] - Actual text and expected text of test object 'Object Repository/Dashboard_Widgets/Dashboard_MyProfile/span_My Profile' are matched.

2019-02-08 11:13:41 - [TEST_STEP][PASSED] - verifyEqual(getText(findTestObject("Dashboard_Widgets/Dashboard_Myprofile/div_First")), "First"): Actual object 'First' and expected object 'First' are equal

2019-02-08 11:13:41 - [MESSAGE][PASSED] - Text of object 'Object Repository/Dashboard_Widgets/Dashboard_Myprofile/div_First' is: 'First'

2019-02-08 11:13:41 - [MESSAGE][PASSED] - Actual object 'First' and expected object 'First' are equal

2019-02-08 11:13:41 - [TEST_STEP][PASSED] - obj1 = new com.kms.katalon.core.testobject.TestObject(Dynamic object): null

2019-02-08 11:13:41 - [TEST_STEP][PASSED] - fname_search1 = firstname: null

2019-02-08 11:13:41 - [TEST_STEP][PASSED] - Thread.sleep(6000): null

2019-02-08 11:13:47 - [TEST_STEP][PASSED] - xpath_firstname_test = " //div/span[contains(text(),"" + fname_search1 + "")]": null

2019-02-08 11:13:47 - [TEST_STEP][PASSED] - obj1.addProperty("xpath", EQUALS, xpath_firstname_test): null

2019-02-08 11:13:47 - [TEST_STEP][PASSED] - Thread.sleep(2000): null

2019-02-08 11:13:49 - [TEST_STEP][PASSED] - text = getText(obj1): Text of object 'Dynamic object' is: 'Bailey'

2019-02-08 11:13:49 - [MESSAGE][PASSED] - Text of object 'Dynamic object' is: 'Bailey'

2019-02-08 11:13:49 - [TEST_STEP][PASSED] - out.println(text): null

2019-02-08 11:13:49 - [TEST_STEP][PASSED] - verifyEqual(getText(obj1), firstname): Actual object 'Bailey' and expected object 'Bailey' are equal

2019-02-08 11:13:49 - [MESSAGE][PASSED] - Text of object 'Dynamic object' is: 'Bailey'

2019-02-08 11:13:49 - [MESSAGE][PASSED] - Actual object 'Bailey' and expected object 'Bailey' are equal

2019-02-08 11:13:49 - [TEST_STEP][PASSED] - verifyEqual(getText(findTestObject("Dashboard_Widgets/Dashboard_MyProfile/div_Last")), "Last"): Actual object 'Last' and expected object 'Last' are equal

2019-02-08 11:13:49 - [MESSAGE][PASSED] - Text of object 'Object Repository/Dashboard_Widgets/Dashboard_MyProfile/div_Last' is: 'Last'

2019-02-08 11:13:49 - [MESSAGE][PASSED] - Actual object 'Last' and expected object 'Last' are equal

2019-02-08 11:13:49 - [TEST_STEP][PASSED] - obj2 = new com.kms.katalon.core.testobject.TestObject(Dynamic object): null

2019-02-08 11:13:49 - [TEST_STEP][PASSED] - lname_search1 = Lastname: null

2019-02-08 11:13:49 - [TEST_STEP][PASSED] - xpath_lastname_test = " //div/span[contains(text(),"" + lname_search1 + "")]": null

2019-02-08 11:13:49 - [TEST_STEP][PASSED] - obj2.addProperty("xpath", EQUALS, xpath_lastname_test): null

2019-02-08 11:13:49 - [TEST_STEP][PASSED] - Thread.sleep(2000): null

2019-02-08 11:13:51 - [TEST_STEP][PASSED] - Last_text = getText(obj2): Text of object 'Dynamic object' is: 'Wilson'

2019-02-08 11:13:51 - [MESSAGE][PASSED] - Text of object 'Dynamic object' is: 'Wilson'

2019-02-08 11:13:51 - [TEST_STEP][PASSED] - verifyEqual(getText(obj2), Lastname): Actual object 'Wilson' and expected object 'Wilson' are equal

2019-02-08 11:13:51 - [MESSAGE][PASSED] - Text of object 'Dynamic object' is: 'Wilson'

2019-02-08 11:13:51 - [MESSAGE][PASSED] - Actual object 'Wilson' and expected object 'Wilson' are equal

2019-02-08 11:13:51 - [TEST_STEP][PASSED] - verifyEqual(getText(findTestObject("Dashboard_Widgets/Dashboard_MyProfile/div_Job Desc")), "Job Desc"): Actual object 'Job Desc' and expected object 'Job Desc' are equal

2019-02-08 11:13:51 - [MESSAGE][PASSED] - Text of object 'Object Repository/Dashboard_Widgets/Dashboard_MyProfile/div_Job Desc' is: 'Job Desc'

2019-02-08 11:13:51 - [MESSAGE][PASSED] - Actual object 'Job Desc' and expected object 'Job Desc' are equal

2019-02-08 11:13:51 - [TEST_STEP][PASSED] - obj3 = new com.kms.katalon.core.testobject.TestObject(Dynamic object): null

2019-02-08 11:13:51 - [TEST_STEP][PASSED] - job_search3 = JobDesc: null

2019-02-08 11:13:51 - [TEST_STEP][PASSED] - job_desc_xpath3 = " //div/span[contains(text(),"" + job_search3 + "")]": null

2019-02-08 11:13:51 - [TEST_STEP][PASSED] - obj3.addProperty("xpath", EQUALS, job_desc_xpath3): null

2019-02-08 11:13:51 - [TEST_STEP][PASSED] - Thread.sleep(2000): null

2019-02-08 11:13:53 - [TEST_STEP][PASSED] - job_text = getText(obj3): Text of object 'Dynamic object' is: 'Inside Sales Representative'

2019-02-08 11:13:54 - [MESSAGE][PASSED] - Text of object 'Dynamic object' is: 'Inside Sales Representative'

2019-02-08 11:13:54 - [TEST_STEP][PASSED] - verifyEqual(getText(obj3), JobDesc): Actual object 'Inside Sales Representative' and expected object 'Inside Sales Representative' are equal

2019-02-08 11:13:54 - [MESSAGE][PASSED] - Text of object 'Dynamic object' is: 'Inside Sales Representative'

2019-02-08 11:13:54 - [MESSAGE][PASSED] - Actual object 'Inside Sales Representative' and expected object 'Inside Sales Representative' are equal

2019-02-08 11:13:54 - [TEST_STEP][PASSED] - verifyEqual(getText(findTestObject("Dashboard_Widgets/Dashboard_MyProfile/div_Manager")), "Manager"): Actual object 'Manager' and expected object 'Manager' are equal

2019-02-08 11:13:54 - [MESSAGE][PASSED] - Text of object 'Object Repository/Dashboard_Widgets/Dashboard_MyProfile/div_Manager' is: 'Manager'

2019-02-08 11:13:54 - [MESSAGE][PASSED] - Actual object 'Manager' and expected object 'Manager' are equal

2019-02-08 11:13:54 - [TEST_STEP][PASSED] - obj4 = new com.kms.katalon.core.testobject.TestObject(Dynamic object): null

2019-02-08 11:13:54 - [TEST_STEP][PASSED] - manager_search4 = Manager: null

2019-02-08 11:13:54 - [TEST_STEP][PASSED] - manager_xpath4 = " //div/span[contains(text(),"" + manager_search4 + "")]": null

2019-02-08 11:13:54 - [TEST_STEP][PASSED] - obj4.addProperty("xpath", EQUALS, manager_xpath4): null

2019-02-08 11:13:54 - [TEST_STEP][PASSED] - Thread.sleep(2000): null

2019-02-08 11:13:56 - [TEST_STEP][PASSED] - manager_text = getText(obj4): Text of object 'Dynamic object' is: 'Andrew Lent'

2019-02-08 11:13:56 - [MESSAGE][PASSED] - Text of object 'Dynamic object' is: 'Andrew Lent'

2019-02-08 11:13:56 - [TEST_STEP][PASSED] - verifyEqual(getText(obj4), Manager): Actual object 'Andrew Lent' and expected object 'Andrew Lent' are equal

2019-02-08 11:13:56 - [MESSAGE][PASSED] - Text of object 'Dynamic object' is: 'Andrew Lent'

2019-02-08 11:13:56 - [MESSAGE][PASSED] - Actual object 'Andrew Lent' and expected object 'Andrew Lent' are equal

2019-02-08 11:13:56 - [TEST_STEP][PASSED] - verifyEqual(getText(findTestObject("Dashboard_Widgets/Dashboard_MyProfile/div_PDT")), "PDT"): Actual object 'PDT' and expected object 'PDT' are equal

2019-02-08 11:13:56 - [MESSAGE][PASSED] - Text of object 'Object Repository/Dashboard_Widgets/Dashboard_MyProfile/div_PDT' is: 'PDT'

2019-02-08 11:13:56 - [MESSAGE][PASSED] - Actual object 'PDT' and expected object 'PDT' are equal

2019-02-08 11:13:56 - [TEST_STEP][PASSED] - obj5 = new com.kms.katalon.core.testobject.TestObject(Dynamic object): null

2019-02-08 11:13:56 - [TEST_STEP][PASSED] - pdt_search5 = PDT: null

2019-02-08 11:13:56 - [TEST_STEP][PASSED] - pdt_xpath5 = " //div/span[contains(text(),"" + pdt_search5 + "")]": null

2019-02-08 11:13:56 - [TEST_STEP][PASSED] - obj5.addProperty("xpath", EQUALS, pdt_xpath5): null

2019-02-08 11:13:56 - [TEST_STEP][PASSED] - Thread.sleep(2000): null

2019-02-08 11:13:58 - [TEST_STEP][PASSED] - pdt_text = getText(obj5): Text of object 'Dynamic object' is: 'NEP115-US'

2019-02-08 11:13:58 - [MESSAGE][PASSED] - Text of object 'Dynamic object' is: 'NEP115-US'

2019-02-08 11:13:58 - [TEST_STEP][PASSED] - verifyEqual(getText(obj5), PDT): Actual object 'NEP115-US' and expected object 'NEP115-US' are equal

2019-02-08 11:13:58 - [MESSAGE][PASSED] - Text of object 'Dynamic object' is: 'NEP115-US'

2019-02-08 11:13:58 - [MESSAGE][PASSED] - Actual object 'NEP115-US' and expected object 'NEP115-US' are equal]]></system-out>
         <system-err><![CDATA[]]></system-err>
      </testcase>
      <testcase name="Test Cases/Dashboard_Lenovo/Dashboard_widgets/Widget3_Percent_of_TI" classname="Test Cases/Dashboard_Lenovo/Dashboard_widgets/Widget3_Percent_of_TI" status="PASSED">
         <system-out><![CDATA[2019-02-08 11:13:58 - [TEST_CASE][PASSED] - Test Cases/Dashboard_Lenovo/Dashboard_widgets/Widget3_Percent_of_TI: Test Cases/Dashboard_Lenovo/Dashboard_widgets/Widget3_Percent_of_TI

2019-02-08 11:13:59 - [TEST_STEP][PASSED] - mouseOver(findTestObject("Dashboard_Widgets/Dashboard_Percent_of_TI/span_Percent of TI")): Object: 'Object Repository/Dashboard_Widgets/Dashboard_Percent_of_TI/span_Percent of TI' is hovered

2019-02-08 11:14:04 - [MESSAGE][PASSED] - Object: 'Object Repository/Dashboard_Widgets/Dashboard_Percent_of_TI/span_Percent of TI' is hovered

2019-02-08 11:14:04 - [TEST_STEP][PASSED] - verifyElementText(findTestObject("Dashboard_Widgets/Dashboard_Percent_of_TI/span_Percent of TI"), Widget3): Actual text and expected text of test object 'Object Repository/Dashboard_Widgets/Dashboard_Percent_of_TI/span_Percent of TI' are matched.

2019-02-08 11:14:04 - [MESSAGE][PASSED] - Actual text and expected text of test object 'Object Repository/Dashboard_Widgets/Dashboard_Percent_of_TI/span_Percent of TI' are matched.

2019-02-08 11:14:04 - [TEST_STEP][PASSED] - verifyEqual(getText(findTestObject("Dashboard_Widgets/Dashboard_Percent_of_TI/Percent_of_TI_value")), Percent_Val): Actual object '256.99%' and expected object '256.99%' are equal

2019-02-08 11:14:04 - [MESSAGE][PASSED] - Text of object 'Object Repository/Dashboard_Widgets/Dashboard_Percent_of_TI/Percent_of_TI_value' is: '256.99%'

2019-02-08 11:14:04 - [MESSAGE][PASSED] - Actual object '256.99%' and expected object '256.99%' are equal

2019-02-08 11:14:04 - [TEST_STEP][PASSED] - verifyEqual(getText(findTestObject("Dashboard_Widgets/Dashboard_Percent_of_TI/Target_value")), Percent_Target): Actual object '4,875.25' and expected object '4,875.25' are equal

2019-02-08 11:14:04 - [MESSAGE][PASSED] - Text of object 'Object Repository/Dashboard_Widgets/Dashboard_Percent_of_TI/Target_value' is: '4,875.25'

2019-02-08 11:14:04 - [MESSAGE][PASSED] - Actual object '4,875.25' and expected object '4,875.25' are equal

2019-02-08 11:14:04 - [TEST_STEP][PASSED] - verifyEqual(getText(findTestObject("Dashboard_Widgets/Dashboard_Percent_of_TI/Achivement_val")), Percent_Achievment): Actual object '12,528.71' and expected object '12,528.71' are equal

2019-02-08 11:14:04 - [MESSAGE][PASSED] - Text of object 'Object Repository/Dashboard_Widgets/Dashboard_Percent_of_TI/Achivement_val' is: '12,528.71'

2019-02-08 11:14:04 - [MESSAGE][PASSED] - Actual object '12,528.71' and expected object '12,528.71' are equal]]></system-out>
         <system-err><![CDATA[]]></system-err>
      </testcase>
      <testcase name="Test Cases/Dashboard_Lenovo/Dashboard_widgets/Widget4_Element_1_Attainment" classname="Test Cases/Dashboard_Lenovo/Dashboard_widgets/Widget4_Element_1_Attainment" status="PASSED">
         <system-out><![CDATA[2019-02-08 11:14:04 - [TEST_CASE][PASSED] - Test Cases/Dashboard_Lenovo/Dashboard_widgets/Widget4_Element_1_Attainment: Test Cases/Dashboard_Lenovo/Dashboard_widgets/Widget4_Element_1_Attainment

2019-02-08 11:14:05 - [TEST_STEP][PASSED] - mouseOver(findTestObject("Dashboard_Widgets/Dashboard_Element_1_Attainment/span_Element 1 Attainment")): Object: 'Object Repository/Dashboard_Widgets/Dashboard_Element_1_Attainment/span_Element 1 Attainment' is hovered

2019-02-08 11:14:10 - [MESSAGE][PASSED] - Object: 'Object Repository/Dashboard_Widgets/Dashboard_Element_1_Attainment/span_Element 1 Attainment' is hovered

2019-02-08 11:14:10 - [TEST_STEP][PASSED] - verifyEqual(getText(findTestObject("Dashboard_Widgets/Dashboard_Element_1_Attainment/Element1_val")), Element1_val): Actual object '169.69%' and expected object '169.69%' are equal

2019-02-08 11:14:10 - [MESSAGE][PASSED] - Text of object 'Object Repository/Dashboard_Widgets/Dashboard_Element_1_Attainment/Element1_val' is: '169.69%'

2019-02-08 11:14:10 - [MESSAGE][PASSED] - Actual object '169.69%' and expected object '169.69%' are equal

2019-02-08 11:14:10 - [TEST_STEP][PASSED] - verifyElementText(findTestObject("Dashboard_Widgets/Dashboard_Element_1_Attainment/span_Element 1 Attainment"), Widget4): Actual text and expected text of test object 'Object Repository/Dashboard_Widgets/Dashboard_Element_1_Attainment/span_Element 1 Attainment' are matched.

2019-02-08 11:14:10 - [MESSAGE][PASSED] - Actual text and expected text of test object 'Object Repository/Dashboard_Widgets/Dashboard_Element_1_Attainment/span_Element 1 Attainment' are matched.

2019-02-08 11:14:10 - [TEST_STEP][PASSED] - verifyEqual(getText(findTestObject("Dashboard_Widgets/Dashboard_Element_1_Attainment/Quota_val")), Element_quota): Actual object '$12,178,000.00' and expected object '$12,178,000.00' are equal

2019-02-08 11:14:10 - [MESSAGE][PASSED] - Text of object 'Object Repository/Dashboard_Widgets/Dashboard_Element_1_Attainment/Quota_val' is: '$12,178,000.00'

2019-02-08 11:14:10 - [MESSAGE][PASSED] - Actual object '$12,178,000.00' and expected object '$12,178,000.00' are equal

2019-02-08 11:14:10 - [TEST_STEP][PASSED] - verifyEqual(getText(findTestObject("Dashboard_Widgets/Dashboard_Element_1_Attainment/Attainment_val")), Element_attainment): Actual object '$20,665,034.00' and expected object '$20,665,034.00' are equal

2019-02-08 11:14:10 - [MESSAGE][PASSED] - Text of object 'Object Repository/Dashboard_Widgets/Dashboard_Element_1_Attainment/Attainment_val' is: '$20,665,034.00'

2019-02-08 11:14:10 - [MESSAGE][PASSED] - Actual object '$20,665,034.00' and expected object '$20,665,034.00' are equal]]></system-out>
         <system-err><![CDATA[]]></system-err>
      </testcase>
      <testcase name="Test Cases/Dashboard_Lenovo/Dashboard_widgets/Widget5_Element_2_attainment" classname="Test Cases/Dashboard_Lenovo/Dashboard_widgets/Widget5_Element_2_attainment" status="PASSED">
         <system-out><![CDATA[2019-02-08 11:14:10 - [TEST_CASE][PASSED] - Test Cases/Dashboard_Lenovo/Dashboard_widgets/Widget5_Element_2_attainment: Test Cases/Dashboard_Lenovo/Dashboard_widgets/Widget5_Element_2_attainment

2019-02-08 11:14:11 - [TEST_STEP][PASSED] - mouseOver(findTestObject("Dashboard_Widgets/Dashboard_Element2_Attainment/span_Element 2 Attainment")): Object: 'Object Repository/Dashboard_Widgets/Dashboard_Element2_Attainment/span_Element 2 Attainment' is hovered

2019-02-08 11:14:16 - [MESSAGE][PASSED] - Object: 'Object Repository/Dashboard_Widgets/Dashboard_Element2_Attainment/span_Element 2 Attainment' is hovered

2019-02-08 11:14:16 - [TEST_STEP][PASSED] - verifyElementText(findTestObject("Dashboard_Widgets/Dashboard_Element2_Attainment/span_Element 2 Attainment"), Widget5): Actual text and expected text of test object 'Object Repository/Dashboard_Widgets/Dashboard_Element2_Attainment/span_Element 2 Attainment' are matched.

2019-02-08 11:14:16 - [MESSAGE][PASSED] - Actual text and expected text of test object 'Object Repository/Dashboard_Widgets/Dashboard_Element2_Attainment/span_Element 2 Attainment' are matched.

2019-02-08 11:14:16 - [TEST_STEP][PASSED] - verifyEqual(getText(findTestObject("Dashboard_Widgets/Dashboard_Element2_Attainment/Quota2_val")), Quota2): Actual object '$2,415,000.00' and expected object '$2,415,000.00' are equal

2019-02-08 11:14:16 - [MESSAGE][PASSED] - Text of object 'Object Repository/Dashboard_Widgets/Dashboard_Element2_Attainment/Quota2_val' is: '$2,415,000.00'

2019-02-08 11:14:16 - [MESSAGE][PASSED] - Actual object '$2,415,000.00' and expected object '$2,415,000.00' are equal

2019-02-08 11:14:16 - [TEST_STEP][PASSED] - verifyEqual(getText(findTestObject("Dashboard_Widgets/Dashboard_Element2_Attainment/Element2val")), valElement2): Actual object '177.60%' and expected object '177.60%' are equal

2019-02-08 11:14:16 - [MESSAGE][PASSED] - Text of object 'Object Repository/Dashboard_Widgets/Dashboard_Element2_Attainment/Element2val' is: '177.60%'

2019-02-08 11:14:16 - [MESSAGE][PASSED] - Actual object '177.60%' and expected object '177.60%' are equal

2019-02-08 11:14:16 - [TEST_STEP][PASSED] - verifyEqual(getText(findTestObject("Dashboard_Widgets/Dashboard_Element2_Attainment/Attainment2_Val")), Attainment2): Actual object '$4,289,048.00' and expected object '$4,289,048.00' are equal

2019-02-08 11:14:16 - [MESSAGE][PASSED] - Text of object 'Object Repository/Dashboard_Widgets/Dashboard_Element2_Attainment/Attainment2_Val' is: '$4,289,048.00'

2019-02-08 11:14:16 - [MESSAGE][PASSED] - Actual object '$4,289,048.00' and expected object '$4,289,048.00' are equal]]></system-out>
         <system-err><![CDATA[]]></system-err>
      </testcase>
      <testcase name="Test Cases/Dashboard_Lenovo/Dashboard_widgets/Widget6_Element_3_Attainment" classname="Test Cases/Dashboard_Lenovo/Dashboard_widgets/Widget6_Element_3_Attainment" status="PASSED">
         <system-out><![CDATA[2019-02-08 11:14:16 - [TEST_CASE][PASSED] - Test Cases/Dashboard_Lenovo/Dashboard_widgets/Widget6_Element_3_Attainment: Test Cases/Dashboard_Lenovo/Dashboard_widgets/Widget6_Element_3_Attainment

2019-02-08 11:14:17 - [TEST_STEP][PASSED] - mouseOver(findTestObject("Dashboard_Widgets/Dashboard_Element_3_Attainment/span_Element 3 Attainment")): Object: 'Object Repository/Dashboard_Widgets/Dashboard_Element_3_Attainment/span_Element 3 Attainment' is hovered

2019-02-08 11:14:22 - [MESSAGE][PASSED] - Object: 'Object Repository/Dashboard_Widgets/Dashboard_Element_3_Attainment/span_Element 3 Attainment' is hovered

2019-02-08 11:14:22 - [TEST_STEP][PASSED] - verifyElementText(findTestObject("Dashboard_Widgets/Dashboard_Element_3_Attainment/span_Element 3 Attainment"), widget6): Actual text and expected text of test object 'Object Repository/Dashboard_Widgets/Dashboard_Element_3_Attainment/span_Element 3 Attainment' are matched.

2019-02-08 11:14:22 - [MESSAGE][PASSED] - Actual text and expected text of test object 'Object Repository/Dashboard_Widgets/Dashboard_Element_3_Attainment/span_Element 3 Attainment' are matched.

2019-02-08 11:14:22 - [TEST_STEP][PASSED] - verifyEqual(getText(findTestObject("Dashboard_Widgets/Dashboard_Element_3_Attainment/Element3val")), ValElement3): Actual object '122.88%' and expected object '122.88%' are equal

2019-02-08 11:14:22 - [MESSAGE][PASSED] - Text of object 'Object Repository/Dashboard_Widgets/Dashboard_Element_3_Attainment/Element3val' is: '122.88%'

2019-02-08 11:14:22 - [MESSAGE][PASSED] - Actual object '122.88%' and expected object '122.88%' are equal

2019-02-08 11:14:22 - [TEST_STEP][PASSED] - verifyEqual(getText(findTestObject("Dashboard_Widgets/Dashboard_Element_3_Attainment/Quota3_val")), Quota3): Actual object '$1,564,000.00' and expected object '$1,564,000.00' are equal

2019-02-08 11:14:22 - [MESSAGE][PASSED] - Text of object 'Object Repository/Dashboard_Widgets/Dashboard_Element_3_Attainment/Quota3_val' is: '$1,564,000.00'

2019-02-08 11:14:22 - [MESSAGE][PASSED] - Actual object '$1,564,000.00' and expected object '$1,564,000.00' are equal

2019-02-08 11:14:22 - [TEST_STEP][PASSED] - verifyEqual(getText(findTestObject("Dashboard_Widgets/Dashboard_Element_3_Attainment/Attainment3_val")), Attainment3): Actual object '$1,921,846.00' and expected object '$1,921,846.00' are equal

2019-02-08 11:14:22 - [MESSAGE][PASSED] - Text of object 'Object Repository/Dashboard_Widgets/Dashboard_Element_3_Attainment/Attainment3_val' is: '$1,921,846.00'

2019-02-08 11:14:22 - [MESSAGE][PASSED] - Actual object '$1,921,846.00' and expected object '$1,921,846.00' are equal]]></system-out>
         <system-err><![CDATA[]]></system-err>
      </testcase>
      <testcase name="Test Cases/Dashboard_Lenovo/Dashboard_widgets/Widget7_attainment and quota/Widget7_1_QTD_CPSandELEMENT1DATA" classname="Test Cases/Dashboard_Lenovo/Dashboard_widgets/Widget7_attainment and quota/Widget7_1_QTD_CPSandELEMENT1DATA" status="PASSED">
         <system-out><![CDATA[2019-02-08 11:14:22 - [TEST_CASE][PASSED] - Test Cases/Dashboard_Lenovo/Dashboard_widgets/Widget7_attainment and quota/Widget7_1_QTD_CPSandELEMENT1DATA: Test Cases/Dashboard_Lenovo/Dashboard_widgets/Widget7_attainment and quota/Widget7_1_QTD_CPSandELEMENT1DATA

2019-02-08 11:14:23 - [TEST_STEP][PASSED] - mouseOver(findTestObject("Dashboard_Widgets/Dashboard_Attainment_and_quota_by _Quarter/Attainment and Quota by Q")): Object: 'Object Repository/Dashboard_Widgets/Dashboard_Attainment_and_quota_by _Quarter/Attainment and Quota by Q' is hovered

2019-02-08 11:14:23 - [MESSAGE][PASSED] - Object: 'Object Repository/Dashboard_Widgets/Dashboard_Attainment_and_quota_by _Quarter/Attainment and Quota by Q' is hovered

2019-02-08 11:14:23 - [TEST_STEP][PASSED] - verifyElementText(findTestObject("Dashboard_Widgets/Dashboard_Attainment_and_quota_by _Quarter/Attainment and Quota by Q"), widget7): Actual text and expected text of test object 'Object Repository/Dashboard_Widgets/Dashboard_Attainment_and_quota_by _Quarter/Attainment and Quota by Q' are matched.

2019-02-08 11:14:23 - [MESSAGE][PASSED] - Actual text and expected text of test object 'Object Repository/Dashboard_Widgets/Dashboard_Attainment_and_quota_by _Quarter/Attainment and Quota by Q' are matched.

2019-02-08 11:14:23 - [TEST_STEP][PASSED] - verifyEqual(getText(findTestObject("Dashboard_Widgets/Dashboard_Attainment_and_quota_by _Quarter/YearlyPeriods")), QuarterPeriods): Actual object '1Q19' and expected object '1Q19' are equal

2019-02-08 11:14:23 - [MESSAGE][PASSED] - Text of object 'Object Repository/Dashboard_Widgets/Dashboard_Attainment_and_quota_by _Quarter/YearlyPeriods' is: '1Q19'

2019-02-08 11:14:23 - [MESSAGE][PASSED] - Actual object '1Q19' and expected object '1Q19' are equal

2019-02-08 11:14:23 - [TEST_STEP][PASSED] - verifyEqual(getText(findTestObject("Dashboard_Widgets/Dashboard_Attainment_and_quota_by _Quarter/td_QTD CPS")), QtdCpsTxt): Actual object 'QTD CPS' and expected object 'QTD CPS' are equal

2019-02-08 11:14:23 - [MESSAGE][PASSED] - Text of object 'Object Repository/Dashboard_Widgets/Dashboard_Attainment_and_quota_by _Quarter/td_QTD CPS' is: 'QTD CPS'

2019-02-08 11:14:23 - [MESSAGE][PASSED] - Actual object 'QTD CPS' and expected object 'QTD CPS' are equal

2019-02-08 11:14:23 - [TEST_STEP][PASSED] - verifyEqual(getText(findTestObject("Dashboard_Widgets/Dashboard_Attainment_and_quota_by _Quarter/Qtd cps")), QTDCPS): Actual object '163.49%' and expected object '163.49%' are equal

2019-02-08 11:14:23 - [MESSAGE][PASSED] - Text of object 'Object Repository/Dashboard_Widgets/Dashboard_Attainment_and_quota_by _Quarter/Qtd cps' is: '163.49%'

2019-02-08 11:14:23 - [MESSAGE][PASSED] - Actual object '163.49%' and expected object '163.49%' are equal

2019-02-08 11:14:23 - [TEST_STEP][PASSED] - verifyEqual(getText(findTestObject("Dashboard_Widgets/Dashboard_Attainment_and_quota_by _Quarter/td_Element 1 Quota")), "Element 1 Quota"): Actual object 'Element 1 Quota' and expected object 'Element 1 Quota' are equal

2019-02-08 11:14:23 - [MESSAGE][PASSED] - Text of object 'Object Repository/Dashboard_Widgets/Dashboard_Attainment_and_quota_by _Quarter/td_Element 1 Quota' is: 'Element 1 Quota'

2019-02-08 11:14:23 - [MESSAGE][PASSED] - Actual object 'Element 1 Quota' and expected object 'Element 1 Quota' are equal

2019-02-08 11:14:23 - [TEST_STEP][PASSED] - verifyEqual(getText(findTestObject("Dashboard_Widgets/Dashboard_Attainment_and_quota_by _Quarter/Element Quota")), Quota1): Actual object '12,178,000.00' and expected object '12,178,000.00' are equal

2019-02-08 11:14:23 - [MESSAGE][PASSED] - Text of object 'Object Repository/Dashboard_Widgets/Dashboard_Attainment_and_quota_by _Quarter/Element Quota' is: '12,178,000.00'

2019-02-08 11:14:23 - [MESSAGE][PASSED] - Actual object '12,178,000.00' and expected object '12,178,000.00' are equal

2019-02-08 11:14:23 - [TEST_STEP][PASSED] - verifyEqual(getText(findTestObject("Dashboard_Widgets/Dashboard_Attainment_and_quota_by _Quarter/td_Element 1 Attainment")), "Element 1 Attainment"): Actual object 'Element 1 Attainment' and expected object 'Element 1 Attainment' are equal

2019-02-08 11:14:23 - [MESSAGE][PASSED] - Text of object 'Object Repository/Dashboard_Widgets/Dashboard_Attainment_and_quota_by _Quarter/td_Element 1 Attainment' is: 'Element 1 Attainment'

2019-02-08 11:14:23 - [MESSAGE][PASSED] - Actual object 'Element 1 Attainment' and expected object 'Element 1 Attainment' are equal

2019-02-08 11:14:23 - [TEST_STEP][PASSED] - verifyEqual(getText(findTestObject("Dashboard_Widgets/Dashboard_Attainment_and_quota_by _Quarter/Element1 Attainment")), Element1attainment): Actual object '20,665,034.00' and expected object '20,665,034.00' are equal

2019-02-08 11:14:23 - [MESSAGE][PASSED] - Text of object 'Object Repository/Dashboard_Widgets/Dashboard_Attainment_and_quota_by _Quarter/Element1 Attainment' is: '20,665,034.00'

2019-02-08 11:14:23 - [MESSAGE][PASSED] - Actual object '20,665,034.00' and expected object '20,665,034.00' are equal

2019-02-08 11:14:23 - [TEST_STEP][PASSED] - verifyEqual(getText(findTestObject("Dashboard_Widgets/Dashboard_Attainment_and_quota_by _Quarter/td_Element 1 AttainmentPercentage")), "Element 1 Attainment %"): Actual object 'Element 1 Attainment %' and expected object 'Element 1 Attainment %' are equal

2019-02-08 11:14:23 - [MESSAGE][PASSED] - Text of object 'Object Repository/Dashboard_Widgets/Dashboard_Attainment_and_quota_by _Quarter/td_Element 1 AttainmentPercentage' is: 'Element 1 Attainment %'

2019-02-08 11:14:24 - [MESSAGE][PASSED] - Actual object 'Element 1 Attainment %' and expected object 'Element 1 Attainment %' are equal

2019-02-08 11:14:24 - [TEST_STEP][PASSED] - verifyEqual(getText(findTestObject("Dashboard_Widgets/Dashboard_Attainment_and_quota_by _Quarter/Percentage of Element1 attainment")), Percentageofelementone): Actual object '169.69%' and expected object '169.69%' are equal

2019-02-08 11:14:24 - [MESSAGE][PASSED] - Text of object 'Object Repository/Dashboard_Widgets/Dashboard_Attainment_and_quota_by _Quarter/Percentage of Element1 attainment' is: '169.69%'

2019-02-08 11:14:24 - [MESSAGE][PASSED] - Actual object '169.69%' and expected object '169.69%' are equal]]></system-out>
         <system-err><![CDATA[]]></system-err>
      </testcase>
      <testcase name="Test Cases/Dashboard_Lenovo/Dashboard_widgets/Widget7_attainment and quota/Widget7_2_Element2val" classname="Test Cases/Dashboard_Lenovo/Dashboard_widgets/Widget7_attainment and quota/Widget7_2_Element2val" status="PASSED">
         <system-out><![CDATA[2019-02-08 11:14:24 - [TEST_CASE][PASSED] - Test Cases/Dashboard_Lenovo/Dashboard_widgets/Widget7_attainment and quota/Widget7_2_Element2val: Test Cases/Dashboard_Lenovo/Dashboard_widgets/Widget7_attainment and quota/Widget7_2_Element2val

2019-02-08 11:14:24 - [TEST_STEP][PASSED] - verifyEqual(getText(findTestObject("Dashboard_Widgets/Dashboard_Attainment_and_quota_by _Quarter/td_Element 2 Quota")), "Element 2 Quota"): Actual object 'Element 2 Quota' and expected object 'Element 2 Quota' are equal

2019-02-08 11:14:24 - [MESSAGE][PASSED] - Text of object 'Object Repository/Dashboard_Widgets/Dashboard_Attainment_and_quota_by _Quarter/td_Element 2 Quota' is: 'Element 2 Quota'

2019-02-08 11:14:24 - [MESSAGE][PASSED] - Actual object 'Element 2 Quota' and expected object 'Element 2 Quota' are equal

2019-02-08 11:14:24 - [TEST_STEP][PASSED] - verifyEqual(getText(findTestObject("Dashboard_Widgets/Dashboard_Attainment_and_quota_by _Quarter/Quota2val")), Quota2): Actual object '2,415,000.00' and expected object '2,415,000.00' are equal

2019-02-08 11:14:24 - [MESSAGE][PASSED] - Text of object 'Object Repository/Dashboard_Widgets/Dashboard_Attainment_and_quota_by _Quarter/Quota2val' is: '2,415,000.00'

2019-02-08 11:14:24 - [MESSAGE][PASSED] - Actual object '2,415,000.00' and expected object '2,415,000.00' are equal

2019-02-08 11:14:24 - [TEST_STEP][PASSED] - verifyEqual(getText(findTestObject("Dashboard_Widgets/Dashboard_Attainment_and_quota_by _Quarter/td_Element 2 Attainment")), "Element 2 Attainment"): Actual object 'Element 2 Attainment' and expected object 'Element 2 Attainment' are equal

2019-02-08 11:14:24 - [MESSAGE][PASSED] - Text of object 'Object Repository/Dashboard_Widgets/Dashboard_Attainment_and_quota_by _Quarter/td_Element 2 Attainment' is: 'Element 2 Attainment'

2019-02-08 11:14:24 - [MESSAGE][PASSED] - Actual object 'Element 2 Attainment' and expected object 'Element 2 Attainment' are equal

2019-02-08 11:14:24 - [TEST_STEP][PASSED] - verifyEqual(getText(findTestObject("Dashboard_Widgets/Dashboard_Attainment_and_quota_by _Quarter/attainment2val")), Element2attainment): Actual object '4,289,048.00' and expected object '4,289,048.00' are equal

2019-02-08 11:14:24 - [MESSAGE][PASSED] - Text of object 'Object Repository/Dashboard_Widgets/Dashboard_Attainment_and_quota_by _Quarter/attainment2val' is: '4,289,048.00'

2019-02-08 11:14:24 - [MESSAGE][PASSED] - Actual object '4,289,048.00' and expected object '4,289,048.00' are equal

2019-02-08 11:14:24 - [TEST_STEP][PASSED] - verifyEqual(getText(findTestObject("Dashboard_Widgets/Dashboard_Attainment_and_quota_by _Quarter/td_Element 2 AttainmentPercentage")), "Element 2 Attainment %"): Actual object 'Element 2 Attainment %' and expected object 'Element 2 Attainment %' are equal

2019-02-08 11:14:24 - [MESSAGE][PASSED] - Text of object 'Object Repository/Dashboard_Widgets/Dashboard_Attainment_and_quota_by _Quarter/td_Element 2 AttainmentPercentage' is: 'Element 2 Attainment %'

2019-02-08 11:14:24 - [MESSAGE][PASSED] - Actual object 'Element 2 Attainment %' and expected object 'Element 2 Attainment %' are equal

2019-02-08 11:14:24 - [TEST_STEP][PASSED] - verifyEqual(getText(findTestObject("Dashboard_Widgets/Dashboard_Attainment_and_quota_by _Quarter/percentage2attainmentvalue")), PercentageofElementtwo): Actual object '177.60%' and expected object '177.60%' are equal

2019-02-08 11:14:24 - [MESSAGE][PASSED] - Text of object 'Object Repository/Dashboard_Widgets/Dashboard_Attainment_and_quota_by _Quarter/percentage2attainmentvalue' is: '177.60%'

2019-02-08 11:14:24 - [MESSAGE][PASSED] - Actual object '177.60%' and expected object '177.60%' are equal]]></system-out>
         <system-err><![CDATA[]]></system-err>
      </testcase>
      <testcase name="Test Cases/Dashboard_Lenovo/Dashboard_widgets/Widget7_attainment and quota/Widget7_3_Element3Val" classname="Test Cases/Dashboard_Lenovo/Dashboard_widgets/Widget7_attainment and quota/Widget7_3_Element3Val" status="PASSED">
         <system-out><![CDATA[2019-02-08 11:14:24 - [TEST_CASE][PASSED] - Test Cases/Dashboard_Lenovo/Dashboard_widgets/Widget7_attainment and quota/Widget7_3_Element3Val: Test Cases/Dashboard_Lenovo/Dashboard_widgets/Widget7_attainment and quota/Widget7_3_Element3Val

2019-02-08 11:14:25 - [TEST_STEP][PASSED] - verifyEqual(getText(findTestObject("Dashboard_Widgets/Dashboard_Attainment_and_quota_by _Quarter/td_Element 3 Quota")), "Element 3 Quota"): Actual object 'Element 3 Quota' and expected object 'Element 3 Quota' are equal

2019-02-08 11:14:25 - [MESSAGE][PASSED] - Text of object 'Object Repository/Dashboard_Widgets/Dashboard_Attainment_and_quota_by _Quarter/td_Element 3 Quota' is: 'Element 3 Quota'

2019-02-08 11:14:25 - [MESSAGE][PASSED] - Actual object 'Element 3 Quota' and expected object 'Element 3 Quota' are equal

2019-02-08 11:14:25 - [TEST_STEP][PASSED] - verifyEqual(getText(findTestObject("Dashboard_Widgets/Dashboard_Attainment_and_quota_by _Quarter/Quota3")), Quota3): Actual object '1,564,000.00' and expected object '1,564,000.00' are equal

2019-02-08 11:14:25 - [MESSAGE][PASSED] - Text of object 'Object Repository/Dashboard_Widgets/Dashboard_Attainment_and_quota_by _Quarter/Quota3' is: '1,564,000.00'

2019-02-08 11:14:25 - [MESSAGE][PASSED] - Actual object '1,564,000.00' and expected object '1,564,000.00' are equal

2019-02-08 11:14:25 - [TEST_STEP][PASSED] - verifyEqual(getText(findTestObject("Dashboard_Widgets/Dashboard_Attainment_and_quota_by _Quarter/td_Element 3 Attainment")), "Element 3 Attainment"): Actual object 'Element 3 Attainment' and expected object 'Element 3 Attainment' are equal

2019-02-08 11:14:25 - [MESSAGE][PASSED] - Text of object 'Object Repository/Dashboard_Widgets/Dashboard_Attainment_and_quota_by _Quarter/td_Element 3 Attainment' is: 'Element 3 Attainment'

2019-02-08 11:14:25 - [MESSAGE][PASSED] - Actual object 'Element 3 Attainment' and expected object 'Element 3 Attainment' are equal

2019-02-08 11:14:25 - [TEST_STEP][PASSED] - verifyEqual(getText(findTestObject("Dashboard_Widgets/Dashboard_Attainment_and_quota_by _Quarter/Attainment3val")), Element3attainment): Actual object '1,921,846.00' and expected object '1,921,846.00' are equal

2019-02-08 11:14:25 - [MESSAGE][PASSED] - Text of object 'Object Repository/Dashboard_Widgets/Dashboard_Attainment_and_quota_by _Quarter/Attainment3val' is: '1,921,846.00'

2019-02-08 11:14:25 - [MESSAGE][PASSED] - Actual object '1,921,846.00' and expected object '1,921,846.00' are equal

2019-02-08 11:14:25 - [TEST_STEP][PASSED] - verifyEqual(getText(findTestObject("Dashboard_Widgets/Dashboard_Attainment_and_quota_by _Quarter/td_Element 3 Attainmentpercentage")), "Element 3 Attainment %"): Actual object 'Element 3 Attainment %' and expected object 'Element 3 Attainment %' are equal

2019-02-08 11:14:25 - [MESSAGE][PASSED] - Text of object 'Object Repository/Dashboard_Widgets/Dashboard_Attainment_and_quota_by _Quarter/td_Element 3 Attainmentpercentage' is: 'Element 3 Attainment %'

2019-02-08 11:14:25 - [MESSAGE][PASSED] - Actual object 'Element 3 Attainment %' and expected object 'Element 3 Attainment %' are equal

2019-02-08 11:14:25 - [TEST_STEP][PASSED] - verifyEqual(getText(findTestObject("Dashboard_Widgets/Dashboard_Attainment_and_quota_by _Quarter/Percentage3attainmentval")), PercentageofElementthree): Actual object '122.88%' and expected object '122.88%' are equal

2019-02-08 11:14:25 - [MESSAGE][PASSED] - Text of object 'Object Repository/Dashboard_Widgets/Dashboard_Attainment_and_quota_by _Quarter/Percentage3attainmentval' is: '122.88%'

2019-02-08 11:14:25 - [MESSAGE][PASSED] - Actual object '122.88%' and expected object '122.88%' are equal]]></system-out>
         <system-err><![CDATA[]]></system-err>
      </testcase>
      <testcase name="Test Cases/Dashboard_Lenovo/Dashboard_widgets/Widget8_currentyearpayments" classname="Test Cases/Dashboard_Lenovo/Dashboard_widgets/Widget8_currentyearpayments" status="PASSED">
         <system-out><![CDATA[2019-02-08 11:14:25 - [TEST_CASE][PASSED] - Test Cases/Dashboard_Lenovo/Dashboard_widgets/Widget8_currentyearpayments: Test Cases/Dashboard_Lenovo/Dashboard_widgets/Widget8_currentyearpayments

2019-02-08 11:14:26 - [TEST_STEP][PASSED] - mouseOver(findTestObject("Dashboard_Widgets/Dashbaoard_currentyearpayments/Current_YearPayments")): Object: 'Object Repository/Dashboard_Widgets/Dashbaoard_currentyearpayments/Current_YearPayments' is hovered

2019-02-08 11:14:26 - [MESSAGE][PASSED] - Object: 'Object Repository/Dashboard_Widgets/Dashbaoard_currentyearpayments/Current_YearPayments' is hovered

2019-02-08 11:14:26 - [TEST_STEP][PASSED] - verifyElementText(findTestObject("Dashboard_Widgets/Dashbaoard_currentyearpayments/Current_YearPayments"), widget8): Actual text and expected text of test object 'Object Repository/Dashboard_Widgets/Dashbaoard_currentyearpayments/Current_YearPayments' are matched.

2019-02-08 11:14:26 - [MESSAGE][PASSED] - Actual text and expected text of test object 'Object Repository/Dashboard_Widgets/Dashbaoard_currentyearpayments/Current_YearPayments' are matched.]]></system-out>
         <system-err><![CDATA[]]></system-err>
      </testcase>
      <system-out><![CDATA[2019-02-08 11:11:40 - [TEST_SUITE][FAILED] - Leverageplan-3: Test Cases/Dashboard_Lenovo/Dashboard_widgets/Widget1_QTD_CPS_Attainment FAILED.
Reason:
com.kms.katalon.core.exception.StepFailedException: Verify element text of test object 'Object Repository/Dashboard_Widgets/Dashboard_QTD_CPS_Attainment/span_QTD CPS Attainment' FAILED. (Root cause: com.kms.katalon.core.exception.StepFailedException: Actual text 'SAP Commissions (Version 1902, Build 24250)
© 2019 CallidusCloud. All rights reserved.' and expected text 'QTD CPS Attainment' of test object 'Object Repository/Dashboard_Widgets/Dashboard_QTD_CPS_Attainment/span_QTD CPS Attainment' are NOT matched.)
	at com.kms.katalon.core.keyword.internal.KeywordMain.stepFailed(KeywordMain.groovy:36)
	at com.kms.katalon.core.webui.keyword.internal.WebUIKeywordMain.stepFailed(WebUIKeywordMain.groovy:65)
	at com.kms.katalon.core.webui.keyword.internal.WebUIKeywordMain.runKeyword(WebUIKeywordMain.groovy:27)
	at com.kms.katalon.core.webui.keyword.builtin.VerifyElementTextKeyword.verifyElementText(VerifyElementTextKeyword.groovy:72)
	at com.kms.katalon.core.webui.keyword.builtin.VerifyElementTextKeyword.execute(VerifyElementTextKeyword.groovy:40)
	at com.kms.katalon.core.keyword.internal.KeywordExecutor.executeKeywordForPlatform(KeywordExecutor.groovy:53)
	at com.kms.katalon.core.webui.keyword.WebUiBuiltInKeywords.verifyElementText(WebUiBuiltInKeywords.groovy:3663)
	at com.kms.katalon.core.webui.keyword.WebUiBuiltInKeywords$verifyElementText$11.call(Unknown Source)
	at Widget1_QTD_CPS_Attainment.run(Widget1_QTD_CPS_Attainment:23)
	at com.kms.katalon.core.main.ScriptEngine.run(ScriptEngine.java:194)
	at com.kms.katalon.core.main.ScriptEngine.runScriptAsRawText(ScriptEngine.java:119)
	at com.kms.katalon.core.main.TestCaseExecutor.runScript(TestCaseExecutor.java:328)
	at com.kms.katalon.core.main.TestCaseExecutor.doExecute(TestCaseExecutor.java:319)
	at com.kms.katalon.core.main.TestCaseExecutor.processExecutionPhase(TestCaseExecutor.java:298)
	at com.kms.katalon.core.main.TestCaseExecutor.accessMainPhase(TestCaseExecutor.java:290)
	at com.kms.katalon.core.main.TestCaseExecutor.execute(TestCaseExecutor.java:224)
	at com.kms.katalon.core.main.TestSuiteExecutor.accessTestCaseMainPhase(TestSuiteExecutor.java:129)
	at com.kms.katalon.core.main.TestSuiteExecutor.accessTestSuiteMainPhase(TestSuiteExecutor.java:112)
	at com.kms.katalon.core.main.TestSuiteExecutor.execute(TestSuiteExecutor.java:81)
	at com.kms.katalon.core.main.TestCaseMain.startTestSuite(TestCaseMain.java:149)
	at com.kms.katalon.core.main.TestCaseMain$startTestSuite$0.call(Unknown Source)
	at TempTestSuite1549604494885.run(TempTestSuite1549604494885.groovy:36)]]></system-out>
      <system-err><![CDATA[2019-02-08 11:11:40 - [TEST_SUITE][FAILED] - Leverageplan-3: Test Cases/Dashboard_Lenovo/Dashboard_widgets/Widget1_QTD_CPS_Attainment FAILED.
Reason:
com.kms.katalon.core.exception.StepFailedException: Verify element text of test object 'Object Repository/Dashboard_Widgets/Dashboard_QTD_CPS_Attainment/span_QTD CPS Attainment' FAILED. (Root cause: com.kms.katalon.core.exception.StepFailedException: Actual text 'SAP Commissions (Version 1902, Build 24250)
© 2019 CallidusCloud. All rights reserved.' and expected text 'QTD CPS Attainment' of test object 'Object Repository/Dashboard_Widgets/Dashboard_QTD_CPS_Attainment/span_QTD CPS Attainment' are NOT matched.)
	at com.kms.katalon.core.keyword.internal.KeywordMain.stepFailed(KeywordMain.groovy:36)
	at com.kms.katalon.core.webui.keyword.internal.WebUIKeywordMain.stepFailed(WebUIKeywordMain.groovy:65)
	at com.kms.katalon.core.webui.keyword.internal.WebUIKeywordMain.runKeyword(WebUIKeywordMain.groovy:27)
	at com.kms.katalon.core.webui.keyword.builtin.VerifyElementTextKeyword.verifyElementText(VerifyElementTextKeyword.groovy:72)
	at com.kms.katalon.core.webui.keyword.builtin.VerifyElementTextKeyword.execute(VerifyElementTextKeyword.groovy:40)
	at com.kms.katalon.core.keyword.internal.KeywordExecutor.executeKeywordForPlatform(KeywordExecutor.groovy:53)
	at com.kms.katalon.core.webui.keyword.WebUiBuiltInKeywords.verifyElementText(WebUiBuiltInKeywords.groovy:3663)
	at com.kms.katalon.core.webui.keyword.WebUiBuiltInKeywords$verifyElementText$11.call(Unknown Source)
	at Widget1_QTD_CPS_Attainment.run(Widget1_QTD_CPS_Attainment:23)
	at com.kms.katalon.core.main.ScriptEngine.run(ScriptEngine.java:194)
	at com.kms.katalon.core.main.ScriptEngine.runScriptAsRawText(ScriptEngine.java:119)
	at com.kms.katalon.core.main.TestCaseExecutor.runScript(TestCaseExecutor.java:328)
	at com.kms.katalon.core.main.TestCaseExecutor.doExecute(TestCaseExecutor.java:319)
	at com.kms.katalon.core.main.TestCaseExecutor.processExecutionPhase(TestCaseExecutor.java:298)
	at com.kms.katalon.core.main.TestCaseExecutor.accessMainPhase(TestCaseExecutor.java:290)
	at com.kms.katalon.core.main.TestCaseExecutor.execute(TestCaseExecutor.java:224)
	at com.kms.katalon.core.main.TestSuiteExecutor.accessTestCaseMainPhase(TestSuiteExecutor.java:129)
	at com.kms.katalon.core.main.TestSuiteExecutor.accessTestSuiteMainPhase(TestSuiteExecutor.java:112)
	at com.kms.katalon.core.main.TestSuiteExecutor.execute(TestSuiteExecutor.java:81)
	at com.kms.katalon.core.main.TestCaseMain.startTestSuite(TestCaseMain.java:149)
	at com.kms.katalon.core.main.TestCaseMain$startTestSuite$0.call(Unknown Source)
	at TempTestSuite1549604494885.run(TempTestSuite1549604494885.groovy:36)]]></system-err>
   </testsuite>
</testsuites>
