<?xml version="1.0" encoding="UTF-8"?>
<testsuites name="LeveragePlan1" time="166" tests="15" failures="1" errors="0">
   <testsuite name="LeveragePlan1" tests="15" failures="1" errors="0" time="166" timestamp="2018-12-03 17:20:10" hostname="rkulkarn - 41XHMV1-E6330.callidussoftware.com" id="Test Suites/LeveragePlan1">
      <properties>
         <property name="deviceName" value=""/>
         <property name="devicePlatform" value=""/>
         <property name="logFolder" value="C:\\Users\\rkulkarn\\git\\Dashboard\\Reports\\LeveragePlan1\\20181203_172006"/>
         <property name="logFiles" value="C:\\Users\\rkulkarn\\git\\Dashboard\\Reports\\LeveragePlan1\\20181203_172006\\execution0.log"/>
         <property name="attachments" value="C:\\Users\\rkulkarn\\git\\Dashboard\\Reports\\LeveragePlan1\\20181203_172006\\1543837900708.png"/>
         <property name="hostName" value="rkulkarn - 41XHMV1-E6330.callidussoftware.com"/>
         <property name="os" value="Windows 10 64bit"/>
         <property name="katalonVersion" value="5.7.0.1"/>
         <property name="browser" value="Chrome 70.0.3538.110"/>
         <property name="hostAddress" value="192.168.241.28"/>
         <property name="sessionId" value="92c855e6839f0bda5e25cb1adee3d381"/>
         <property name="seleniumVersion" value="3.7.1"/>
         <property name="proxyInformation" value="ProxyInformation{proxyOption=NO_PROXY, proxyServerType=HTTP, password=, proxyServerAddress=, proxyServerPort=0}"/>
         <property name="platform" value="Windows 10"/>
      </properties>
      <testcase name="Test Cases/Dashboard_Lenovo/Dashboard_login" classname="Test Cases/Dashboard_Lenovo/Dashboard_login" status="PASSED">
         <system-out><![CDATA[2018-12-03 17:20:11 - [TEST_CASE][PASSED] - Test Cases/Dashboard_Lenovo/Dashboard_login: Test Cases/Dashboard_Lenovo/Dashboard_login

2018-12-03 17:20:11 - [TEST_STEP][PASSED] - openBrowser: Browser is opened with url: ''

2018-12-03 17:20:16 - [MESSAGE][PASSED] - Browser is opened with url: ''

2018-12-03 17:20:16 - [TEST_STEP][PASSED] - navigateToUrl: Navigate to 'https://lnvo-muat.callidusondemand.com/SalesPortal/#!/' successfully

2018-12-03 17:20:22 - [MESSAGE][PASSED] - Navigate to 'https://lnvo-muat.callidusondemand.com/SalesPortal/#!/' successfully

2018-12-03 17:20:22 - [TEST_STEP][PASSED] - maximizeWindow: Current window maximized

2018-12-03 17:20:23 - [MESSAGE][PASSED] - Current window maximized

2018-12-03 17:20:23 - [TEST_STEP][PASSED] - delay: Delayed 3 second(s)

2018-12-03 17:20:26 - [MESSAGE][PASSED] - Delayed 3 second(s)

2018-12-03 17:20:26 - [TEST_STEP][PASSED] - setText: Text 'sapattna' is set on object 'Object Repository/Dashboard_login/input_username'

2018-12-03 17:20:27 - [MESSAGE][PASSED] - Text 'sapattna' is set on object 'Object Repository/Dashboard_login/input_username'

2018-12-03 17:20:27 - [TEST_STEP][PASSED] - delay: Delayed 3 second(s)

2018-12-03 17:20:30 - [MESSAGE][PASSED] - Delayed 3 second(s)

2018-12-03 17:20:30 - [TEST_STEP][PASSED] - setText: Text 'Callidus123' is set on object 'Object Repository/Dashboard_login/input_password'

2018-12-03 17:20:30 - [MESSAGE][PASSED] - Text 'Callidus123' is set on object 'Object Repository/Dashboard_login/input_password'

2018-12-03 17:20:30 - [TEST_STEP][PASSED] - click: Object: 'Object Repository/Dashboard_login/button_Login' is clicked on

2018-12-03 17:20:30 - [MESSAGE][PASSED] - Object: 'Object Repository/Dashboard_login/button_Login' is clicked on]]></system-out>
         <system-err><![CDATA[]]></system-err>
      </testcase>
      <testcase name="Test Cases/Dashboard_Lenovo/Dashboard_Planfloder/Dashboard_Plans" classname="Test Cases/Dashboard_Lenovo/Dashboard_Planfloder/Dashboard_Plans" status="PASSED">
         <system-out><![CDATA[2018-12-03 17:20:30 - [TEST_CASE][PASSED] - Test Cases/Dashboard_Lenovo/Dashboard_Planfloder/Dashboard_Plans: Test Cases/Dashboard_Lenovo/Dashboard_Planfloder/Dashboard_Plans

2018-12-03 17:20:31 - [TEST_STEP][PASSED] - Statement - java.lang.Thread.sleep(3000): null

2018-12-03 17:20:34 - [TEST_STEP][PASSED] - click: Object: 'Object Repository/Dashboard_Plan/a_Dashboards' is clicked on

2018-12-03 17:20:35 - [MESSAGE][PASSED] - Object: 'Object Repository/Dashboard_Plan/a_Dashboards' is clicked on

2018-12-03 17:20:35 - [TEST_STEP][PASSED] - delay: Delayed 1 second(s)

2018-12-03 17:20:36 - [MESSAGE][PASSED] - Delayed 1 second(s)

2018-12-03 17:20:36 - [TEST_STEP][PASSED] - click: Object: 'Object Repository/Dashboard_Plan/input_Search_form-control ng-p' is clicked on

2018-12-03 17:20:36 - [MESSAGE][PASSED] - Object: 'Object Repository/Dashboard_Plan/input_Search_form-control ng-p' is clicked on

2018-12-03 17:20:36 - [TEST_STEP][PASSED] - setText: Text 'Quarterly Leverage Plan-3 Elements-CPS' is set on object 'Object Repository/Dashboard_Plan/input_Search_form-control ng-p'

2018-12-03 17:20:37 - [MESSAGE][PASSED] - Text 'Quarterly Leverage Plan-3 Elements-CPS' is set on object 'Object Repository/Dashboard_Plan/input_Search_form-control ng-p'

2018-12-03 17:20:37 - [TEST_STEP][PASSED] - globalkeywords.record.RecordNotFound: globalkeywords.record.RecordNotFound is PASSED

2018-12-03 17:20:50 - [MESSAGE][WARNING] - Object 'Object Repository/No_Results_Found/span_No results found.' is not present after 10 second(s)

2018-12-03 17:20:50 - [MESSAGE][PASSED] - globalkeywords.record.RecordNotFound is PASSED

2018-12-03 17:20:50 - [TEST_STEP][PASSED] - Statement - myobj = new com.kms.katalon.core.testobject.TestObject(Dynamic Boject): null

2018-12-03 17:20:50 - [TEST_STEP][PASSED] - Statement - plansearch = Plans: null

2018-12-03 17:20:50 - [TEST_STEP][PASSED] - Statement - xpath = "//span[normalize-space(text())="" + plansearch + ""]": null

2018-12-03 17:20:50 - [TEST_STEP][PASSED] - Statement - myobj.addProperty("xpath", EQUALS, xpath): null

2018-12-03 17:20:50 - [TEST_STEP][PASSED] - Statement - java.lang.Thread.sleep(2000): null

2018-12-03 17:20:52 - [TEST_STEP][PASSED] - click: Object: 'Dynamic Boject' is clicked on

2018-12-03 17:20:52 - [MESSAGE][PASSED] - Object: 'Dynamic Boject' is clicked on]]></system-out>
         <system-err><![CDATA[]]></system-err>
      </testcase>
      <testcase name="Test Cases/Dashboard_Lenovo/Dashboard_Planfloder/Dashboard_PlanActions" classname="Test Cases/Dashboard_Lenovo/Dashboard_Planfloder/Dashboard_PlanActions" status="PASSED">
         <system-out><![CDATA[2018-12-03 17:20:52 - [TEST_CASE][PASSED] - Test Cases/Dashboard_Lenovo/Dashboard_Planfloder/Dashboard_PlanActions: Test Cases/Dashboard_Lenovo/Dashboard_Planfloder/Dashboard_PlanActions

2018-12-03 17:20:52 - [TEST_STEP][PASSED] - delay: Delayed 3 second(s)

2018-12-03 17:20:55 - [MESSAGE][PASSED] - Delayed 3 second(s)

2018-12-03 17:20:55 - [TEST_STEP][PASSED] - Statement - myobj1 = new com.kms.katalon.core.testobject.TestObject(Dynamic object): null

2018-12-03 17:20:55 - [TEST_STEP][PASSED] - Statement - plansearch = Plans: null

2018-12-03 17:20:55 - [TEST_STEP][PASSED] - Statement - xpath = "(//*[normalize-space(text()) and normalize-space(.)="" + plansearch + ""])[2]/following::i[1]": null

2018-12-03 17:20:55 - [TEST_STEP][PASSED] - Statement - myobj1.addProperty("xpath", EQUALS, xpath): null

2018-12-03 17:20:55 - [TEST_STEP][PASSED] - Statement - java.lang.Thread.sleep(2000): null

2018-12-03 17:20:57 - [TEST_STEP][PASSED] - click: Object: 'Dynamic object' is clicked on

2018-12-03 17:20:58 - [MESSAGE][PASSED] - Object: 'Dynamic object' is clicked on

2018-12-03 17:20:58 - [TEST_STEP][PASSED] - switchToWindowIndex: Switched to window with index: '1'

2018-12-03 17:20:58 - [MESSAGE][PASSED] - Switched to window with index: '1'

2018-12-03 17:20:58 - [TEST_STEP][PASSED] - waitForElementVisible: Object 'Object Repository/Dashboard_Date/span_Please enter at least 3 c' is visible

2018-12-03 17:21:03 - [MESSAGE][PASSED] - Object 'Object Repository/Dashboard_Date/span_Please enter at least 3 c' is visible

2018-12-03 17:21:03 - [TEST_STEP][PASSED] - click: Object: 'Object Repository/Dashboard_Date/span_Please enter at least 3 c' is clicked on

2018-12-03 17:21:04 - [MESSAGE][PASSED] - Object: 'Object Repository/Dashboard_Date/span_Please enter at least 3 c' is clicked on]]></system-out>
         <system-err><![CDATA[]]></system-err>
      </testcase>
      <testcase name="Test Cases/Dashboard_Lenovo/Dashboard_Planfloder/Dashboard_PlanActions" classname="Test Cases/Dashboard_Lenovo/Dashboard_Planfloder/Dashboard_PlanActions" status="FAILED">
         <failure type="FAILED" message="(Stack trace: com.kms.katalon.core.exception.StepFailedException: Unable to click on object 'Dynamic object' (Root cause: com.kms.katalon.core.webui.exception.WebElementNotFoundException: Web element with id: 'Dynamic object' located by 'By.xpath: (//*[normalize-space(text()) and normalize-space(.)=&quot;&quot;])[2]/following::i[1]' not found)
	at com.kms.katalon.core.keyword.internal.KeywordMain.stepFailed(KeywordMain.groovy:36)
	at com.kms.katalon.core.webui.keyword.internal.WebUIKeywordMain.stepFailed(WebUIKeywordMain.groovy:65)
	at com.kms.katalon.core.webui.keyword.internal.WebUIKeywordMain.runKeyword(WebUIKeywordMain.groovy:27)
	at com.kms.katalon.core.webui.keyword.builtin.ClickKeyword.click(ClickKeyword.groovy:86)
	at com.kms.katalon.core.webui.keyword.builtin.ClickKeyword.execute(ClickKeyword.groovy:67)
	at com.kms.katalon.core.keyword.internal.KeywordExecutor.executeKeywordForPlatform(KeywordExecutor.groovy:53)
	at com.kms.katalon.core.webui.keyword.WebUiBuiltInKeywords.click(WebUiBuiltInKeywords.groovy:616)
	at com.kms.katalon.core.webui.keyword.WebUiBuiltInKeywords$click$3.call(Unknown Source)
	at Script1543387069529.run(Script1543387069529.groovy:35)
	at com.kms.katalon.core.main.ScriptEngine.run(ScriptEngine.java:183)
	at com.kms.katalon.core.main.ScriptEngine.runScriptAsRawText(ScriptEngine.java:108)
	at com.kms.katalon.core.main.TestCaseExecutor.runScript(TestCaseExecutor.java:294)
	at com.kms.katalon.core.main.TestCaseExecutor.doExecute(TestCaseExecutor.java:285)
	at com.kms.katalon.core.main.TestCaseExecutor.processExecutionPhase(TestCaseExecutor.java:264)
	at com.kms.katalon.core.main.TestCaseExecutor.accessMainPhase(TestCaseExecutor.java:256)
	at com.kms.katalon.core.main.TestCaseExecutor.execute(TestCaseExecutor.java:200)
	at com.kms.katalon.core.main.TestSuiteExecutor.accessTestCaseMainPhase(TestSuiteExecutor.java:129)
	at com.kms.katalon.core.main.TestSuiteExecutor.accessTestSuiteMainPhase(TestSuiteExecutor.java:112)
	at com.kms.katalon.core.main.TestSuiteExecutor.execute(TestSuiteExecutor.java:81)
	at com.kms.katalon.core.main.TestCaseMain.startTestSuite(TestCaseMain.java:142)
	at com.kms.katalon.core.main.TestCaseMain$startTestSuite$0.call(Unknown Source)
	at org.codehaus.groovy.runtime.callsite.CallSiteArray.defaultCall(CallSiteArray.java:48)
	at org.codehaus.groovy.runtime.callsite.AbstractCallSite.call(AbstractCallSite.java:113)
	at org.codehaus.groovy.runtime.callsite.AbstractCallSite.call(AbstractCallSite.java:141)
	at TempTestSuite1543837806531.run(TempTestSuite1543837806531.groovy:36)
	at groovy.lang.GroovyShell.runScriptOrMainOrTestOrRunnable(GroovyShell.java:263)
	at groovy.lang.GroovyShell.run(GroovyShell.java:518)
	at groovy.lang.GroovyShell.run(GroovyShell.java:507)
	at groovy.ui.GroovyMain.processOnce(GroovyMain.java:653)
	at groovy.ui.GroovyMain.run(GroovyMain.java:384)
	at groovy.ui.GroovyMain.process(GroovyMain.java:370)
	at groovy.ui.GroovyMain.processArgs(GroovyMain.java:129)
	at groovy.ui.GroovyMain.main(GroovyMain.java:109)
	at sun.reflect.NativeMethodAccessorImpl.invoke0(Native Method)
	at sun.reflect.NativeMethodAccessorImpl.invoke(NativeMethodAccessorImpl.java:62)
	at sun.reflect.DelegatingMethodAccessorImpl.invoke(DelegatingMethodAccessorImpl.java:43)
	at java.lang.reflect.Method.invoke(Method.java:498)
	at org.codehaus.groovy.tools.GroovyStarter.rootLoader(GroovyStarter.java:109)
	at org.codehaus.groovy.tools.GroovyStarter.main(GroovyStarter.java:131)
)"/>
         <system-out><![CDATA[2018-12-03 17:21:04 - [TEST_CASE][FAILED] - Test Cases/Dashboard_Lenovo/Dashboard_Planfloder/Dashboard_PlanActions: Test Cases/Dashboard_Lenovo/Dashboard_Planfloder/Dashboard_PlanActions FAILED because (of) (Stack trace: com.kms.katalon.core.exception.StepFailedException: Unable to click on object 'Dynamic object' (Root cause: com.kms.katalon.core.webui.exception.WebElementNotFoundException: Web element with id: 'Dynamic object' located by 'By.xpath: (//*[normalize-space(text()) and normalize-space(.)=""])[2]/following::i[1]' not found)
	at com.kms.katalon.core.keyword.internal.KeywordMain.stepFailed(KeywordMain.groovy:36)
	at com.kms.katalon.core.webui.keyword.internal.WebUIKeywordMain.stepFailed(WebUIKeywordMain.groovy:65)
	at com.kms.katalon.core.webui.keyword.internal.WebUIKeywordMain.runKeyword(WebUIKeywordMain.groovy:27)
	at com.kms.katalon.core.webui.keyword.builtin.ClickKeyword.click(ClickKeyword.groovy:86)
	at com.kms.katalon.core.webui.keyword.builtin.ClickKeyword.execute(ClickKeyword.groovy:67)
	at com.kms.katalon.core.keyword.internal.KeywordExecutor.executeKeywordForPlatform(KeywordExecutor.groovy:53)
	at com.kms.katalon.core.webui.keyword.WebUiBuiltInKeywords.click(WebUiBuiltInKeywords.groovy:616)
	at com.kms.katalon.core.webui.keyword.WebUiBuiltInKeywords$click$3.call(Unknown Source)
	at Script1543387069529.run(Script1543387069529.groovy:35)
	at com.kms.katalon.core.main.ScriptEngine.run(ScriptEngine.java:183)
	at com.kms.katalon.core.main.ScriptEngine.runScriptAsRawText(ScriptEngine.java:108)
	at com.kms.katalon.core.main.TestCaseExecutor.runScript(TestCaseExecutor.java:294)
	at com.kms.katalon.core.main.TestCaseExecutor.doExecute(TestCaseExecutor.java:285)
	at com.kms.katalon.core.main.TestCaseExecutor.processExecutionPhase(TestCaseExecutor.java:264)
	at com.kms.katalon.core.main.TestCaseExecutor.accessMainPhase(TestCaseExecutor.java:256)
	at com.kms.katalon.core.main.TestCaseExecutor.execute(TestCaseExecutor.java:200)
	at com.kms.katalon.core.main.TestSuiteExecutor.accessTestCaseMainPhase(TestSuiteExecutor.java:129)
	at com.kms.katalon.core.main.TestSuiteExecutor.accessTestSuiteMainPhase(TestSuiteExecutor.java:112)
	at com.kms.katalon.core.main.TestSuiteExecutor.execute(TestSuiteExecutor.java:81)
	at com.kms.katalon.core.main.TestCaseMain.startTestSuite(TestCaseMain.java:142)
	at com.kms.katalon.core.main.TestCaseMain$startTestSuite$0.call(Unknown Source)
	at org.codehaus.groovy.runtime.callsite.CallSiteArray.defaultCall(CallSiteArray.java:48)
	at org.codehaus.groovy.runtime.callsite.AbstractCallSite.call(AbstractCallSite.java:113)
	at org.codehaus.groovy.runtime.callsite.AbstractCallSite.call(AbstractCallSite.java:141)
	at TempTestSuite1543837806531.run(TempTestSuite1543837806531.groovy:36)
	at groovy.lang.GroovyShell.runScriptOrMainOrTestOrRunnable(GroovyShell.java:263)
	at groovy.lang.GroovyShell.run(GroovyShell.java:518)
	at groovy.lang.GroovyShell.run(GroovyShell.java:507)
	at groovy.ui.GroovyMain.processOnce(GroovyMain.java:653)
	at groovy.ui.GroovyMain.run(GroovyMain.java:384)
	at groovy.ui.GroovyMain.process(GroovyMain.java:370)
	at groovy.ui.GroovyMain.processArgs(GroovyMain.java:129)
	at groovy.ui.GroovyMain.main(GroovyMain.java:109)
	at sun.reflect.NativeMethodAccessorImpl.invoke0(Native Method)
	at sun.reflect.NativeMethodAccessorImpl.invoke(NativeMethodAccessorImpl.java:62)
	at sun.reflect.DelegatingMethodAccessorImpl.invoke(DelegatingMethodAccessorImpl.java:43)
	at java.lang.reflect.Method.invoke(Method.java:498)
	at org.codehaus.groovy.tools.GroovyStarter.rootLoader(GroovyStarter.java:109)
	at org.codehaus.groovy.tools.GroovyStarter.main(GroovyStarter.java:131)
)

2018-12-03 17:21:04 - [TEST_STEP][PASSED] - delay: Delayed 3 second(s)

2018-12-03 17:21:07 - [MESSAGE][PASSED] - Delayed 3 second(s)

2018-12-03 17:21:07 - [TEST_STEP][PASSED] - Statement - myobj1 = new com.kms.katalon.core.testobject.TestObject(Dynamic object): null

2018-12-03 17:21:07 - [TEST_STEP][PASSED] - Statement - plansearch = Plans: null

2018-12-03 17:21:07 - [TEST_STEP][PASSED] - Statement - xpath = "(//*[normalize-space(text()) and normalize-space(.)="" + plansearch + ""])[2]/following::i[1]": null

2018-12-03 17:21:07 - [TEST_STEP][PASSED] - Statement - myobj1.addProperty("xpath", EQUALS, xpath): null

2018-12-03 17:21:07 - [TEST_STEP][PASSED] - Statement - java.lang.Thread.sleep(2000): null

2018-12-03 17:21:09 - [TEST_STEP][FAILED] - click: Unable to click on object 'Dynamic object' (Root cause: com.kms.katalon.core.webui.exception.WebElementNotFoundException: Web element with id: 'Dynamic object' located by 'By.xpath: (//*[normalize-space(text()) and normalize-space(.)=""])[2]/following::i[1]' not found)

2018-12-03 17:21:41 - [MESSAGE][FAILED] - Unable to click on object 'Dynamic object' (Root cause: com.kms.katalon.core.webui.exception.WebElementNotFoundException: Web element with id: 'Dynamic object' located by 'By.xpath: (//*[normalize-space(text()) and normalize-space(.)=""])[2]/following::i[1]' not found)
[[ATTACHMENT|C:\\Users\\rkulkarn\\git\\Dashboard\\Reports\\LeveragePlan1\\20181203_172006\\1543837900708.png]]]]></system-out>
         <system-err><![CDATA[2018-12-03 17:21:04 - [TEST_CASE][FAILED] - Test Cases/Dashboard_Lenovo/Dashboard_Planfloder/Dashboard_PlanActions: Test Cases/Dashboard_Lenovo/Dashboard_Planfloder/Dashboard_PlanActions FAILED because (of) (Stack trace: com.kms.katalon.core.exception.StepFailedException: Unable to click on object 'Dynamic object' (Root cause: com.kms.katalon.core.webui.exception.WebElementNotFoundException: Web element with id: 'Dynamic object' located by 'By.xpath: (//*[normalize-space(text()) and normalize-space(.)=""])[2]/following::i[1]' not found)
	at com.kms.katalon.core.keyword.internal.KeywordMain.stepFailed(KeywordMain.groovy:36)
	at com.kms.katalon.core.webui.keyword.internal.WebUIKeywordMain.stepFailed(WebUIKeywordMain.groovy:65)
	at com.kms.katalon.core.webui.keyword.internal.WebUIKeywordMain.runKeyword(WebUIKeywordMain.groovy:27)
	at com.kms.katalon.core.webui.keyword.builtin.ClickKeyword.click(ClickKeyword.groovy:86)
	at com.kms.katalon.core.webui.keyword.builtin.ClickKeyword.execute(ClickKeyword.groovy:67)
	at com.kms.katalon.core.keyword.internal.KeywordExecutor.executeKeywordForPlatform(KeywordExecutor.groovy:53)
	at com.kms.katalon.core.webui.keyword.WebUiBuiltInKeywords.click(WebUiBuiltInKeywords.groovy:616)
	at com.kms.katalon.core.webui.keyword.WebUiBuiltInKeywords$click$3.call(Unknown Source)
	at Script1543387069529.run(Script1543387069529.groovy:35)
	at com.kms.katalon.core.main.ScriptEngine.run(ScriptEngine.java:183)
	at com.kms.katalon.core.main.ScriptEngine.runScriptAsRawText(ScriptEngine.java:108)
	at com.kms.katalon.core.main.TestCaseExecutor.runScript(TestCaseExecutor.java:294)
	at com.kms.katalon.core.main.TestCaseExecutor.doExecute(TestCaseExecutor.java:285)
	at com.kms.katalon.core.main.TestCaseExecutor.processExecutionPhase(TestCaseExecutor.java:264)
	at com.kms.katalon.core.main.TestCaseExecutor.accessMainPhase(TestCaseExecutor.java:256)
	at com.kms.katalon.core.main.TestCaseExecutor.execute(TestCaseExecutor.java:200)
	at com.kms.katalon.core.main.TestSuiteExecutor.accessTestCaseMainPhase(TestSuiteExecutor.java:129)
	at com.kms.katalon.core.main.TestSuiteExecutor.accessTestSuiteMainPhase(TestSuiteExecutor.java:112)
	at com.kms.katalon.core.main.TestSuiteExecutor.execute(TestSuiteExecutor.java:81)
	at com.kms.katalon.core.main.TestCaseMain.startTestSuite(TestCaseMain.java:142)
	at com.kms.katalon.core.main.TestCaseMain$startTestSuite$0.call(Unknown Source)
	at org.codehaus.groovy.runtime.callsite.CallSiteArray.defaultCall(CallSiteArray.java:48)
	at org.codehaus.groovy.runtime.callsite.AbstractCallSite.call(AbstractCallSite.java:113)
	at org.codehaus.groovy.runtime.callsite.AbstractCallSite.call(AbstractCallSite.java:141)
	at TempTestSuite1543837806531.run(TempTestSuite1543837806531.groovy:36)
	at groovy.lang.GroovyShell.runScriptOrMainOrTestOrRunnable(GroovyShell.java:263)
	at groovy.lang.GroovyShell.run(GroovyShell.java:518)
	at groovy.lang.GroovyShell.run(GroovyShell.java:507)
	at groovy.ui.GroovyMain.processOnce(GroovyMain.java:653)
	at groovy.ui.GroovyMain.run(GroovyMain.java:384)
	at groovy.ui.GroovyMain.process(GroovyMain.java:370)
	at groovy.ui.GroovyMain.processArgs(GroovyMain.java:129)
	at groovy.ui.GroovyMain.main(GroovyMain.java:109)
	at sun.reflect.NativeMethodAccessorImpl.invoke0(Native Method)
	at sun.reflect.NativeMethodAccessorImpl.invoke(NativeMethodAccessorImpl.java:62)
	at sun.reflect.DelegatingMethodAccessorImpl.invoke(DelegatingMethodAccessorImpl.java:43)
	at java.lang.reflect.Method.invoke(Method.java:498)
	at org.codehaus.groovy.tools.GroovyStarter.rootLoader(GroovyStarter.java:109)
	at org.codehaus.groovy.tools.GroovyStarter.main(GroovyStarter.java:131)
)]]></system-err>
      </testcase>
      <testcase name="Test Cases/Dashboard_Lenovo/Dashboard_date" classname="Test Cases/Dashboard_Lenovo/Dashboard_date" status="PASSED">
         <system-out><![CDATA[2018-12-03 17:21:41 - [TEST_CASE][PASSED] - Test Cases/Dashboard_Lenovo/Dashboard_date: Test Cases/Dashboard_Lenovo/Dashboard_date

2018-12-03 17:21:41 - [TEST_STEP][PASSED] - delay: Delayed 10 second(s)

2018-12-03 17:21:51 - [MESSAGE][PASSED] - Delayed 10 second(s)

2018-12-03 17:21:51 - [TEST_STEP][PASSED] - click: Object: 'Object Repository/Dashboard_Date/span_Select period' is clicked on

2018-12-03 17:21:51 - [MESSAGE][PASSED] - Object: 'Object Repository/Dashboard_Date/span_Select period' is clicked on

2018-12-03 17:21:51 - [TEST_STEP][PASSED] - delay: Delayed 10 second(s)

2018-12-03 17:22:01 - [MESSAGE][PASSED] - Delayed 10 second(s)

2018-12-03 17:22:01 - [TEST_STEP][PASSED] - click: Object: 'Object Repository/Dashboard_Date/Input_of_date' is clicked on

2018-12-03 17:22:01 - [MESSAGE][PASSED] - Object: 'Object Repository/Dashboard_Date/Input_of_date' is clicked on

2018-12-03 17:22:01 - [TEST_STEP][PASSED] - delay: Delayed 10 second(s)

2018-12-03 17:22:11 - [MESSAGE][PASSED] - Delayed 10 second(s)

2018-12-03 17:22:11 - [TEST_STEP][PASSED] - setText: Text 'June 2018' is set on object 'Object Repository/Dashboard_Date/Input_of_date'

2018-12-03 17:22:12 - [MESSAGE][PASSED] - Text 'June 2018' is set on object 'Object Repository/Dashboard_Date/Input_of_date'

2018-12-03 17:22:12 - [TEST_STEP][PASSED] - globalkeywords.record.RecordNotFound: globalkeywords.record.RecordNotFound is PASSED

2018-12-03 17:22:24 - [MESSAGE][WARNING] - Object 'Object Repository/No_Results_Found/span_No results found.' is not present after 10 second(s)

2018-12-03 17:22:24 - [MESSAGE][PASSED] - globalkeywords.record.RecordNotFound is PASSED

2018-12-03 17:22:24 - [TEST_STEP][PASSED] - Statement - robot = new java.awt.Robot(): null

2018-12-03 17:22:24 - [TEST_STEP][PASSED] - Statement - robot.keyPress(VK_ENTER): null

2018-12-03 17:22:24 - [TEST_STEP][PASSED] - Statement - java.lang.Thread.sleep(2000): null

2018-12-03 17:22:26 - [TEST_STEP][PASSED] - Statement - robot.keyRelease(VK_ENTER): null

2018-12-03 17:22:26 - [TEST_STEP][NOT_RUN] - click: NOT_RUN: click

2018-12-03 17:22:26 - [MESSAGE][NOT_RUN] - NOT_RUN: click]]></system-out>
         <system-err><![CDATA[]]></system-err>
      </testcase>
      <testcase name="Test Cases/Dashboard_Lenovo/Dashboard_Participant" classname="Test Cases/Dashboard_Lenovo/Dashboard_Participant" status="PASSED">
         <system-out><![CDATA[2018-12-03 17:22:26 - [TEST_CASE][PASSED] - Test Cases/Dashboard_Lenovo/Dashboard_Participant: Test Cases/Dashboard_Lenovo/Dashboard_Participant

2018-12-03 17:22:27 - [TEST_STEP][PASSED] - click: Object: 'Object Repository/Dashboard_Date/span_Please enter at least 3 c' is clicked on

2018-12-03 17:22:27 - [MESSAGE][PASSED] - Object: 'Object Repository/Dashboard_Date/span_Please enter at least 3 c' is clicked on

2018-12-03 17:22:27 - [TEST_STEP][PASSED] - setText: Text 'Manfred' is set on object 'Object Repository/Dashboard_Date/input_Please enter at least 3'

2018-12-03 17:22:27 - [MESSAGE][PASSED] - Text 'Manfred' is set on object 'Object Repository/Dashboard_Date/input_Please enter at least 3'

2018-12-03 17:22:27 - [TEST_STEP][PASSED] - delay: Delayed 15 second(s)

2018-12-03 17:22:42 - [MESSAGE][PASSED] - Delayed 15 second(s)

2018-12-03 17:22:42 - [TEST_STEP][PASSED] - Statement - robot = new java.awt.Robot(): null

2018-12-03 17:22:42 - [TEST_STEP][PASSED] - Statement - robot.keyPress(VK_ENTER): null

2018-12-03 17:22:42 - [TEST_STEP][PASSED] - Statement - java.lang.Thread.sleep(2000): null

2018-12-03 17:22:44 - [TEST_STEP][PASSED] - Statement - robot.keyRelease(VK_ENTER): null

2018-12-03 17:22:44 - [TEST_STEP][PASSED] - Statement - ParticipantName = <not implemented yet for class: org.codehaus.groovy.ast.expr.EmptyExpression>: null

2018-12-03 17:22:44 - [TEST_STEP][PASSED] - Statement - Try: null

2018-12-03 17:22:44 - [TEST_STEP][PASSED] - Statement - part = com.kms.katalon.core.webui.keyword.WebUiBuiltInKeywords.waitForElementPresent(com.kms.katalon.core.testobject.ObjectRepository.findTestObject(Dashboard_Widgets/Dashboard_QTD_CPS_Attainment/span_QTD CPS Attainment), 5): Object 'Object Repository/Dashboard_Widgets/Dashboard_QTD_CPS_Attainment/span_QTD CPS Attainment' is present

2018-12-03 17:22:44 - [MESSAGE][PASSED] - Object 'Object Repository/Dashboard_Widgets/Dashboard_QTD_CPS_Attainment/span_QTD CPS Attainment' is present

2018-12-03 17:22:44 - [TEST_STEP][PASSED] - Statement - If (part == false): null]]></system-out>
         <system-err><![CDATA[]]></system-err>
      </testcase>
      <testcase name="Test Cases/Dashboard_Lenovo/Dashboard_widgets/Dashboard_QTD_CPS_Attainment" classname="Test Cases/Dashboard_Lenovo/Dashboard_widgets/Dashboard_QTD_CPS_Attainment" status="PASSED">
         <system-out><![CDATA[2018-12-03 17:22:44 - [TEST_CASE][PASSED] - Test Cases/Dashboard_Lenovo/Dashboard_widgets/Dashboard_QTD_CPS_Attainment: Test Cases/Dashboard_Lenovo/Dashboard_widgets/Dashboard_QTD_CPS_Attainment

2018-12-03 17:22:44 - [TEST_STEP][PASSED] - mouseOver: Object: 'Object Repository/Dashboard_Widgets/Dashboard_QTD_CPS_Attainment/span_QTD CPS Attainment' is hovered

2018-12-03 17:22:45 - [MESSAGE][PASSED] - Object: 'Object Repository/Dashboard_Widgets/Dashboard_QTD_CPS_Attainment/span_QTD CPS Attainment' is hovered

2018-12-03 17:22:45 - [TEST_STEP][PASSED] - verifyElementText: Actual text and expected text of test object 'Object Repository/Dashboard_Widgets/Dashboard_QTD_CPS_Attainment/span_QTD CPS Attainment' are matched.

2018-12-03 17:22:45 - [MESSAGE][PASSED] - Actual text and expected text of test object 'Object Repository/Dashboard_Widgets/Dashboard_QTD_CPS_Attainment/span_QTD CPS Attainment' are matched.

2018-12-03 17:22:45 - [TEST_STEP][PASSED] - verifyEqual: Actual object '114.69%' and expected object '114.69%' are equal

2018-12-03 17:22:46 - [MESSAGE][PASSED] - Text of object 'Object Repository/Dashboard_Widgets/Dashboard_QTD_CPS_Attainment/QTD_CPS_attainment_value' is: '114.69%'

2018-12-03 17:22:46 - [MESSAGE][PASSED] - Actual object '114.69%' and expected object '114.69%' are equal]]></system-out>
         <system-err><![CDATA[]]></system-err>
      </testcase>
      <testcase name="Test Cases/Dashboard_Lenovo/Dashboard_widgets/Dashboard_Myprofile" classname="Test Cases/Dashboard_Lenovo/Dashboard_widgets/Dashboard_Myprofile" status="PASSED">
         <system-out><![CDATA[2018-12-03 17:22:47 - [TEST_CASE][PASSED] - Test Cases/Dashboard_Lenovo/Dashboard_widgets/Dashboard_Myprofile: Test Cases/Dashboard_Lenovo/Dashboard_widgets/Dashboard_Myprofile

2018-12-03 17:22:47 - [TEST_STEP][PASSED] - mouseOver: Object: 'Object Repository/Dashboard_Widgets/Dashboard_MyProfile/span_My Profile' is hovered

2018-12-03 17:22:48 - [MESSAGE][PASSED] - Object: 'Object Repository/Dashboard_Widgets/Dashboard_MyProfile/span_My Profile' is hovered

2018-12-03 17:22:48 - [TEST_STEP][PASSED] - verifyElementText: Actual text and expected text of test object 'Object Repository/Dashboard_Widgets/Dashboard_MyProfile/span_My Profile' are matched.

2018-12-03 17:22:48 - [MESSAGE][PASSED] - Actual text and expected text of test object 'Object Repository/Dashboard_Widgets/Dashboard_MyProfile/span_My Profile' are matched.

2018-12-03 17:22:48 - [TEST_STEP][PASSED] - verifyEqual: Actual object 'First :' and expected object 'First :' are equal

2018-12-03 17:22:48 - [MESSAGE][PASSED] - Text of object 'Object Repository/Dashboard_Widgets/Dashboard_Myprofile/div_First' is: 'First :'

2018-12-03 17:22:48 - [MESSAGE][PASSED] - Actual object 'First :' and expected object 'First :' are equal

2018-12-03 17:22:48 - [TEST_STEP][PASSED] - verifyEqual: Actual object 'Manfred' and expected object 'Manfred' are equal

2018-12-03 17:22:48 - [MESSAGE][PASSED] - Text of object 'Object Repository/Dashboard_Widgets/Dashboard_MyProfile/div_Ayushmaan' is: 'Manfred'

2018-12-03 17:22:48 - [MESSAGE][PASSED] - Actual object 'Manfred' and expected object 'Manfred' are equal

2018-12-03 17:22:48 - [TEST_STEP][PASSED] - verifyEqual: Actual object 'Last :' and expected object 'Last :' are equal

2018-12-03 17:22:48 - [MESSAGE][PASSED] - Text of object 'Object Repository/Dashboard_Widgets/Dashboard_MyProfile/div_Last' is: 'Last :'

2018-12-03 17:22:48 - [MESSAGE][PASSED] - Actual object 'Last :' and expected object 'Last :' are equal

2018-12-03 17:22:48 - [TEST_STEP][PASSED] - verifyEqual: Actual object 'Litzlbauer' and expected object 'Litzlbauer' are equal

2018-12-03 17:22:49 - [MESSAGE][PASSED] - Text of object 'Object Repository/Dashboard_Widgets/Dashboard_MyProfile/div_Agarwal' is: 'Litzlbauer'

2018-12-03 17:22:49 - [MESSAGE][PASSED] - Actual object 'Litzlbauer' and expected object 'Litzlbauer' are equal

2018-12-03 17:22:49 - [TEST_STEP][PASSED] - verifyEqual: Actual object 'Job Desc :' and expected object 'Job Desc :' are equal

2018-12-03 17:22:49 - [MESSAGE][PASSED] - Text of object 'Object Repository/Dashboard_Widgets/Dashboard_MyProfile/div_Job Desc' is: 'Job Desc :'

2018-12-03 17:22:49 - [MESSAGE][PASSED] - Actual object 'Job Desc :' and expected object 'Job Desc :' are equal

2018-12-03 17:22:49 - [TEST_STEP][PASSED] - verifyEqual: Actual object 'SALES SPECIALIST' and expected object 'SALES SPECIALIST' are equal

2018-12-03 17:22:49 - [MESSAGE][PASSED] - Text of object 'Object Repository/Dashboard_Widgets/Dashboard_MyProfile/div_Associate Manager - Sales' is: 'SALES SPECIALIST'

2018-12-03 17:22:49 - [MESSAGE][PASSED] - Actual object 'SALES SPECIALIST' and expected object 'SALES SPECIALIST' are equal

2018-12-03 17:22:49 - [TEST_STEP][PASSED] - verifyEqual: Actual object 'Manager :' and expected object 'Manager :' are equal

2018-12-03 17:22:49 - [MESSAGE][PASSED] - Text of object 'Object Repository/Dashboard_Widgets/Dashboard_MyProfile/div_Manager' is: 'Manager :'

2018-12-03 17:22:49 - [MESSAGE][PASSED] - Actual object 'Manager :' and expected object 'Manager :' are equal

2018-12-03 17:22:49 - [TEST_STEP][PASSED] - verifyEqual: Actual object 'Tim Weyl' and expected object 'Tim Weyl' are equal

2018-12-03 17:22:49 - [MESSAGE][PASSED] - Text of object 'Object Repository/Dashboard_Widgets/Dashboard_MyProfile/div_Hiral Somaiya' is: 'Tim Weyl'

2018-12-03 17:22:49 - [MESSAGE][PASSED] - Actual object 'Tim Weyl' and expected object 'Tim Weyl' are equal

2018-12-03 17:22:49 - [TEST_STEP][PASSED] - verifyEqual: Actual object 'PDT :' and expected object 'PDT :' are equal

2018-12-03 17:22:49 - [MESSAGE][PASSED] - Text of object 'Object Repository/Dashboard_Widgets/Dashboard_MyProfile/div_PDT' is: 'PDT :'

2018-12-03 17:22:49 - [MESSAGE][PASSED] - Actual object 'PDT :' and expected object 'PDT :' are equal

2018-12-03 17:22:49 - [TEST_STEP][PASSED] - verifyEqual: Actual object 'ECE59-AT' and expected object 'ECE59-AT' are equal

2018-12-03 17:22:49 - [MESSAGE][PASSED] - Text of object 'Object Repository/Dashboard_Widgets/Dashboard_MyProfile/div_APGUAR-IN' is: 'ECE59-AT'

2018-12-03 17:22:49 - [MESSAGE][PASSED] - Actual object 'ECE59-AT' and expected object 'ECE59-AT' are equal]]></system-out>
         <system-err><![CDATA[]]></system-err>
      </testcase>
      <testcase name="Test Cases/Dashboard_Lenovo/Dashboard_widgets/Dashboard_Percent_of_TI" classname="Test Cases/Dashboard_Lenovo/Dashboard_widgets/Dashboard_Percent_of_TI" status="PASSED">
         <system-out><![CDATA[2018-12-03 17:22:49 - [TEST_CASE][PASSED] - Test Cases/Dashboard_Lenovo/Dashboard_widgets/Dashboard_Percent_of_TI: Test Cases/Dashboard_Lenovo/Dashboard_widgets/Dashboard_Percent_of_TI

2018-12-03 17:22:50 - [TEST_STEP][PASSED] - mouseOver: Object: 'Object Repository/Dashboard_Widgets/Dashboard_Percent_of_TI/span_Percent of TI' is hovered

2018-12-03 17:22:50 - [MESSAGE][PASSED] - Object: 'Object Repository/Dashboard_Widgets/Dashboard_Percent_of_TI/span_Percent of TI' is hovered

2018-12-03 17:22:50 - [TEST_STEP][PASSED] - verifyElementText: Actual text and expected text of test object 'Object Repository/Dashboard_Widgets/Dashboard_Percent_of_TI/span_Percent of TI' are matched.

2018-12-03 17:22:50 - [MESSAGE][PASSED] - Actual text and expected text of test object 'Object Repository/Dashboard_Widgets/Dashboard_Percent_of_TI/span_Percent of TI' are matched.

2018-12-03 17:22:50 - [TEST_STEP][PASSED] - verifyEqual: Actual object '144.06%' and expected object '144.06%' are equal

2018-12-03 17:22:50 - [MESSAGE][PASSED] - Text of object 'Object Repository/Dashboard_Widgets/Dashboard_Percent_of_TI/Percent_of_TI_value' is: '144.06%'

2018-12-03 17:22:50 - [MESSAGE][PASSED] - Actual object '144.06%' and expected object '144.06%' are equal

2018-12-03 17:22:50 - [TEST_STEP][PASSED] - verifyEqual: Actual object '9,545.25' and expected object '9,545.25' are equal

2018-12-03 17:22:50 - [MESSAGE][PASSED] - Text of object 'Object Repository/Dashboard_Widgets/Dashboard_Percent_of_TI/Target_value' is: '9,545.25'

2018-12-03 17:22:50 - [MESSAGE][PASSED] - Actual object '9,545.25' and expected object '9,545.25' are equal

2018-12-03 17:22:50 - [TEST_STEP][PASSED] - verifyEqual: Actual object '13,750.98' and expected object '13,750.98' are equal

2018-12-03 17:22:50 - [MESSAGE][PASSED] - Text of object 'Object Repository/Dashboard_Widgets/Dashboard_Percent_of_TI/Achivement_val' is: '13,750.98'

2018-12-03 17:22:50 - [MESSAGE][PASSED] - Actual object '13,750.98' and expected object '13,750.98' are equal]]></system-out>
         <system-err><![CDATA[]]></system-err>
      </testcase>
      <testcase name="Test Cases/Dashboard_Lenovo/Dashboard_widgets/Dashboard_Element_1_Attainment" classname="Test Cases/Dashboard_Lenovo/Dashboard_widgets/Dashboard_Element_1_Attainment" status="PASSED">
         <system-out><![CDATA[2018-12-03 17:22:50 - [TEST_CASE][PASSED] - Test Cases/Dashboard_Lenovo/Dashboard_widgets/Dashboard_Element_1_Attainment: Test Cases/Dashboard_Lenovo/Dashboard_widgets/Dashboard_Element_1_Attainment

2018-12-03 17:22:50 - [TEST_STEP][PASSED] - mouseOver: Object: 'Object Repository/Dashboard_Widgets/Dashboard_Element_1_Attainment/span_Element 1 Attainment' is hovered

2018-12-03 17:22:50 - [MESSAGE][PASSED] - Object: 'Object Repository/Dashboard_Widgets/Dashboard_Element_1_Attainment/span_Element 1 Attainment' is hovered

2018-12-03 17:22:50 - [TEST_STEP][PASSED] - verifyEqual: Actual object '119.12%' and expected object '119.12%' are equal

2018-12-03 17:22:51 - [MESSAGE][PASSED] - Text of object 'Object Repository/Dashboard_Widgets/Dashboard_Element_1_Attainment/Element1_val' is: '119.12%'

2018-12-03 17:22:51 - [MESSAGE][PASSED] - Actual object '119.12%' and expected object '119.12%' are equal

2018-12-03 17:22:51 - [TEST_STEP][PASSED] - verifyElementText: Actual text and expected text of test object 'Object Repository/Dashboard_Widgets/Dashboard_Element_1_Attainment/span_Element 1 Attainment' are matched.

2018-12-03 17:22:51 - [MESSAGE][PASSED] - Actual text and expected text of test object 'Object Repository/Dashboard_Widgets/Dashboard_Element_1_Attainment/span_Element 1 Attainment' are matched.

2018-12-03 17:22:51 - [TEST_STEP][PASSED] - verifyEqual: Actual object '$3,150,000.00' and expected object '$3,150,000.00' are equal

2018-12-03 17:22:51 - [MESSAGE][PASSED] - Text of object 'Object Repository/Dashboard_Widgets/Dashboard_Element_1_Attainment/Quota_val' is: '$3,150,000.00'

2018-12-03 17:22:51 - [MESSAGE][PASSED] - Actual object '$3,150,000.00' and expected object '$3,150,000.00' are equal

2018-12-03 17:22:51 - [TEST_STEP][PASSED] - verifyEqual: Actual object '$3,752,141.61' and expected object '$3,752,141.61' are equal

2018-12-03 17:22:51 - [MESSAGE][PASSED] - Text of object 'Object Repository/Dashboard_Widgets/Dashboard_Element_1_Attainment/Attainment_val' is: '$3,752,141.61'

2018-12-03 17:22:51 - [MESSAGE][PASSED] - Actual object '$3,752,141.61' and expected object '$3,752,141.61' are equal]]></system-out>
         <system-err><![CDATA[]]></system-err>
      </testcase>
      <testcase name="Test Cases/Dashboard_Lenovo/Dashboard_widgets/Dashboard_Element_2_attainment" classname="Test Cases/Dashboard_Lenovo/Dashboard_widgets/Dashboard_Element_2_attainment" status="PASSED">
         <system-out><![CDATA[2018-12-03 17:22:51 - [TEST_CASE][PASSED] - Test Cases/Dashboard_Lenovo/Dashboard_widgets/Dashboard_Element_2_attainment: Test Cases/Dashboard_Lenovo/Dashboard_widgets/Dashboard_Element_2_attainment

2018-12-03 17:22:51 - [TEST_STEP][PASSED] - mouseOver: Object: 'Object Repository/Dashboard_Widgets/Dashboard_Element2_Attainment/span_Element 2 Attainment' is hovered

2018-12-03 17:22:51 - [MESSAGE][PASSED] - Object: 'Object Repository/Dashboard_Widgets/Dashboard_Element2_Attainment/span_Element 2 Attainment' is hovered

2018-12-03 17:22:51 - [TEST_STEP][PASSED] - verifyElementText: Actual text and expected text of test object 'Object Repository/Dashboard_Widgets/Dashboard_Element2_Attainment/span_Element 2 Attainment' are matched.

2018-12-03 17:22:51 - [MESSAGE][PASSED] - Actual text and expected text of test object 'Object Repository/Dashboard_Widgets/Dashboard_Element2_Attainment/span_Element 2 Attainment' are matched.

2018-12-03 17:22:51 - [TEST_STEP][PASSED] - verifyEqual: Actual object '$445,000.00' and expected object '$445,000.00' are equal

2018-12-03 17:22:51 - [MESSAGE][PASSED] - Text of object 'Object Repository/Dashboard_Widgets/Dashboard_Element2_Attainment/Quota2_val' is: '$445,000.00'

2018-12-03 17:22:51 - [MESSAGE][PASSED] - Actual object '$445,000.00' and expected object '$445,000.00' are equal

2018-12-03 17:22:51 - [TEST_STEP][PASSED] - verifyEqual: Actual object '93.15%' and expected object '93.15%' are equal

2018-12-03 17:22:51 - [MESSAGE][PASSED] - Text of object 'Object Repository/Dashboard_Widgets/Dashboard_Element2_Attainment/Element2val' is: '93.15%'

2018-12-03 17:22:51 - [MESSAGE][PASSED] - Actual object '93.15%' and expected object '93.15%' are equal

2018-12-03 17:22:51 - [TEST_STEP][PASSED] - verifyEqual: Actual object '$414,517.02' and expected object '$414,517.02' are equal

2018-12-03 17:22:51 - [MESSAGE][PASSED] - Text of object 'Object Repository/Dashboard_Widgets/Dashboard_Element2_Attainment/Attainment2_Val' is: '$414,517.02'

2018-12-03 17:22:51 - [MESSAGE][PASSED] - Actual object '$414,517.02' and expected object '$414,517.02' are equal]]></system-out>
         <system-err><![CDATA[]]></system-err>
      </testcase>
      <testcase name="Test Cases/Dashboard_Lenovo/Dashboard_widgets/Dashboard_Element_3_Attainment" classname="Test Cases/Dashboard_Lenovo/Dashboard_widgets/Dashboard_Element_3_Attainment" status="PASSED">
         <system-out><![CDATA[2018-12-03 17:22:51 - [TEST_CASE][PASSED] - Test Cases/Dashboard_Lenovo/Dashboard_widgets/Dashboard_Element_3_Attainment: Test Cases/Dashboard_Lenovo/Dashboard_widgets/Dashboard_Element_3_Attainment

2018-12-03 17:22:52 - [TEST_STEP][PASSED] - mouseOver: Object: 'Object Repository/Dashboard_Widgets/Dashboard_Element_3_Attainment/span_Element 3 Attainment' is hovered

2018-12-03 17:22:52 - [MESSAGE][PASSED] - Object: 'Object Repository/Dashboard_Widgets/Dashboard_Element_3_Attainment/span_Element 3 Attainment' is hovered

2018-12-03 17:22:52 - [TEST_STEP][PASSED] - verifyElementText: Actual text and expected text of test object 'Object Repository/Dashboard_Widgets/Dashboard_Element_3_Attainment/span_Element 3 Attainment' are matched.

2018-12-03 17:22:52 - [MESSAGE][PASSED] - Actual text and expected text of test object 'Object Repository/Dashboard_Widgets/Dashboard_Element_3_Attainment/span_Element 3 Attainment' are matched.

2018-12-03 17:22:52 - [TEST_STEP][PASSED] - verifyEqual: Actual object '148.91%' and expected object '148.91%' are equal

2018-12-03 17:22:52 - [MESSAGE][PASSED] - Text of object 'Object Repository/Dashboard_Widgets/Dashboard_Element_3_Attainment/Element3val' is: '148.91%'

2018-12-03 17:22:52 - [MESSAGE][PASSED] - Actual object '148.91%' and expected object '148.91%' are equal

2018-12-03 17:22:52 - [TEST_STEP][PASSED] - verifyEqual: Actual object '$300,000.00' and expected object '$300,000.00' are equal

2018-12-03 17:22:52 - [MESSAGE][PASSED] - Text of object 'Object Repository/Dashboard_Widgets/Dashboard_Element_3_Attainment/Quota3_val' is: '$300,000.00'

2018-12-03 17:22:52 - [MESSAGE][PASSED] - Actual object '$300,000.00' and expected object '$300,000.00' are equal

2018-12-03 17:22:52 - [TEST_STEP][PASSED] - verifyEqual: Actual object '$446,714.59' and expected object '$446,714.59' are equal

2018-12-03 17:22:52 - [MESSAGE][PASSED] - Text of object 'Object Repository/Dashboard_Widgets/Dashboard_Element_3_Attainment/Attainment3_val' is: '$446,714.59'

2018-12-03 17:22:52 - [MESSAGE][PASSED] - Actual object '$446,714.59' and expected object '$446,714.59' are equal]]></system-out>
         <system-err><![CDATA[]]></system-err>
      </testcase>
      <testcase name="Test Cases/Dashboard_Lenovo/Dashboard_widgets/Dashboard_attainment and quota/Dashboard_QTD_CPSandELEMENT1DATA" classname="Test Cases/Dashboard_Lenovo/Dashboard_widgets/Dashboard_attainment and quota/Dashboard_QTD_CPSandELEMENT1DATA" status="PASSED">
         <system-out><![CDATA[2018-12-03 17:22:52 - [TEST_CASE][PASSED] - Test Cases/Dashboard_Lenovo/Dashboard_widgets/Dashboard_attainment and quota/Dashboard_QTD_CPSandELEMENT1DATA: Test Cases/Dashboard_Lenovo/Dashboard_widgets/Dashboard_attainment and quota/Dashboard_QTD_CPSandELEMENT1DATA

2018-12-03 17:22:53 - [TEST_STEP][PASSED] - mouseOver: Object: 'Object Repository/Dashboard_Widgets/Dashboard_Attainment_and_quota_by _Quarter/Attainment and Quota by Q' is hovered

2018-12-03 17:22:53 - [MESSAGE][PASSED] - Object: 'Object Repository/Dashboard_Widgets/Dashboard_Attainment_and_quota_by _Quarter/Attainment and Quota by Q' is hovered

2018-12-03 17:22:53 - [TEST_STEP][PASSED] - verifyElementText: Actual text and expected text of test object 'Object Repository/Dashboard_Widgets/Dashboard_Attainment_and_quota_by _Quarter/Attainment and Quota by Q' are matched.

2018-12-03 17:22:53 - [MESSAGE][PASSED] - Actual text and expected text of test object 'Object Repository/Dashboard_Widgets/Dashboard_Attainment_and_quota_by _Quarter/Attainment and Quota by Q' are matched.

2018-12-03 17:22:53 - [TEST_STEP][PASSED] - verifyEqual: Actual object '1Q19' and expected object '1Q19' are equal

2018-12-03 17:22:53 - [MESSAGE][PASSED] - Text of object 'Object Repository/Dashboard_Widgets/Dashboard_Attainment_and_quota_by _Quarter/YearlyPeriods' is: '1Q19'

2018-12-03 17:22:53 - [MESSAGE][PASSED] - Actual object '1Q19' and expected object '1Q19' are equal

2018-12-03 17:22:53 - [TEST_STEP][PASSED] - verifyEqual: Actual object 'QTD CPS' and expected object 'QTD CPS' are equal

2018-12-03 17:22:53 - [MESSAGE][PASSED] - Text of object 'Object Repository/Dashboard_Widgets/Dashboard_Attainment_and_quota_by _Quarter/td_QTD CPS' is: 'QTD CPS'

2018-12-03 17:22:53 - [MESSAGE][PASSED] - Actual object 'QTD CPS' and expected object 'QTD CPS' are equal

2018-12-03 17:22:53 - [TEST_STEP][PASSED] - verifyEqual: Actual object '114.69%' and expected object '114.69%' are equal

2018-12-03 17:22:53 - [MESSAGE][PASSED] - Text of object 'Object Repository/Dashboard_Widgets/Dashboard_Attainment_and_quota_by _Quarter/Qtd cps' is: '114.69%'

2018-12-03 17:22:53 - [MESSAGE][PASSED] - Actual object '114.69%' and expected object '114.69%' are equal

2018-12-03 17:22:53 - [TEST_STEP][PASSED] - verifyEqual: Actual object 'Element 1 Quota' and expected object 'Element 1 Quota' are equal

2018-12-03 17:22:53 - [MESSAGE][PASSED] - Text of object 'Object Repository/Dashboard_Widgets/Dashboard_Attainment_and_quota_by _Quarter/td_Element 1 Quota' is: 'Element 1 Quota'

2018-12-03 17:22:53 - [MESSAGE][PASSED] - Actual object 'Element 1 Quota' and expected object 'Element 1 Quota' are equal

2018-12-03 17:22:53 - [TEST_STEP][PASSED] - verifyEqual: Actual object '3,150,000.00' and expected object '3,150,000.00' are equal

2018-12-03 17:22:53 - [MESSAGE][PASSED] - Text of object 'Object Repository/Dashboard_Widgets/Dashboard_Attainment_and_quota_by _Quarter/Element Quota' is: '3,150,000.00'

2018-12-03 17:22:53 - [MESSAGE][PASSED] - Actual object '3,150,000.00' and expected object '3,150,000.00' are equal

2018-12-03 17:22:53 - [TEST_STEP][PASSED] - verifyEqual: Actual object 'Element 1 Attainment' and expected object 'Element 1 Attainment' are equal

2018-12-03 17:22:53 - [MESSAGE][PASSED] - Text of object 'Object Repository/Dashboard_Widgets/Dashboard_Attainment_and_quota_by _Quarter/td_Element 1 Attainment' is: 'Element 1 Attainment'

2018-12-03 17:22:53 - [MESSAGE][PASSED] - Actual object 'Element 1 Attainment' and expected object 'Element 1 Attainment' are equal

2018-12-03 17:22:53 - [TEST_STEP][PASSED] - verifyEqual: Actual object '3,752,141.61' and expected object '3,752,141.61' are equal

2018-12-03 17:22:53 - [MESSAGE][PASSED] - Text of object 'Object Repository/Dashboard_Widgets/Dashboard_Attainment_and_quota_by _Quarter/Element1 Attainment' is: '3,752,141.61'

2018-12-03 17:22:53 - [MESSAGE][PASSED] - Actual object '3,752,141.61' and expected object '3,752,141.61' are equal

2018-12-03 17:22:53 - [TEST_STEP][PASSED] - verifyEqual: Actual object 'Element 1 Attainment %' and expected object 'Element 1 Attainment %' are equal

2018-12-03 17:22:54 - [MESSAGE][PASSED] - Text of object 'Object Repository/Dashboard_Widgets/Dashboard_Attainment_and_quota_by _Quarter/td_Element 1 AttainmentPercentage' is: 'Element 1 Attainment %'

2018-12-03 17:22:54 - [MESSAGE][PASSED] - Actual object 'Element 1 Attainment %' and expected object 'Element 1 Attainment %' are equal

2018-12-03 17:22:54 - [TEST_STEP][PASSED] - verifyEqual: Actual object '119.12%' and expected object '119.12%' are equal

2018-12-03 17:22:54 - [MESSAGE][PASSED] - Text of object 'Object Repository/Dashboard_Widgets/Dashboard_Attainment_and_quota_by _Quarter/Percentage of Element1 attainment' is: '119.12%'

2018-12-03 17:22:54 - [MESSAGE][PASSED] - Actual object '119.12%' and expected object '119.12%' are equal]]></system-out>
         <system-err><![CDATA[]]></system-err>
      </testcase>
      <testcase name="Test Cases/Dashboard_Lenovo/Dashboard_widgets/Dashboard_attainment and quota/Dashboard_Element2val" classname="Test Cases/Dashboard_Lenovo/Dashboard_widgets/Dashboard_attainment and quota/Dashboard_Element2val" status="PASSED">
         <system-out><![CDATA[2018-12-03 17:22:54 - [TEST_CASE][PASSED] - Test Cases/Dashboard_Lenovo/Dashboard_widgets/Dashboard_attainment and quota/Dashboard_Element2val: Test Cases/Dashboard_Lenovo/Dashboard_widgets/Dashboard_attainment and quota/Dashboard_Element2val

2018-12-03 17:22:54 - [TEST_STEP][PASSED] - verifyEqual: Actual object 'Element 2 Quota' and expected object 'Element 2 Quota' are equal

2018-12-03 17:22:54 - [MESSAGE][PASSED] - Text of object 'Object Repository/Dashboard_Widgets/Dashboard_Attainment_and_quota_by _Quarter/td_Element 2 Quota' is: 'Element 2 Quota'

2018-12-03 17:22:54 - [MESSAGE][PASSED] - Actual object 'Element 2 Quota' and expected object 'Element 2 Quota' are equal

2018-12-03 17:22:54 - [TEST_STEP][PASSED] - verifyEqual: Actual object '445,000.00' and expected object '445,000.00' are equal

2018-12-03 17:22:54 - [MESSAGE][PASSED] - Text of object 'Object Repository/Dashboard_Widgets/Dashboard_Attainment_and_quota_by _Quarter/Quota2val' is: '445,000.00'

2018-12-03 17:22:54 - [MESSAGE][PASSED] - Actual object '445,000.00' and expected object '445,000.00' are equal

2018-12-03 17:22:54 - [TEST_STEP][PASSED] - verifyEqual: Actual object 'Element 2 Attainment' and expected object 'Element 2 Attainment' are equal

2018-12-03 17:22:54 - [MESSAGE][PASSED] - Text of object 'Object Repository/Dashboard_Widgets/Dashboard_Attainment_and_quota_by _Quarter/td_Element 2 Attainment' is: 'Element 2 Attainment'

2018-12-03 17:22:54 - [MESSAGE][PASSED] - Actual object 'Element 2 Attainment' and expected object 'Element 2 Attainment' are equal

2018-12-03 17:22:54 - [TEST_STEP][PASSED] - verifyEqual: Actual object '414,517.02' and expected object '414,517.02' are equal

2018-12-03 17:22:54 - [MESSAGE][PASSED] - Text of object 'Object Repository/Dashboard_Widgets/Dashboard_Attainment_and_quota_by _Quarter/attainment2val' is: '414,517.02'

2018-12-03 17:22:54 - [MESSAGE][PASSED] - Actual object '414,517.02' and expected object '414,517.02' are equal

2018-12-03 17:22:54 - [TEST_STEP][PASSED] - verifyEqual: Actual object 'Element 2 Attainment %' and expected object 'Element 2 Attainment %' are equal

2018-12-03 17:22:54 - [MESSAGE][PASSED] - Text of object 'Object Repository/Dashboard_Widgets/Dashboard_Attainment_and_quota_by _Quarter/td_Element 2 AttainmentPercentage' is: 'Element 2 Attainment %'

2018-12-03 17:22:54 - [MESSAGE][PASSED] - Actual object 'Element 2 Attainment %' and expected object 'Element 2 Attainment %' are equal

2018-12-03 17:22:54 - [TEST_STEP][PASSED] - verifyEqual: Actual object '93.15%' and expected object '93.15%' are equal

2018-12-03 17:22:54 - [MESSAGE][PASSED] - Text of object 'Object Repository/Dashboard_Widgets/Dashboard_Attainment_and_quota_by _Quarter/percentage2attainmentvalue' is: '93.15%'

2018-12-03 17:22:54 - [MESSAGE][PASSED] - Actual object '93.15%' and expected object '93.15%' are equal]]></system-out>
         <system-err><![CDATA[]]></system-err>
      </testcase>
      <testcase name="Test Cases/Dashboard_Lenovo/Dashboard_widgets/Dashboard_attainment and quota/Dashboard_Element3Val" classname="Test Cases/Dashboard_Lenovo/Dashboard_widgets/Dashboard_attainment and quota/Dashboard_Element3Val" status="PASSED">
         <system-out><![CDATA[2018-12-03 17:22:54 - [TEST_CASE][PASSED] - Test Cases/Dashboard_Lenovo/Dashboard_widgets/Dashboard_attainment and quota/Dashboard_Element3Val: Test Cases/Dashboard_Lenovo/Dashboard_widgets/Dashboard_attainment and quota/Dashboard_Element3Val

2018-12-03 17:22:55 - [TEST_STEP][PASSED] - verifyEqual: Actual object 'Element 3 Quota' and expected object 'Element 3 Quota' are equal

2018-12-03 17:22:55 - [MESSAGE][PASSED] - Text of object 'Object Repository/Dashboard_Widgets/Dashboard_Attainment_and_quota_by _Quarter/td_Element 3 Quota' is: 'Element 3 Quota'

2018-12-03 17:22:55 - [MESSAGE][PASSED] - Actual object 'Element 3 Quota' and expected object 'Element 3 Quota' are equal

2018-12-03 17:22:55 - [TEST_STEP][PASSED] - verifyEqual: Actual object '300,000.00' and expected object '300,000.00' are equal

2018-12-03 17:22:55 - [MESSAGE][PASSED] - Text of object 'Object Repository/Dashboard_Widgets/Dashboard_Attainment_and_quota_by _Quarter/Quota3' is: '300,000.00'

2018-12-03 17:22:55 - [MESSAGE][PASSED] - Actual object '300,000.00' and expected object '300,000.00' are equal

2018-12-03 17:22:55 - [TEST_STEP][PASSED] - verifyEqual: Actual object 'Element 3 Attainment' and expected object 'Element 3 Attainment' are equal

2018-12-03 17:22:55 - [MESSAGE][PASSED] - Text of object 'Object Repository/Dashboard_Widgets/Dashboard_Attainment_and_quota_by _Quarter/td_Element 3 Attainment' is: 'Element 3 Attainment'

2018-12-03 17:22:55 - [MESSAGE][PASSED] - Actual object 'Element 3 Attainment' and expected object 'Element 3 Attainment' are equal

2018-12-03 17:22:55 - [TEST_STEP][PASSED] - verifyEqual: Actual object '446,714.59' and expected object '446,714.59' are equal

2018-12-03 17:22:55 - [MESSAGE][PASSED] - Text of object 'Object Repository/Dashboard_Widgets/Dashboard_Attainment_and_quota_by _Quarter/Attainment3val' is: '446,714.59'

2018-12-03 17:22:55 - [MESSAGE][PASSED] - Actual object '446,714.59' and expected object '446,714.59' are equal

2018-12-03 17:22:55 - [TEST_STEP][PASSED] - verifyEqual: Actual object 'Element 3 Attainment %' and expected object 'Element 3 Attainment %' are equal

2018-12-03 17:22:55 - [MESSAGE][PASSED] - Text of object 'Object Repository/Dashboard_Widgets/Dashboard_Attainment_and_quota_by _Quarter/td_Element 3 Attainmentpercentage' is: 'Element 3 Attainment %'

2018-12-03 17:22:55 - [MESSAGE][PASSED] - Actual object 'Element 3 Attainment %' and expected object 'Element 3 Attainment %' are equal

2018-12-03 17:22:55 - [TEST_STEP][PASSED] - verifyEqual: Actual object '148.91%' and expected object '148.91%' are equal

2018-12-03 17:22:55 - [MESSAGE][PASSED] - Text of object 'Object Repository/Dashboard_Widgets/Dashboard_Attainment_and_quota_by _Quarter/Percentage3attainmentval' is: '148.91%'

2018-12-03 17:22:55 - [MESSAGE][PASSED] - Actual object '148.91%' and expected object '148.91%' are equal]]></system-out>
         <system-err><![CDATA[]]></system-err>
      </testcase>
      <testcase name="Test Cases/Dashboard_Lenovo/Dashboard_widgets/Dashobard_currentyearpayments" classname="Test Cases/Dashboard_Lenovo/Dashboard_widgets/Dashobard_currentyearpayments" status="PASSED">
         <system-out><![CDATA[2018-12-03 17:22:55 - [TEST_CASE][PASSED] - Test Cases/Dashboard_Lenovo/Dashboard_widgets/Dashobard_currentyearpayments: Test Cases/Dashboard_Lenovo/Dashboard_widgets/Dashobard_currentyearpayments

2018-12-03 17:22:55 - [TEST_STEP][PASSED] - mouseOver: Object: 'Object Repository/Dashboard_Widgets/Dashbaoard_currentyearpayments/Current_YearPayments' is hovered

2018-12-03 17:22:56 - [MESSAGE][PASSED] - Object: 'Object Repository/Dashboard_Widgets/Dashbaoard_currentyearpayments/Current_YearPayments' is hovered

2018-12-03 17:22:56 - [TEST_STEP][PASSED] - verifyElementText: Actual text and expected text of test object 'Object Repository/Dashboard_Widgets/Dashbaoard_currentyearpayments/Current_YearPayments' are matched.

2018-12-03 17:22:56 - [MESSAGE][PASSED] - Actual text and expected text of test object 'Object Repository/Dashboard_Widgets/Dashbaoard_currentyearpayments/Current_YearPayments' are matched.]]></system-out>
         <system-err><![CDATA[]]></system-err>
      </testcase>
      <system-out><![CDATA[2018-12-03 17:20:10 - [TEST_SUITE][FAILED] - LeveragePlan1: Test Cases/Dashboard_Lenovo/Dashboard_Planfloder/Dashboard_PlanActions FAILED because (of) (Stack trace: com.kms.katalon.core.exception.StepFailedException: Unable to click on object 'Dynamic object' (Root cause: com.kms.katalon.core.webui.exception.WebElementNotFoundException: Web element with id: 'Dynamic object' located by 'By.xpath: (//*[normalize-space(text()) and normalize-space(.)=""])[2]/following::i[1]' not found)
	at com.kms.katalon.core.keyword.internal.KeywordMain.stepFailed(KeywordMain.groovy:36)
	at com.kms.katalon.core.webui.keyword.internal.WebUIKeywordMain.stepFailed(WebUIKeywordMain.groovy:65)
	at com.kms.katalon.core.webui.keyword.internal.WebUIKeywordMain.runKeyword(WebUIKeywordMain.groovy:27)
	at com.kms.katalon.core.webui.keyword.builtin.ClickKeyword.click(ClickKeyword.groovy:86)
	at com.kms.katalon.core.webui.keyword.builtin.ClickKeyword.execute(ClickKeyword.groovy:67)
	at com.kms.katalon.core.keyword.internal.KeywordExecutor.executeKeywordForPlatform(KeywordExecutor.groovy:53)
	at com.kms.katalon.core.webui.keyword.WebUiBuiltInKeywords.click(WebUiBuiltInKeywords.groovy:616)
	at com.kms.katalon.core.webui.keyword.WebUiBuiltInKeywords$click$3.call(Unknown Source)
	at Script1543387069529.run(Script1543387069529.groovy:35)
	at com.kms.katalon.core.main.ScriptEngine.run(ScriptEngine.java:183)
	at com.kms.katalon.core.main.ScriptEngine.runScriptAsRawText(ScriptEngine.java:108)
	at com.kms.katalon.core.main.TestCaseExecutor.runScript(TestCaseExecutor.java:294)
	at com.kms.katalon.core.main.TestCaseExecutor.doExecute(TestCaseExecutor.java:285)
	at com.kms.katalon.core.main.TestCaseExecutor.processExecutionPhase(TestCaseExecutor.java:264)
	at com.kms.katalon.core.main.TestCaseExecutor.accessMainPhase(TestCaseExecutor.java:256)
	at com.kms.katalon.core.main.TestCaseExecutor.execute(TestCaseExecutor.java:200)
	at com.kms.katalon.core.main.TestSuiteExecutor.accessTestCaseMainPhase(TestSuiteExecutor.java:129)
	at com.kms.katalon.core.main.TestSuiteExecutor.accessTestSuiteMainPhase(TestSuiteExecutor.java:112)
	at com.kms.katalon.core.main.TestSuiteExecutor.execute(TestSuiteExecutor.java:81)
	at com.kms.katalon.core.main.TestCaseMain.startTestSuite(TestCaseMain.java:142)
	at com.kms.katalon.core.main.TestCaseMain$startTestSuite$0.call(Unknown Source)
	at org.codehaus.groovy.runtime.callsite.CallSiteArray.defaultCall(CallSiteArray.java:48)
	at org.codehaus.groovy.runtime.callsite.AbstractCallSite.call(AbstractCallSite.java:113)
	at org.codehaus.groovy.runtime.callsite.AbstractCallSite.call(AbstractCallSite.java:141)
	at TempTestSuite1543837806531.run(TempTestSuite1543837806531.groovy:36)
	at groovy.lang.GroovyShell.runScriptOrMainOrTestOrRunnable(GroovyShell.java:263)
	at groovy.lang.GroovyShell.run(GroovyShell.java:518)
	at groovy.lang.GroovyShell.run(GroovyShell.java:507)
	at groovy.ui.GroovyMain.processOnce(GroovyMain.java:653)
	at groovy.ui.GroovyMain.run(GroovyMain.java:384)
	at groovy.ui.GroovyMain.process(GroovyMain.java:370)
	at groovy.ui.GroovyMain.processArgs(GroovyMain.java:129)
	at groovy.ui.GroovyMain.main(GroovyMain.java:109)
	at sun.reflect.NativeMethodAccessorImpl.invoke0(Native Method)
	at sun.reflect.NativeMethodAccessorImpl.invoke(NativeMethodAccessorImpl.java:62)
	at sun.reflect.DelegatingMethodAccessorImpl.invoke(DelegatingMethodAccessorImpl.java:43)
	at java.lang.reflect.Method.invoke(Method.java:498)
	at org.codehaus.groovy.tools.GroovyStarter.rootLoader(GroovyStarter.java:109)
	at org.codehaus.groovy.tools.GroovyStarter.main(GroovyStarter.java:131)
)]]></system-out>
      <system-err><![CDATA[2018-12-03 17:20:10 - [TEST_SUITE][FAILED] - LeveragePlan1: Test Cases/Dashboard_Lenovo/Dashboard_Planfloder/Dashboard_PlanActions FAILED because (of) (Stack trace: com.kms.katalon.core.exception.StepFailedException: Unable to click on object 'Dynamic object' (Root cause: com.kms.katalon.core.webui.exception.WebElementNotFoundException: Web element with id: 'Dynamic object' located by 'By.xpath: (//*[normalize-space(text()) and normalize-space(.)=""])[2]/following::i[1]' not found)
	at com.kms.katalon.core.keyword.internal.KeywordMain.stepFailed(KeywordMain.groovy:36)
	at com.kms.katalon.core.webui.keyword.internal.WebUIKeywordMain.stepFailed(WebUIKeywordMain.groovy:65)
	at com.kms.katalon.core.webui.keyword.internal.WebUIKeywordMain.runKeyword(WebUIKeywordMain.groovy:27)
	at com.kms.katalon.core.webui.keyword.builtin.ClickKeyword.click(ClickKeyword.groovy:86)
	at com.kms.katalon.core.webui.keyword.builtin.ClickKeyword.execute(ClickKeyword.groovy:67)
	at com.kms.katalon.core.keyword.internal.KeywordExecutor.executeKeywordForPlatform(KeywordExecutor.groovy:53)
	at com.kms.katalon.core.webui.keyword.WebUiBuiltInKeywords.click(WebUiBuiltInKeywords.groovy:616)
	at com.kms.katalon.core.webui.keyword.WebUiBuiltInKeywords$click$3.call(Unknown Source)
	at Script1543387069529.run(Script1543387069529.groovy:35)
	at com.kms.katalon.core.main.ScriptEngine.run(ScriptEngine.java:183)
	at com.kms.katalon.core.main.ScriptEngine.runScriptAsRawText(ScriptEngine.java:108)
	at com.kms.katalon.core.main.TestCaseExecutor.runScript(TestCaseExecutor.java:294)
	at com.kms.katalon.core.main.TestCaseExecutor.doExecute(TestCaseExecutor.java:285)
	at com.kms.katalon.core.main.TestCaseExecutor.processExecutionPhase(TestCaseExecutor.java:264)
	at com.kms.katalon.core.main.TestCaseExecutor.accessMainPhase(TestCaseExecutor.java:256)
	at com.kms.katalon.core.main.TestCaseExecutor.execute(TestCaseExecutor.java:200)
	at com.kms.katalon.core.main.TestSuiteExecutor.accessTestCaseMainPhase(TestSuiteExecutor.java:129)
	at com.kms.katalon.core.main.TestSuiteExecutor.accessTestSuiteMainPhase(TestSuiteExecutor.java:112)
	at com.kms.katalon.core.main.TestSuiteExecutor.execute(TestSuiteExecutor.java:81)
	at com.kms.katalon.core.main.TestCaseMain.startTestSuite(TestCaseMain.java:142)
	at com.kms.katalon.core.main.TestCaseMain$startTestSuite$0.call(Unknown Source)
	at org.codehaus.groovy.runtime.callsite.CallSiteArray.defaultCall(CallSiteArray.java:48)
	at org.codehaus.groovy.runtime.callsite.AbstractCallSite.call(AbstractCallSite.java:113)
	at org.codehaus.groovy.runtime.callsite.AbstractCallSite.call(AbstractCallSite.java:141)
	at TempTestSuite1543837806531.run(TempTestSuite1543837806531.groovy:36)
	at groovy.lang.GroovyShell.runScriptOrMainOrTestOrRunnable(GroovyShell.java:263)
	at groovy.lang.GroovyShell.run(GroovyShell.java:518)
	at groovy.lang.GroovyShell.run(GroovyShell.java:507)
	at groovy.ui.GroovyMain.processOnce(GroovyMain.java:653)
	at groovy.ui.GroovyMain.run(GroovyMain.java:384)
	at groovy.ui.GroovyMain.process(GroovyMain.java:370)
	at groovy.ui.GroovyMain.processArgs(GroovyMain.java:129)
	at groovy.ui.GroovyMain.main(GroovyMain.java:109)
	at sun.reflect.NativeMethodAccessorImpl.invoke0(Native Method)
	at sun.reflect.NativeMethodAccessorImpl.invoke(NativeMethodAccessorImpl.java:62)
	at sun.reflect.DelegatingMethodAccessorImpl.invoke(DelegatingMethodAccessorImpl.java:43)
	at java.lang.reflect.Method.invoke(Method.java:498)
	at org.codehaus.groovy.tools.GroovyStarter.rootLoader(GroovyStarter.java:109)
	at org.codehaus.groovy.tools.GroovyStarter.main(GroovyStarter.java:131)
)]]></system-err>
   </testsuite>
</testsuites>
