<?xml version="1.0" encoding="UTF-8"?>
<testsuites name="Gauranteeplan1" time="132" tests="9" failures="1" errors="0">
   <testsuite name="Gauranteeplan1" tests="9" failures="1" errors="0" time="132" timestamp="2018-11-27 13:15:57" hostname="rkulkarn - 41XHMV1-E6330.callidussoftware.com" id="Test Suites/Gauranteeplan1">
      <properties>
         <property name="deviceName" value=""/>
         <property name="devicePlatform" value=""/>
         <property name="logFolder" value="C:\\Users\\rkulkarn\\git\\Dashboard\\Reports\\Gauranteeplan1\\20181127_131551"/>
         <property name="logFiles" value="C:\\Users\\rkulkarn\\git\\Dashboard\\Reports\\Gauranteeplan1\\20181127_131551\\execution0.log"/>
         <property name="attachments" value="C:\\Users\\rkulkarn\\git\\Dashboard\\Reports\\Gauranteeplan1\\20181127_131551\\1543304885032.png, C:\\Users\\rkulkarn\\git\\Dashboard\\Reports\\Gauranteeplan1\\20181127_131551\\1543304885454.png"/>
         <property name="hostName" value="rkulkarn - 41XHMV1-E6330.callidussoftware.com"/>
         <property name="os" value="Windows 10 64bit"/>
         <property name="katalonVersion" value="5.7.0.1"/>
         <property name="browser" value="Chrome 70.0.3538.102"/>
         <property name="hostAddress" value="192.168.241.28"/>
         <property name="sessionId" value="81de01de246ce8954026f85dfe6d6bdc"/>
         <property name="seleniumVersion" value="3.7.1"/>
         <property name="proxyInformation" value="ProxyInformation{proxyOption=NO_PROXY, proxyServerType=HTTP, password=, proxyServerAddress=, proxyServerPort=0}"/>
         <property name="platform" value="Windows 10"/>
      </properties>
      <testcase name="Test Cases/Dashboard_Lenovo/Dashboard_login" classname="Test Cases/Dashboard_Lenovo/Dashboard_login" status="PASSED">
         <system-out><![CDATA[2018-11-27 13:15:58 - [TEST_CASE][PASSED] - Test Cases/Dashboard_Lenovo/Dashboard_login: Test Cases/Dashboard_Lenovo/Dashboard_login

2018-11-27 13:15:59 - [TEST_STEP][PASSED] - openBrowser: Browser is opened with url: ''

2018-11-27 13:16:05 - [MESSAGE][PASSED] - Browser is opened with url: ''

2018-11-27 13:16:05 - [TEST_STEP][PASSED] - navigateToUrl: Navigate to 'https://lnvo-muat.callidusondemand.com/SalesPortal/#!/' successfully

2018-11-27 13:16:20 - [MESSAGE][PASSED] - Navigate to 'https://lnvo-muat.callidusondemand.com/SalesPortal/#!/' successfully

2018-11-27 13:16:20 - [TEST_STEP][PASSED] - maximizeWindow: Current window maximized

2018-11-27 13:16:21 - [MESSAGE][PASSED] - Current window maximized

2018-11-27 13:16:21 - [TEST_STEP][PASSED] - delay: Delayed 3 second(s)

2018-11-27 13:16:24 - [MESSAGE][PASSED] - Delayed 3 second(s)

2018-11-27 13:16:24 - [TEST_STEP][PASSED] - setText: Text 'sapattna' is set on object 'Object Repository/Dashboard_login/input_username'

2018-11-27 13:16:25 - [MESSAGE][PASSED] - Text 'sapattna' is set on object 'Object Repository/Dashboard_login/input_username'

2018-11-27 13:16:25 - [TEST_STEP][PASSED] - delay: Delayed 3 second(s)

2018-11-27 13:16:28 - [MESSAGE][PASSED] - Delayed 3 second(s)

2018-11-27 13:16:28 - [TEST_STEP][PASSED] - setText: Text 'Callidus123' is set on object 'Object Repository/Dashboard_login/input_password'

2018-11-27 13:16:28 - [MESSAGE][PASSED] - Text 'Callidus123' is set on object 'Object Repository/Dashboard_login/input_password'

2018-11-27 13:16:28 - [TEST_STEP][PASSED] - click: Object: 'Object Repository/Dashboard_login/button_Login' is clicked on

2018-11-27 13:16:28 - [MESSAGE][PASSED] - Object: 'Object Repository/Dashboard_login/button_Login' is clicked on]]></system-out>
         <system-err><![CDATA[]]></system-err>
      </testcase>
      <testcase name="Test Cases/Dashboard_Lenovo/Dashboard_Plans" classname="Test Cases/Dashboard_Lenovo/Dashboard_Plans" status="PASSED">
         <system-out><![CDATA[2018-11-27 13:16:28 - [TEST_CASE][PASSED] - Test Cases/Dashboard_Lenovo/Dashboard_Plans: Test Cases/Dashboard_Lenovo/Dashboard_Plans

2018-11-27 13:16:28 - [TEST_STEP][PASSED] - click: Object: 'Object Repository/Dashboard_Plan/a_Dashboards' is clicked on

2018-11-27 13:16:34 - [MESSAGE][PASSED] - Object: 'Object Repository/Dashboard_Plan/a_Dashboards' is clicked on

2018-11-27 13:16:34 - [TEST_STEP][PASSED] - delay: Delayed 3 second(s)

2018-11-27 13:16:37 - [MESSAGE][PASSED] - Delayed 3 second(s)

2018-11-27 13:16:37 - [TEST_STEP][PASSED] - click: Object: 'Object Repository/Dashboard_Plan/input_Search_form-control ng-p' is clicked on

2018-11-27 13:16:37 - [MESSAGE][PASSED] - Object: 'Object Repository/Dashboard_Plan/input_Search_form-control ng-p' is clicked on

2018-11-27 13:16:37 - [TEST_STEP][PASSED] - setText: Text 'AP Guarantee plan-1 Element' is set on object 'Object Repository/Dashboard_Plan/input_Search_form-control ng-p'

2018-11-27 13:16:38 - [MESSAGE][PASSED] - Text 'AP Guarantee plan-1 Element' is set on object 'Object Repository/Dashboard_Plan/input_Search_form-control ng-p'

2018-11-27 13:16:38 - [TEST_STEP][PASSED] - globalkeywords.record.RecordNotFound: globalkeywords.record.RecordNotFound is PASSED

2018-11-27 13:16:50 - [MESSAGE][WARNING] - Object 'Object Repository/No_Results_Found/span_No results found.' is not present after 10 second(s)

2018-11-27 13:16:50 - [MESSAGE][PASSED] - globalkeywords.record.RecordNotFound is PASSED

2018-11-27 13:16:50 - [TEST_STEP][PASSED] - delay: Delayed 3 second(s)

2018-11-27 13:16:53 - [MESSAGE][PASSED] - Delayed 3 second(s)

2018-11-27 13:16:53 - [TEST_STEP][PASSED] - click: Object: 'Object Repository/Dashboard_Plan/i_Actions_fa fa-chevron-right' is clicked on

2018-11-27 13:16:53 - [MESSAGE][PASSED] - Object: 'Object Repository/Dashboard_Plan/i_Actions_fa fa-chevron-right' is clicked on

2018-11-27 13:16:53 - [TEST_STEP][PASSED] - delay: Delayed 3 second(s)

2018-11-27 13:16:56 - [MESSAGE][PASSED] - Delayed 3 second(s)

2018-11-27 13:16:56 - [TEST_STEP][PASSED] - click: Object: 'Object Repository/Dashboard_Plan/i_AP Guarantee plan-1 Element_' is clicked on

2018-11-27 13:16:56 - [MESSAGE][PASSED] - Object: 'Object Repository/Dashboard_Plan/i_AP Guarantee plan-1 Element_' is clicked on

2018-11-27 13:16:56 - [TEST_STEP][PASSED] - switchToWindowIndex: Switched to window with index: '1'

2018-11-27 13:16:56 - [MESSAGE][PASSED] - Switched to window with index: '1'

2018-11-27 13:16:56 - [TEST_STEP][PASSED] - waitForElementVisible: Object 'Object Repository/Dashboard_Date/span_Please enter at least 3 c' is visible

2018-11-27 13:17:03 - [MESSAGE][PASSED] - Object 'Object Repository/Dashboard_Date/span_Please enter at least 3 c' is visible

2018-11-27 13:17:03 - [TEST_STEP][PASSED] - click: Object: 'Object Repository/Dashboard_Date/span_Please enter at least 3 c' is clicked on

2018-11-27 13:17:03 - [MESSAGE][PASSED] - Object: 'Object Repository/Dashboard_Date/span_Please enter at least 3 c' is clicked on]]></system-out>
         <system-err><![CDATA[]]></system-err>
      </testcase>
      <testcase name="Test Cases/Dashboard_Lenovo/Dashboard_date" classname="Test Cases/Dashboard_Lenovo/Dashboard_date" status="PASSED">
         <system-out><![CDATA[2018-11-27 13:17:03 - [TEST_CASE][PASSED] - Test Cases/Dashboard_Lenovo/Dashboard_date: Test Cases/Dashboard_Lenovo/Dashboard_date

2018-11-27 13:17:03 - [TEST_STEP][PASSED] - delay: Delayed 10 second(s)

2018-11-27 13:17:13 - [MESSAGE][PASSED] - Delayed 10 second(s)

2018-11-27 13:17:13 - [TEST_STEP][PASSED] - click: Object: 'Object Repository/Dashboard_Date/span_Select period' is clicked on

2018-11-27 13:17:13 - [MESSAGE][PASSED] - Object: 'Object Repository/Dashboard_Date/span_Select period' is clicked on

2018-11-27 13:17:13 - [TEST_STEP][PASSED] - delay: Delayed 10 second(s)

2018-11-27 13:17:23 - [MESSAGE][PASSED] - Delayed 10 second(s)

2018-11-27 13:17:23 - [TEST_STEP][PASSED] - click: Object: 'Object Repository/Dashboard_Date/Input_of_date' is clicked on

2018-11-27 13:17:24 - [MESSAGE][PASSED] - Object: 'Object Repository/Dashboard_Date/Input_of_date' is clicked on

2018-11-27 13:17:24 - [TEST_STEP][PASSED] - delay: Delayed 10 second(s)

2018-11-27 13:17:34 - [MESSAGE][PASSED] - Delayed 10 second(s)

2018-11-27 13:17:34 - [TEST_STEP][PASSED] - setText: Text 'June 2018' is set on object 'Object Repository/Dashboard_Date/Input_of_date'

2018-11-27 13:17:34 - [MESSAGE][PASSED] - Text 'June 2018' is set on object 'Object Repository/Dashboard_Date/Input_of_date'

2018-11-27 13:17:34 - [TEST_STEP][PASSED] - globalkeywords.record.RecordNotFound: globalkeywords.record.RecordNotFound is PASSED

2018-11-27 13:17:46 - [MESSAGE][WARNING] - Object 'Object Repository/No_Results_Found/span_No results found.' is not present after 10 second(s)

2018-11-27 13:17:46 - [MESSAGE][PASSED] - globalkeywords.record.RecordNotFound is PASSED

2018-11-27 13:17:46 - [TEST_STEP][PASSED] - Statement - robot = new java.awt.Robot(): null

2018-11-27 13:17:46 - [TEST_STEP][PASSED] - Statement - robot.keyPress(VK_ENTER): null

2018-11-27 13:17:46 - [TEST_STEP][PASSED] - Statement - java.lang.Thread.sleep(2000): null

2018-11-27 13:17:48 - [TEST_STEP][PASSED] - Statement - robot.keyRelease(VK_ENTER): null

2018-11-27 13:17:48 - [TEST_STEP][NOT_RUN] - click: NOT_RUN: click

2018-11-27 13:17:48 - [MESSAGE][NOT_RUN] - NOT_RUN: click]]></system-out>
         <system-err><![CDATA[]]></system-err>
      </testcase>
      <testcase name="Test Cases/Dashboard_Lenovo/Dashboard_Participant" classname="Test Cases/Dashboard_Lenovo/Dashboard_Participant" status="PASSED">
         <system-out><![CDATA[2018-11-27 13:17:48 - [TEST_CASE][PASSED] - Test Cases/Dashboard_Lenovo/Dashboard_Participant: Test Cases/Dashboard_Lenovo/Dashboard_Participant

2018-11-27 13:17:49 - [TEST_STEP][PASSED] - click: Object: 'Object Repository/Dashboard_Date/span_Please enter at least 3 c' is clicked on

2018-11-27 13:17:49 - [MESSAGE][PASSED] - Object: 'Object Repository/Dashboard_Date/span_Please enter at least 3 c' is clicked on

2018-11-27 13:17:49 - [TEST_STEP][PASSED] - setText: Text 'Ayush' is set on object 'Object Repository/Dashboard_Date/input_Please enter at least 3'

2018-11-27 13:17:49 - [MESSAGE][PASSED] - Text 'Ayush' is set on object 'Object Repository/Dashboard_Date/input_Please enter at least 3'

2018-11-27 13:17:49 - [TEST_STEP][PASSED] - delay: Delayed 10 second(s)

2018-11-27 13:17:59 - [MESSAGE][PASSED] - Delayed 10 second(s)

2018-11-27 13:17:59 - [TEST_STEP][PASSED] - Statement - robot = new java.awt.Robot(): null

2018-11-27 13:17:59 - [TEST_STEP][PASSED] - Statement - robot.keyPress(VK_ENTER): null

2018-11-27 13:17:59 - [TEST_STEP][PASSED] - Statement - robot.keyRelease(VK_ENTER): null

2018-11-27 13:17:59 - [TEST_STEP][PASSED] - Statement - robot.keyPress(VK_CONTROL): null

2018-11-27 13:17:59 - [TEST_STEP][PASSED] - Statement - robot.keyPress(VK_V): null

2018-11-27 13:17:59 - [TEST_STEP][PASSED] - Statement - robot.keyRelease(VK_V): null

2018-11-27 13:17:59 - [TEST_STEP][PASSED] - Statement - robot.keyRelease(VK_CONTROL): null

2018-11-27 13:17:59 - [TEST_STEP][PASSED] - Statement - robot.delay(3000): null

2018-11-27 13:18:02 - [TEST_STEP][PASSED] - Statement - robot.keyPress(VK_ENTER): null

2018-11-27 13:18:02 - [TEST_STEP][PASSED] - Statement - robot.keyRelease(VK_ENTER): null

2018-11-27 13:18:02 - [TEST_STEP][PASSED] - Statement - part = <not implemented yet for class: org.codehaus.groovy.ast.expr.EmptyExpression>: null

2018-11-27 13:18:02 - [TEST_STEP][PASSED] - Statement - Try: null

2018-11-27 13:18:02 - [TEST_STEP][PASSED] - Statement - part = com.kms.katalon.core.webui.keyword.WebUiBuiltInKeywords.waitForElementPresent(com.kms.katalon.core.testobject.ObjectRepository.findTestObject(Dashboard_Widgets/Dashboard_QTD_CPS_Attainment/span_QTD CPS Attainment), 5): Object 'Object Repository/Dashboard_Widgets/Dashboard_QTD_CPS_Attainment/span_QTD CPS Attainment' is present

2018-11-27 13:18:03 - [MESSAGE][PASSED] - Object 'Object Repository/Dashboard_Widgets/Dashboard_QTD_CPS_Attainment/span_QTD CPS Attainment' is present

2018-11-27 13:18:03 - [TEST_STEP][PASSED] - Statement - If (part == false): null]]></system-out>
         <system-err><![CDATA[]]></system-err>
      </testcase>
      <testcase name="Test Cases/Dashboard_Lenovo/Dashboard_widgets/Dashboard_QTD_CPS_Attainment" classname="Test Cases/Dashboard_Lenovo/Dashboard_widgets/Dashboard_QTD_CPS_Attainment" status="PASSED">
         <system-out><![CDATA[2018-11-27 13:18:03 - [TEST_CASE][PASSED] - Test Cases/Dashboard_Lenovo/Dashboard_widgets/Dashboard_QTD_CPS_Attainment: Test Cases/Dashboard_Lenovo/Dashboard_widgets/Dashboard_QTD_CPS_Attainment

2018-11-27 13:18:03 - [TEST_STEP][PASSED] - mouseOver: Object: 'Object Repository/Dashboard_Widgets/Dashboard_QTD_CPS_Attainment/span_QTD CPS Attainment' is hovered

2018-11-27 13:18:04 - [MESSAGE][PASSED] - Object: 'Object Repository/Dashboard_Widgets/Dashboard_QTD_CPS_Attainment/span_QTD CPS Attainment' is hovered

2018-11-27 13:18:04 - [TEST_STEP][PASSED] - verifyElementText: Actual text and expected text of test object 'Object Repository/Dashboard_Widgets/Dashboard_QTD_CPS_Attainment/span_QTD CPS Attainment' are matched.

2018-11-27 13:18:04 - [MESSAGE][PASSED] - Actual text and expected text of test object 'Object Repository/Dashboard_Widgets/Dashboard_QTD_CPS_Attainment/span_QTD CPS Attainment' are matched.

2018-11-27 13:18:04 - [TEST_STEP][PASSED] - verifyEqual: Actual object '0.00%' and expected object '0.00%' are equal

2018-11-27 13:18:04 - [MESSAGE][PASSED] - Text of object 'Object Repository/Dashboard_Widgets/Dashboard_QTD_CPS_Attainment/QTD_CPS_attainment_value' is: '0.00%'

2018-11-27 13:18:04 - [MESSAGE][PASSED] - Actual object '0.00%' and expected object '0.00%' are equal]]></system-out>
         <system-err><![CDATA[]]></system-err>
      </testcase>
      <testcase name="Test Cases/Dashboard_Lenovo/Dashboard_widgets/Dashboard_Myprofile" classname="Test Cases/Dashboard_Lenovo/Dashboard_widgets/Dashboard_Myprofile" status="FAILED">
         <failure type="FAILED" message="(Stack trace: com.kms.katalon.core.exception.StepFailedException: Verify element text of test object 'Object Repository/Dashboard_Widgets/Dashboard_MyProfile/span_My Profile' FAILED. (Root cause: Actual text 'My Profile' and expected text 'Myprofile' of test object 'Object Repository/Dashboard_Widgets/Dashboard_MyProfile/span_My Profile' are NOT matched.)
	at com.kms.katalon.core.keyword.internal.KeywordMain.stepFailed(KeywordMain.groovy:36)
	at com.kms.katalon.core.webui.keyword.internal.WebUIKeywordMain.stepFailed(WebUIKeywordMain.groovy:65)
	at com.kms.katalon.core.webui.keyword.internal.WebUIKeywordMain.runKeyword(WebUIKeywordMain.groovy:27)
	at com.kms.katalon.core.webui.keyword.builtin.VerifyElementTextKeyword.verifyElementText(VerifyElementTextKeyword.groovy:72)
	at com.kms.katalon.core.webui.keyword.builtin.VerifyElementTextKeyword.execute(VerifyElementTextKeyword.groovy:40)
	at com.kms.katalon.core.keyword.internal.KeywordExecutor.executeKeywordForPlatform(KeywordExecutor.groovy:53)
	at com.kms.katalon.core.webui.keyword.WebUiBuiltInKeywords.verifyElementText(WebUiBuiltInKeywords.groovy:3663)
	at com.kms.katalon.core.webui.keyword.WebUiBuiltInKeywords$verifyElementText$8.call(Unknown Source)
	at org.codehaus.groovy.runtime.callsite.CallSiteArray.defaultCall(CallSiteArray.java:48)
	at org.codehaus.groovy.runtime.callsite.AbstractCallSite.call(AbstractCallSite.java:113)
	at org.codehaus.groovy.runtime.callsite.AbstractCallSite.call(AbstractCallSite.java:133)
	at Script1542621766165.run(Script1542621766165.groovy:18)
	at com.kms.katalon.core.main.ScriptEngine.run(ScriptEngine.java:183)
	at com.kms.katalon.core.main.ScriptEngine.runScriptAsRawText(ScriptEngine.java:108)
	at com.kms.katalon.core.main.TestCaseExecutor.runScript(TestCaseExecutor.java:294)
	at com.kms.katalon.core.main.TestCaseExecutor.doExecute(TestCaseExecutor.java:285)
	at com.kms.katalon.core.main.TestCaseExecutor.processExecutionPhase(TestCaseExecutor.java:264)
	at com.kms.katalon.core.main.TestCaseExecutor.accessMainPhase(TestCaseExecutor.java:256)
	at com.kms.katalon.core.main.TestCaseExecutor.execute(TestCaseExecutor.java:200)
	at com.kms.katalon.core.main.TestSuiteExecutor.accessTestCaseMainPhase(TestSuiteExecutor.java:129)
	at com.kms.katalon.core.main.TestSuiteExecutor.accessTestSuiteMainPhase(TestSuiteExecutor.java:112)
	at com.kms.katalon.core.main.TestSuiteExecutor.execute(TestSuiteExecutor.java:81)
	at com.kms.katalon.core.main.TestCaseMain.startTestSuite(TestCaseMain.java:142)
	at com.kms.katalon.core.main.TestCaseMain$startTestSuite$0.call(Unknown Source)
	at org.codehaus.groovy.runtime.callsite.CallSiteArray.defaultCall(CallSiteArray.java:48)
	at org.codehaus.groovy.runtime.callsite.AbstractCallSite.call(AbstractCallSite.java:113)
	at org.codehaus.groovy.runtime.callsite.AbstractCallSite.call(AbstractCallSite.java:141)
	at TempTestSuite1543304751529.run(TempTestSuite1543304751529.groovy:36)
	at groovy.lang.GroovyShell.runScriptOrMainOrTestOrRunnable(GroovyShell.java:263)
	at groovy.lang.GroovyShell.run(GroovyShell.java:518)
	at groovy.lang.GroovyShell.run(GroovyShell.java:507)
	at groovy.ui.GroovyMain.processOnce(GroovyMain.java:653)
	at groovy.ui.GroovyMain.run(GroovyMain.java:384)
	at groovy.ui.GroovyMain.process(GroovyMain.java:370)
	at groovy.ui.GroovyMain.processArgs(GroovyMain.java:129)
	at groovy.ui.GroovyMain.main(GroovyMain.java:109)
	at sun.reflect.NativeMethodAccessorImpl.invoke0(Native Method)
	at sun.reflect.NativeMethodAccessorImpl.invoke(NativeMethodAccessorImpl.java:62)
	at sun.reflect.DelegatingMethodAccessorImpl.invoke(DelegatingMethodAccessorImpl.java:43)
	at java.lang.reflect.Method.invoke(Method.java:498)
	at org.codehaus.groovy.tools.GroovyStarter.rootLoader(GroovyStarter.java:109)
	at org.codehaus.groovy.tools.GroovyStarter.main(GroovyStarter.java:131)
)"/>
         <system-out><![CDATA[2018-11-27 13:18:04 - [TEST_CASE][FAILED] - Test Cases/Dashboard_Lenovo/Dashboard_widgets/Dashboard_Myprofile: Test Cases/Dashboard_Lenovo/Dashboard_widgets/Dashboard_Myprofile FAILED because (of) (Stack trace: com.kms.katalon.core.exception.StepFailedException: Verify element text of test object 'Object Repository/Dashboard_Widgets/Dashboard_MyProfile/span_My Profile' FAILED. (Root cause: Actual text 'My Profile' and expected text 'Myprofile' of test object 'Object Repository/Dashboard_Widgets/Dashboard_MyProfile/span_My Profile' are NOT matched.)
	at com.kms.katalon.core.keyword.internal.KeywordMain.stepFailed(KeywordMain.groovy:36)
	at com.kms.katalon.core.webui.keyword.internal.WebUIKeywordMain.stepFailed(WebUIKeywordMain.groovy:65)
	at com.kms.katalon.core.webui.keyword.internal.WebUIKeywordMain.runKeyword(WebUIKeywordMain.groovy:27)
	at com.kms.katalon.core.webui.keyword.builtin.VerifyElementTextKeyword.verifyElementText(VerifyElementTextKeyword.groovy:72)
	at com.kms.katalon.core.webui.keyword.builtin.VerifyElementTextKeyword.execute(VerifyElementTextKeyword.groovy:40)
	at com.kms.katalon.core.keyword.internal.KeywordExecutor.executeKeywordForPlatform(KeywordExecutor.groovy:53)
	at com.kms.katalon.core.webui.keyword.WebUiBuiltInKeywords.verifyElementText(WebUiBuiltInKeywords.groovy:3663)
	at com.kms.katalon.core.webui.keyword.WebUiBuiltInKeywords$verifyElementText$8.call(Unknown Source)
	at org.codehaus.groovy.runtime.callsite.CallSiteArray.defaultCall(CallSiteArray.java:48)
	at org.codehaus.groovy.runtime.callsite.AbstractCallSite.call(AbstractCallSite.java:113)
	at org.codehaus.groovy.runtime.callsite.AbstractCallSite.call(AbstractCallSite.java:133)
	at Script1542621766165.run(Script1542621766165.groovy:18)
	at com.kms.katalon.core.main.ScriptEngine.run(ScriptEngine.java:183)
	at com.kms.katalon.core.main.ScriptEngine.runScriptAsRawText(ScriptEngine.java:108)
	at com.kms.katalon.core.main.TestCaseExecutor.runScript(TestCaseExecutor.java:294)
	at com.kms.katalon.core.main.TestCaseExecutor.doExecute(TestCaseExecutor.java:285)
	at com.kms.katalon.core.main.TestCaseExecutor.processExecutionPhase(TestCaseExecutor.java:264)
	at com.kms.katalon.core.main.TestCaseExecutor.accessMainPhase(TestCaseExecutor.java:256)
	at com.kms.katalon.core.main.TestCaseExecutor.execute(TestCaseExecutor.java:200)
	at com.kms.katalon.core.main.TestSuiteExecutor.accessTestCaseMainPhase(TestSuiteExecutor.java:129)
	at com.kms.katalon.core.main.TestSuiteExecutor.accessTestSuiteMainPhase(TestSuiteExecutor.java:112)
	at com.kms.katalon.core.main.TestSuiteExecutor.execute(TestSuiteExecutor.java:81)
	at com.kms.katalon.core.main.TestCaseMain.startTestSuite(TestCaseMain.java:142)
	at com.kms.katalon.core.main.TestCaseMain$startTestSuite$0.call(Unknown Source)
	at org.codehaus.groovy.runtime.callsite.CallSiteArray.defaultCall(CallSiteArray.java:48)
	at org.codehaus.groovy.runtime.callsite.AbstractCallSite.call(AbstractCallSite.java:113)
	at org.codehaus.groovy.runtime.callsite.AbstractCallSite.call(AbstractCallSite.java:141)
	at TempTestSuite1543304751529.run(TempTestSuite1543304751529.groovy:36)
	at groovy.lang.GroovyShell.runScriptOrMainOrTestOrRunnable(GroovyShell.java:263)
	at groovy.lang.GroovyShell.run(GroovyShell.java:518)
	at groovy.lang.GroovyShell.run(GroovyShell.java:507)
	at groovy.ui.GroovyMain.processOnce(GroovyMain.java:653)
	at groovy.ui.GroovyMain.run(GroovyMain.java:384)
	at groovy.ui.GroovyMain.process(GroovyMain.java:370)
	at groovy.ui.GroovyMain.processArgs(GroovyMain.java:129)
	at groovy.ui.GroovyMain.main(GroovyMain.java:109)
	at sun.reflect.NativeMethodAccessorImpl.invoke0(Native Method)
	at sun.reflect.NativeMethodAccessorImpl.invoke(NativeMethodAccessorImpl.java:62)
	at sun.reflect.DelegatingMethodAccessorImpl.invoke(DelegatingMethodAccessorImpl.java:43)
	at java.lang.reflect.Method.invoke(Method.java:498)
	at org.codehaus.groovy.tools.GroovyStarter.rootLoader(GroovyStarter.java:109)
	at org.codehaus.groovy.tools.GroovyStarter.main(GroovyStarter.java:131)
)

2018-11-27 13:18:04 - [TEST_STEP][PASSED] - mouseOver: Object: 'Object Repository/Dashboard_Widgets/Dashboard_MyProfile/span_My Profile' is hovered

2018-11-27 13:18:04 - [MESSAGE][PASSED] - Object: 'Object Repository/Dashboard_Widgets/Dashboard_MyProfile/span_My Profile' is hovered

2018-11-27 13:18:04 - [TEST_STEP][FAILED] - verifyElementText: Verify element text of test object 'Object Repository/Dashboard_Widgets/Dashboard_MyProfile/span_My Profile' FAILED. (Root cause: Actual text 'My Profile' and expected text 'Myprofile' of test object 'Object Repository/Dashboard_Widgets/Dashboard_MyProfile/span_My Profile' are NOT matched.)

2018-11-27 13:18:05 - [MESSAGE][FAILED] - Actual text 'My Profile' and expected text 'Myprofile' of test object 'Object Repository/Dashboard_Widgets/Dashboard_MyProfile/span_My Profile' are NOT matched.
[[ATTACHMENT|C:\\Users\\rkulkarn\\git\\Dashboard\\Reports\\Gauranteeplan1\\20181127_131551\\1543304885032.png]]

2018-11-27 13:18:05 - [MESSAGE][FAILED] - Verify element text of test object 'Object Repository/Dashboard_Widgets/Dashboard_MyProfile/span_My Profile' FAILED. (Root cause: Actual text 'My Profile' and expected text 'Myprofile' of test object 'Object Repository/Dashboard_Widgets/Dashboard_MyProfile/span_My Profile' are NOT matched.)
[[ATTACHMENT|C:\\Users\\rkulkarn\\git\\Dashboard\\Reports\\Gauranteeplan1\\20181127_131551\\1543304885454.png]]]]></system-out>
         <system-err><![CDATA[2018-11-27 13:18:04 - [TEST_CASE][FAILED] - Test Cases/Dashboard_Lenovo/Dashboard_widgets/Dashboard_Myprofile: Test Cases/Dashboard_Lenovo/Dashboard_widgets/Dashboard_Myprofile FAILED because (of) (Stack trace: com.kms.katalon.core.exception.StepFailedException: Verify element text of test object 'Object Repository/Dashboard_Widgets/Dashboard_MyProfile/span_My Profile' FAILED. (Root cause: Actual text 'My Profile' and expected text 'Myprofile' of test object 'Object Repository/Dashboard_Widgets/Dashboard_MyProfile/span_My Profile' are NOT matched.)
	at com.kms.katalon.core.keyword.internal.KeywordMain.stepFailed(KeywordMain.groovy:36)
	at com.kms.katalon.core.webui.keyword.internal.WebUIKeywordMain.stepFailed(WebUIKeywordMain.groovy:65)
	at com.kms.katalon.core.webui.keyword.internal.WebUIKeywordMain.runKeyword(WebUIKeywordMain.groovy:27)
	at com.kms.katalon.core.webui.keyword.builtin.VerifyElementTextKeyword.verifyElementText(VerifyElementTextKeyword.groovy:72)
	at com.kms.katalon.core.webui.keyword.builtin.VerifyElementTextKeyword.execute(VerifyElementTextKeyword.groovy:40)
	at com.kms.katalon.core.keyword.internal.KeywordExecutor.executeKeywordForPlatform(KeywordExecutor.groovy:53)
	at com.kms.katalon.core.webui.keyword.WebUiBuiltInKeywords.verifyElementText(WebUiBuiltInKeywords.groovy:3663)
	at com.kms.katalon.core.webui.keyword.WebUiBuiltInKeywords$verifyElementText$8.call(Unknown Source)
	at org.codehaus.groovy.runtime.callsite.CallSiteArray.defaultCall(CallSiteArray.java:48)
	at org.codehaus.groovy.runtime.callsite.AbstractCallSite.call(AbstractCallSite.java:113)
	at org.codehaus.groovy.runtime.callsite.AbstractCallSite.call(AbstractCallSite.java:133)
	at Script1542621766165.run(Script1542621766165.groovy:18)
	at com.kms.katalon.core.main.ScriptEngine.run(ScriptEngine.java:183)
	at com.kms.katalon.core.main.ScriptEngine.runScriptAsRawText(ScriptEngine.java:108)
	at com.kms.katalon.core.main.TestCaseExecutor.runScript(TestCaseExecutor.java:294)
	at com.kms.katalon.core.main.TestCaseExecutor.doExecute(TestCaseExecutor.java:285)
	at com.kms.katalon.core.main.TestCaseExecutor.processExecutionPhase(TestCaseExecutor.java:264)
	at com.kms.katalon.core.main.TestCaseExecutor.accessMainPhase(TestCaseExecutor.java:256)
	at com.kms.katalon.core.main.TestCaseExecutor.execute(TestCaseExecutor.java:200)
	at com.kms.katalon.core.main.TestSuiteExecutor.accessTestCaseMainPhase(TestSuiteExecutor.java:129)
	at com.kms.katalon.core.main.TestSuiteExecutor.accessTestSuiteMainPhase(TestSuiteExecutor.java:112)
	at com.kms.katalon.core.main.TestSuiteExecutor.execute(TestSuiteExecutor.java:81)
	at com.kms.katalon.core.main.TestCaseMain.startTestSuite(TestCaseMain.java:142)
	at com.kms.katalon.core.main.TestCaseMain$startTestSuite$0.call(Unknown Source)
	at org.codehaus.groovy.runtime.callsite.CallSiteArray.defaultCall(CallSiteArray.java:48)
	at org.codehaus.groovy.runtime.callsite.AbstractCallSite.call(AbstractCallSite.java:113)
	at org.codehaus.groovy.runtime.callsite.AbstractCallSite.call(AbstractCallSite.java:141)
	at TempTestSuite1543304751529.run(TempTestSuite1543304751529.groovy:36)
	at groovy.lang.GroovyShell.runScriptOrMainOrTestOrRunnable(GroovyShell.java:263)
	at groovy.lang.GroovyShell.run(GroovyShell.java:518)
	at groovy.lang.GroovyShell.run(GroovyShell.java:507)
	at groovy.ui.GroovyMain.processOnce(GroovyMain.java:653)
	at groovy.ui.GroovyMain.run(GroovyMain.java:384)
	at groovy.ui.GroovyMain.process(GroovyMain.java:370)
	at groovy.ui.GroovyMain.processArgs(GroovyMain.java:129)
	at groovy.ui.GroovyMain.main(GroovyMain.java:109)
	at sun.reflect.NativeMethodAccessorImpl.invoke0(Native Method)
	at sun.reflect.NativeMethodAccessorImpl.invoke(NativeMethodAccessorImpl.java:62)
	at sun.reflect.DelegatingMethodAccessorImpl.invoke(DelegatingMethodAccessorImpl.java:43)
	at java.lang.reflect.Method.invoke(Method.java:498)
	at org.codehaus.groovy.tools.GroovyStarter.rootLoader(GroovyStarter.java:109)
	at org.codehaus.groovy.tools.GroovyStarter.main(GroovyStarter.java:131)
)]]></system-err>
      </testcase>
      <testcase name="Test Cases/Dashboard_Lenovo/Dashboard_widgets/Dashboard_Percent_of_TI" classname="Test Cases/Dashboard_Lenovo/Dashboard_widgets/Dashboard_Percent_of_TI" status="PASSED">
         <system-out><![CDATA[2018-11-27 13:18:05 - [TEST_CASE][PASSED] - Test Cases/Dashboard_Lenovo/Dashboard_widgets/Dashboard_Percent_of_TI: Test Cases/Dashboard_Lenovo/Dashboard_widgets/Dashboard_Percent_of_TI

2018-11-27 13:18:06 - [TEST_STEP][PASSED] - mouseOver: Object: 'Object Repository/Dashboard_Widgets/Dashboard_Percent_of_TI/span_Percent of TI' is hovered

2018-11-27 13:18:06 - [MESSAGE][PASSED] - Object: 'Object Repository/Dashboard_Widgets/Dashboard_Percent_of_TI/span_Percent of TI' is hovered

2018-11-27 13:18:06 - [TEST_STEP][PASSED] - verifyElementText: Actual text and expected text of test object 'Object Repository/Dashboard_Widgets/Dashboard_Percent_of_TI/span_Percent of TI' are matched.

2018-11-27 13:18:06 - [MESSAGE][PASSED] - Actual text and expected text of test object 'Object Repository/Dashboard_Widgets/Dashboard_Percent_of_TI/span_Percent of TI' are matched.

2018-11-27 13:18:06 - [TEST_STEP][PASSED] - verifyEqual: Actual object '0.00%' and expected object '0.00%' are equal

2018-11-27 13:18:06 - [MESSAGE][PASSED] - Text of object 'Object Repository/Dashboard_Widgets/Dashboard_Percent_of_TI/Percent_of_TI_value' is: '0.00%'

2018-11-27 13:18:06 - [MESSAGE][PASSED] - Actual object '0.00%' and expected object '0.00%' are equal

2018-11-27 13:18:06 - [TEST_STEP][PASSED] - verifyEqual: Actual object '117,472.75' and expected object '117,472.75' are equal

2018-11-27 13:18:06 - [MESSAGE][PASSED] - Text of object 'Object Repository/Dashboard_Widgets/Dashboard_Percent_of_TI/Target_value' is: '117,472.75'

2018-11-27 13:18:06 - [MESSAGE][PASSED] - Actual object '117,472.75' and expected object '117,472.75' are equal

2018-11-27 13:18:06 - [TEST_STEP][PASSED] - verifyEqual: Actual object '0.00' and expected object '0' are equal

2018-11-27 13:18:06 - [MESSAGE][PASSED] - Text of object 'Object Repository/Dashboard_Widgets/Dashboard_Percent_of_TI/Achivement_val' is: '0.00'

2018-11-27 13:18:06 - [MESSAGE][PASSED] - Actual object '0.00' and expected object '0' are equal]]></system-out>
         <system-err><![CDATA[]]></system-err>
      </testcase>
      <testcase name="Test Cases/Dashboard_Lenovo/Dashboard_widgets/Dashboard_Element_1_Attainment" classname="Test Cases/Dashboard_Lenovo/Dashboard_widgets/Dashboard_Element_1_Attainment" status="PASSED">
         <system-out><![CDATA[2018-11-27 13:18:06 - [TEST_CASE][PASSED] - Test Cases/Dashboard_Lenovo/Dashboard_widgets/Dashboard_Element_1_Attainment: Test Cases/Dashboard_Lenovo/Dashboard_widgets/Dashboard_Element_1_Attainment

2018-11-27 13:18:07 - [TEST_STEP][PASSED] - mouseOver: Object: 'Object Repository/Dashboard_Widgets/Dashboard_Element_1_Attainment/span_Element 1 Attainment' is hovered

2018-11-27 13:18:07 - [MESSAGE][PASSED] - Object: 'Object Repository/Dashboard_Widgets/Dashboard_Element_1_Attainment/span_Element 1 Attainment' is hovered

2018-11-27 13:18:07 - [TEST_STEP][PASSED] - verifyElementText: Actual text and expected text of test object 'Object Repository/Dashboard_Widgets/Dashboard_Element_1_Attainment/span_Element 1 Attainment' are matched.

2018-11-27 13:18:07 - [MESSAGE][PASSED] - Actual text and expected text of test object 'Object Repository/Dashboard_Widgets/Dashboard_Element_1_Attainment/span_Element 1 Attainment' are matched.

2018-11-27 13:18:07 - [TEST_STEP][PASSED] - verifyEqual: Actual object '0.00%' and expected object '0.00%' are equal

2018-11-27 13:18:07 - [MESSAGE][PASSED] - Text of object 'Object Repository/Dashboard_Widgets/Dashboard_Element_1_Attainment/Element1_val' is: '0.00%'

2018-11-27 13:18:07 - [MESSAGE][PASSED] - Actual object '0.00%' and expected object '0.00%' are equal

2018-11-27 13:18:07 - [TEST_STEP][PASSED] - verifyEqual: Actual object '' and expected object '' are equal

2018-11-27 13:18:07 - [MESSAGE][PASSED] - Text of object 'Object Repository/Dashboard_Widgets/Dashboard_Element_1_Attainment/Quota_val' is: ''

2018-11-27 13:18:07 - [MESSAGE][PASSED] - Actual object '' and expected object '' are equal

2018-11-27 13:18:07 - [TEST_STEP][PASSED] - verifyEqual: Actual object '' and expected object '' are equal

2018-11-27 13:18:07 - [MESSAGE][PASSED] - Text of object 'Object Repository/Dashboard_Widgets/Dashboard_Element_1_Attainment/Attainment_val' is: ''

2018-11-27 13:18:07 - [MESSAGE][PASSED] - Actual object '' and expected object '' are equal]]></system-out>
         <system-err><![CDATA[]]></system-err>
      </testcase>
      <testcase name="Test Cases/Dashboard_Lenovo/Dashboard_widgets/Dashboard_attainment and quota/Dashboard_QTD_CPSandELEMENT1DATA" classname="Test Cases/Dashboard_Lenovo/Dashboard_widgets/Dashboard_attainment and quota/Dashboard_QTD_CPSandELEMENT1DATA" status="PASSED">
         <system-out><![CDATA[2018-11-27 13:18:07 - [TEST_CASE][PASSED] - Test Cases/Dashboard_Lenovo/Dashboard_widgets/Dashboard_attainment and quota/Dashboard_QTD_CPSandELEMENT1DATA: Test Cases/Dashboard_Lenovo/Dashboard_widgets/Dashboard_attainment and quota/Dashboard_QTD_CPSandELEMENT1DATA

2018-11-27 13:18:08 - [TEST_STEP][PASSED] - mouseOver: Object: 'Object Repository/Dashboard_Widgets/Dashboard_Attainment_and_quota_by _Quarter/Attainment and Quota by Q' is hovered

2018-11-27 13:18:08 - [MESSAGE][PASSED] - Object: 'Object Repository/Dashboard_Widgets/Dashboard_Attainment_and_quota_by _Quarter/Attainment and Quota by Q' is hovered

2018-11-27 13:18:08 - [TEST_STEP][PASSED] - verifyElementText: Actual text and expected text of test object 'Object Repository/Dashboard_Widgets/Dashboard_Attainment_and_quota_by _Quarter/Attainment and Quota by Q' are matched.

2018-11-27 13:18:08 - [MESSAGE][PASSED] - Actual text and expected text of test object 'Object Repository/Dashboard_Widgets/Dashboard_Attainment_and_quota_by _Quarter/Attainment and Quota by Q' are matched.

2018-11-27 13:18:08 - [TEST_STEP][PASSED] - verifyEqual: Actual object '1Q19' and expected object '1Q19' are equal

2018-11-27 13:18:08 - [MESSAGE][PASSED] - Text of object 'Object Repository/Dashboard_Widgets/Dashboard_Attainment_and_quota_by _Quarter/YearlyPeriods' is: '1Q19'

2018-11-27 13:18:08 - [MESSAGE][PASSED] - Actual object '1Q19' and expected object '1Q19' are equal

2018-11-27 13:18:08 - [TEST_STEP][PASSED] - verifyEqual: Actual object 'QTD CPS' and expected object 'QTD CPS' are equal

2018-11-27 13:18:08 - [MESSAGE][PASSED] - Text of object 'Object Repository/Dashboard_Widgets/Dashboard_Attainment_and_quota_by _Quarter/td_QTD CPS' is: 'QTD CPS'

2018-11-27 13:18:08 - [MESSAGE][PASSED] - Actual object 'QTD CPS' and expected object 'QTD CPS' are equal

2018-11-27 13:18:08 - [TEST_STEP][PASSED] - verifyEqual: Actual object '0.00%' and expected object '0.00%' are equal

2018-11-27 13:18:08 - [MESSAGE][PASSED] - Text of object 'Object Repository/Dashboard_Widgets/Dashboard_Attainment_and_quota_by _Quarter/Qtd cps' is: '0.00%'

2018-11-27 13:18:08 - [MESSAGE][PASSED] - Actual object '0.00%' and expected object '0.00%' are equal

2018-11-27 13:18:08 - [TEST_STEP][PASSED] - verifyEqual: Actual object 'Element 1 Quota' and expected object 'Element 1 Quota' are equal

2018-11-27 13:18:08 - [MESSAGE][PASSED] - Text of object 'Object Repository/Dashboard_Widgets/Dashboard_Attainment_and_quota_by _Quarter/td_Element 1 Quota' is: 'Element 1 Quota'

2018-11-27 13:18:08 - [MESSAGE][PASSED] - Actual object 'Element 1 Quota' and expected object 'Element 1 Quota' are equal

2018-11-27 13:18:08 - [TEST_STEP][PASSED] - verifyEqual: Actual object '0.00' and expected object '0' are equal

2018-11-27 13:18:08 - [MESSAGE][PASSED] - Text of object 'Object Repository/Dashboard_Widgets/Dashboard_Attainment_and_quota_by _Quarter/Element Quota' is: '0.00'

2018-11-27 13:18:08 - [MESSAGE][PASSED] - Actual object '0.00' and expected object '0' are equal

2018-11-27 13:18:08 - [TEST_STEP][PASSED] - verifyEqual: Actual object 'Element 1 Attainment' and expected object 'Element 1 Attainment' are equal

2018-11-27 13:18:08 - [MESSAGE][PASSED] - Text of object 'Object Repository/Dashboard_Widgets/Dashboard_Attainment_and_quota_by _Quarter/td_Element 1 Attainment' is: 'Element 1 Attainment'

2018-11-27 13:18:08 - [MESSAGE][PASSED] - Actual object 'Element 1 Attainment' and expected object 'Element 1 Attainment' are equal

2018-11-27 13:18:08 - [TEST_STEP][PASSED] - verifyEqual: Actual object '0.00' and expected object '0' are equal

2018-11-27 13:18:08 - [MESSAGE][PASSED] - Text of object 'Object Repository/Dashboard_Widgets/Dashboard_Attainment_and_quota_by _Quarter/Element1 Attainment' is: '0.00'

2018-11-27 13:18:08 - [MESSAGE][PASSED] - Actual object '0.00' and expected object '0' are equal

2018-11-27 13:18:08 - [TEST_STEP][PASSED] - verifyEqual: Actual object 'Element 1 Attainment %' and expected object 'Element 1 Attainment %' are equal

2018-11-27 13:18:08 - [MESSAGE][PASSED] - Text of object 'Object Repository/Dashboard_Widgets/Dashboard_Attainment_and_quota_by _Quarter/td_Element 1 AttainmentPercentage' is: 'Element 1 Attainment %'

2018-11-27 13:18:08 - [MESSAGE][PASSED] - Actual object 'Element 1 Attainment %' and expected object 'Element 1 Attainment %' are equal

2018-11-27 13:18:08 - [TEST_STEP][PASSED] - verifyEqual: Actual object '0.00%' and expected object '0.00%' are equal

2018-11-27 13:18:08 - [MESSAGE][PASSED] - Text of object 'Object Repository/Dashboard_Widgets/Dashboard_Attainment_and_quota_by _Quarter/Percentage of Element1 attainment' is: '0.00%'

2018-11-27 13:18:08 - [MESSAGE][PASSED] - Actual object '0.00%' and expected object '0.00%' are equal]]></system-out>
         <system-err><![CDATA[]]></system-err>
      </testcase>
      <testcase name="Test Cases/Dashboard_Lenovo/Dashboard_widgets/Dashobard_currentyearpayments" classname="Test Cases/Dashboard_Lenovo/Dashboard_widgets/Dashobard_currentyearpayments" status="PASSED">
         <system-out><![CDATA[2018-11-27 13:18:08 - [TEST_CASE][PASSED] - Test Cases/Dashboard_Lenovo/Dashboard_widgets/Dashobard_currentyearpayments: Test Cases/Dashboard_Lenovo/Dashboard_widgets/Dashobard_currentyearpayments

2018-11-27 13:18:09 - [TEST_STEP][PASSED] - mouseOver: Object: 'Object Repository/Dashboard_Widgets/Dashbaoard_currentyearpayments/Current_YearPayments' is hovered

2018-11-27 13:18:09 - [MESSAGE][PASSED] - Object: 'Object Repository/Dashboard_Widgets/Dashbaoard_currentyearpayments/Current_YearPayments' is hovered

2018-11-27 13:18:09 - [TEST_STEP][PASSED] - verifyElementText: Actual text and expected text of test object 'Object Repository/Dashboard_Widgets/Dashbaoard_currentyearpayments/Current_YearPayments' are matched.

2018-11-27 13:18:09 - [MESSAGE][PASSED] - Actual text and expected text of test object 'Object Repository/Dashboard_Widgets/Dashbaoard_currentyearpayments/Current_YearPayments' are matched.]]></system-out>
         <system-err><![CDATA[]]></system-err>
      </testcase>
      <system-out><![CDATA[2018-11-27 13:15:57 - [TEST_SUITE][FAILED] - Gauranteeplan1: Test Cases/Dashboard_Lenovo/Dashboard_widgets/Dashboard_Myprofile FAILED because (of) (Stack trace: com.kms.katalon.core.exception.StepFailedException: Verify element text of test object 'Object Repository/Dashboard_Widgets/Dashboard_MyProfile/span_My Profile' FAILED. (Root cause: Actual text 'My Profile' and expected text 'Myprofile' of test object 'Object Repository/Dashboard_Widgets/Dashboard_MyProfile/span_My Profile' are NOT matched.)
	at com.kms.katalon.core.keyword.internal.KeywordMain.stepFailed(KeywordMain.groovy:36)
	at com.kms.katalon.core.webui.keyword.internal.WebUIKeywordMain.stepFailed(WebUIKeywordMain.groovy:65)
	at com.kms.katalon.core.webui.keyword.internal.WebUIKeywordMain.runKeyword(WebUIKeywordMain.groovy:27)
	at com.kms.katalon.core.webui.keyword.builtin.VerifyElementTextKeyword.verifyElementText(VerifyElementTextKeyword.groovy:72)
	at com.kms.katalon.core.webui.keyword.builtin.VerifyElementTextKeyword.execute(VerifyElementTextKeyword.groovy:40)
	at com.kms.katalon.core.keyword.internal.KeywordExecutor.executeKeywordForPlatform(KeywordExecutor.groovy:53)
	at com.kms.katalon.core.webui.keyword.WebUiBuiltInKeywords.verifyElementText(WebUiBuiltInKeywords.groovy:3663)
	at com.kms.katalon.core.webui.keyword.WebUiBuiltInKeywords$verifyElementText$8.call(Unknown Source)
	at org.codehaus.groovy.runtime.callsite.CallSiteArray.defaultCall(CallSiteArray.java:48)
	at org.codehaus.groovy.runtime.callsite.AbstractCallSite.call(AbstractCallSite.java:113)
	at org.codehaus.groovy.runtime.callsite.AbstractCallSite.call(AbstractCallSite.java:133)
	at Script1542621766165.run(Script1542621766165.groovy:18)
	at com.kms.katalon.core.main.ScriptEngine.run(ScriptEngine.java:183)
	at com.kms.katalon.core.main.ScriptEngine.runScriptAsRawText(ScriptEngine.java:108)
	at com.kms.katalon.core.main.TestCaseExecutor.runScript(TestCaseExecutor.java:294)
	at com.kms.katalon.core.main.TestCaseExecutor.doExecute(TestCaseExecutor.java:285)
	at com.kms.katalon.core.main.TestCaseExecutor.processExecutionPhase(TestCaseExecutor.java:264)
	at com.kms.katalon.core.main.TestCaseExecutor.accessMainPhase(TestCaseExecutor.java:256)
	at com.kms.katalon.core.main.TestCaseExecutor.execute(TestCaseExecutor.java:200)
	at com.kms.katalon.core.main.TestSuiteExecutor.accessTestCaseMainPhase(TestSuiteExecutor.java:129)
	at com.kms.katalon.core.main.TestSuiteExecutor.accessTestSuiteMainPhase(TestSuiteExecutor.java:112)
	at com.kms.katalon.core.main.TestSuiteExecutor.execute(TestSuiteExecutor.java:81)
	at com.kms.katalon.core.main.TestCaseMain.startTestSuite(TestCaseMain.java:142)
	at com.kms.katalon.core.main.TestCaseMain$startTestSuite$0.call(Unknown Source)
	at org.codehaus.groovy.runtime.callsite.CallSiteArray.defaultCall(CallSiteArray.java:48)
	at org.codehaus.groovy.runtime.callsite.AbstractCallSite.call(AbstractCallSite.java:113)
	at org.codehaus.groovy.runtime.callsite.AbstractCallSite.call(AbstractCallSite.java:141)
	at TempTestSuite1543304751529.run(TempTestSuite1543304751529.groovy:36)
	at groovy.lang.GroovyShell.runScriptOrMainOrTestOrRunnable(GroovyShell.java:263)
	at groovy.lang.GroovyShell.run(GroovyShell.java:518)
	at groovy.lang.GroovyShell.run(GroovyShell.java:507)
	at groovy.ui.GroovyMain.processOnce(GroovyMain.java:653)
	at groovy.ui.GroovyMain.run(GroovyMain.java:384)
	at groovy.ui.GroovyMain.process(GroovyMain.java:370)
	at groovy.ui.GroovyMain.processArgs(GroovyMain.java:129)
	at groovy.ui.GroovyMain.main(GroovyMain.java:109)
	at sun.reflect.NativeMethodAccessorImpl.invoke0(Native Method)
	at sun.reflect.NativeMethodAccessorImpl.invoke(NativeMethodAccessorImpl.java:62)
	at sun.reflect.DelegatingMethodAccessorImpl.invoke(DelegatingMethodAccessorImpl.java:43)
	at java.lang.reflect.Method.invoke(Method.java:498)
	at org.codehaus.groovy.tools.GroovyStarter.rootLoader(GroovyStarter.java:109)
	at org.codehaus.groovy.tools.GroovyStarter.main(GroovyStarter.java:131)
)]]></system-out>
      <system-err><![CDATA[2018-11-27 13:15:57 - [TEST_SUITE][FAILED] - Gauranteeplan1: Test Cases/Dashboard_Lenovo/Dashboard_widgets/Dashboard_Myprofile FAILED because (of) (Stack trace: com.kms.katalon.core.exception.StepFailedException: Verify element text of test object 'Object Repository/Dashboard_Widgets/Dashboard_MyProfile/span_My Profile' FAILED. (Root cause: Actual text 'My Profile' and expected text 'Myprofile' of test object 'Object Repository/Dashboard_Widgets/Dashboard_MyProfile/span_My Profile' are NOT matched.)
	at com.kms.katalon.core.keyword.internal.KeywordMain.stepFailed(KeywordMain.groovy:36)
	at com.kms.katalon.core.webui.keyword.internal.WebUIKeywordMain.stepFailed(WebUIKeywordMain.groovy:65)
	at com.kms.katalon.core.webui.keyword.internal.WebUIKeywordMain.runKeyword(WebUIKeywordMain.groovy:27)
	at com.kms.katalon.core.webui.keyword.builtin.VerifyElementTextKeyword.verifyElementText(VerifyElementTextKeyword.groovy:72)
	at com.kms.katalon.core.webui.keyword.builtin.VerifyElementTextKeyword.execute(VerifyElementTextKeyword.groovy:40)
	at com.kms.katalon.core.keyword.internal.KeywordExecutor.executeKeywordForPlatform(KeywordExecutor.groovy:53)
	at com.kms.katalon.core.webui.keyword.WebUiBuiltInKeywords.verifyElementText(WebUiBuiltInKeywords.groovy:3663)
	at com.kms.katalon.core.webui.keyword.WebUiBuiltInKeywords$verifyElementText$8.call(Unknown Source)
	at org.codehaus.groovy.runtime.callsite.CallSiteArray.defaultCall(CallSiteArray.java:48)
	at org.codehaus.groovy.runtime.callsite.AbstractCallSite.call(AbstractCallSite.java:113)
	at org.codehaus.groovy.runtime.callsite.AbstractCallSite.call(AbstractCallSite.java:133)
	at Script1542621766165.run(Script1542621766165.groovy:18)
	at com.kms.katalon.core.main.ScriptEngine.run(ScriptEngine.java:183)
	at com.kms.katalon.core.main.ScriptEngine.runScriptAsRawText(ScriptEngine.java:108)
	at com.kms.katalon.core.main.TestCaseExecutor.runScript(TestCaseExecutor.java:294)
	at com.kms.katalon.core.main.TestCaseExecutor.doExecute(TestCaseExecutor.java:285)
	at com.kms.katalon.core.main.TestCaseExecutor.processExecutionPhase(TestCaseExecutor.java:264)
	at com.kms.katalon.core.main.TestCaseExecutor.accessMainPhase(TestCaseExecutor.java:256)
	at com.kms.katalon.core.main.TestCaseExecutor.execute(TestCaseExecutor.java:200)
	at com.kms.katalon.core.main.TestSuiteExecutor.accessTestCaseMainPhase(TestSuiteExecutor.java:129)
	at com.kms.katalon.core.main.TestSuiteExecutor.accessTestSuiteMainPhase(TestSuiteExecutor.java:112)
	at com.kms.katalon.core.main.TestSuiteExecutor.execute(TestSuiteExecutor.java:81)
	at com.kms.katalon.core.main.TestCaseMain.startTestSuite(TestCaseMain.java:142)
	at com.kms.katalon.core.main.TestCaseMain$startTestSuite$0.call(Unknown Source)
	at org.codehaus.groovy.runtime.callsite.CallSiteArray.defaultCall(CallSiteArray.java:48)
	at org.codehaus.groovy.runtime.callsite.AbstractCallSite.call(AbstractCallSite.java:113)
	at org.codehaus.groovy.runtime.callsite.AbstractCallSite.call(AbstractCallSite.java:141)
	at TempTestSuite1543304751529.run(TempTestSuite1543304751529.groovy:36)
	at groovy.lang.GroovyShell.runScriptOrMainOrTestOrRunnable(GroovyShell.java:263)
	at groovy.lang.GroovyShell.run(GroovyShell.java:518)
	at groovy.lang.GroovyShell.run(GroovyShell.java:507)
	at groovy.ui.GroovyMain.processOnce(GroovyMain.java:653)
	at groovy.ui.GroovyMain.run(GroovyMain.java:384)
	at groovy.ui.GroovyMain.process(GroovyMain.java:370)
	at groovy.ui.GroovyMain.processArgs(GroovyMain.java:129)
	at groovy.ui.GroovyMain.main(GroovyMain.java:109)
	at sun.reflect.NativeMethodAccessorImpl.invoke0(Native Method)
	at sun.reflect.NativeMethodAccessorImpl.invoke(NativeMethodAccessorImpl.java:62)
	at sun.reflect.DelegatingMethodAccessorImpl.invoke(DelegatingMethodAccessorImpl.java:43)
	at java.lang.reflect.Method.invoke(Method.java:498)
	at org.codehaus.groovy.tools.GroovyStarter.rootLoader(GroovyStarter.java:109)
	at org.codehaus.groovy.tools.GroovyStarter.main(GroovyStarter.java:131)
)]]></system-err>
   </testsuite>
</testsuites>
